[W] 00000000 0 00 00000000
[W] 00000000 0 00 00000000
[W] 00000000 0 00 00000000
[W] 00000000 0 00 00000000
[W] 01000000 1 02 01000fd0
[W] 01000004 0 00 01000ffc
[W] 01000008 1 0f 01000000
[W] 0100000c 1 11 0000000c
[W] 01000010 1 0e 01000248
[W] 01000014 1 10 00000009
[W] 01000018 1 0e 01000248
[W] 0100001c 1 0a 00000004
[W] 01000020 1 0e 01000248
[W] 01000024 1 0b 00000063
[W] 01000028 1 0e 01000248
[W] 0100002c 1 0c 00000078
[W] 01000030 1 0e 01000248
[W] 01000034 1 0d 00000001
[W] 01000038 1 0e 01000248
[W] 0100003c 1 0e 00000003
[W] 01000040 1 0f 01000248
[W] 01000044 1 0f 0000000a
[W] 01000048 0 00 01000fd0
[W] 0100004c 0 00 01000fd4
[W] 01000050 0 00 01000fd8
[W] 01000054 0 00 01000fdc
[W] 01000058 0 00 01000fe0
[W] 0100005c 0 00 01000fe4
[W] 01000060 0 00 01000fe8
[W] 01000064 0 00 01000fec
[W] 01000068 1 0f 01000fd0
[W] 0100006c 1 0b 00000008
[W] 01000070 1 0a 01000fd0
[W] 01000074 1 01 01000078
[W] 01000078 1 00 01000fd0
[W] 00000000 1 00 00000000
[W] 01000098 1 02 01000fb0
[W] 0100009c 0 00 01000fbc
[W] 010000a0 0 00 01000fb8
[W] 010000a4 1 00 01000fd0
[W] 010000a4 0 00 01000fcc
[W] 010000a8 1 00 010000ac
[W] 010000ac 1 00 00000000
[W] 00000000 1 00 00000000
[W] 0100018c 1 0e 00000000
[W] 01000190 1 0f 00000008
[W] 01000194 1 00 00000003
[W] 01000194 1 00 00000003
[W] 01000194 1 00 00000000
[W] 01000194 0 00 010000ac
[W] 01000198 1 00 00000000
[W] 00000000 1 00 00000000
[W] 010000ac 1 0f 00000001
[W] 010000b0 0 00 01000fc8
[W] 010000b4 1 00 010000b8
[W] 010000b8 1 00 01000fb0
[W] 00000000 1 00 00000000
[W] 0100016c 1 0e 00000008
[W] 01000170 1 0f 00000000
[W] 01000174 1 00 00000000
[W] 01000174 1 00 00000000
[W] 01000174 1 00 00000008
[W] 01000174 1 0f 00000008
[W] 01000178 1 0e 00000001
[W] 0100017c 1 00 00000008
[W] 0100017c 1 00 00000008
[W] 0100017c 1 00 00000008
[W] 0100017c 0 00 010000b8
[W] 01000180 1 00 01000fb0
[W] 00000000 1 00 00000000
[W] 010000b8 1 0e 00000001
[W] 010000bc 1 0f 40000000
[W] 010000c0 1 0f 3fffffff
[W] 010000c4 1 00 00000001
[W] 010000c4 1 0f 40000000
[W] 010000c8 1 0f 00000000
[W] 010000cc 1 0e 01000fd0
[W] 010000d0 1 00 00000001
[W] 010000d0 1 00 00000001
[W] 010000d0 1 00 00000001
[W] 010000d0 1 0f 01000fd0
[W] 010000d4 1 0e 0000000c
[W] 010000d8 1 0f 00000001
[W] 010000dc 1 00 00000000
[W] 010000dc 1 0f 00000004
[W] 010000e0 1 0d 01000fd0
[W] 010000e4 1 00 00000001
[W] 010000e4 1 00 00000001
[W] 010000e4 1 00 00000001
[W] 010000e4 1 0f 01000fd4
[W] 010000e8 1 0f 00000009
[W] 010000ec 1 00 00000004
[W] 010000ec 0 00 01000160
[W] 010000f0 1 0e 00000001
[W] 010000f4 1 0f 40000000
[W] 010000f8 1 0f 3fffffff
[W] 010000fc 1 00 0000000c
[W] 010000fc 1 0f 40000000
[W] 01000100 1 0f 00000000
[W] 01000104 1 0e 01000fd0
[W] 01000108 1 00 00000001
[W] 01000108 1 00 00000001
[W] 01000108 1 00 00000001
[W] 01000108 1 0f 01000fd0
[W] 0100010c 1 0f 0000000c
[W] 01000110 0 00 01000fc4
[W] 01000114 1 0f 00000001
[W] 01000118 1 00 01000fd0
[W] 01000118 1 0f 00000004
[W] 0100011c 1 0e 01000fd0
[W] 01000120 1 00 01000fd0
[W] 01000120 1 00 01000fd0
[W] 01000120 1 00 01000fd0
[W] 01000120 1 0e 01000fd4
[W] 01000124 1 0d 00000001
[W] 01000128 1 0f 40000000
[W] 0100012c 1 0f 3fffffff
[W] 01000130 1 00 01000fd0
[W] 01000130 1 0f 40000000
[W] 01000134 1 0f 00000000
[W] 01000138 1 0d 01000fd0
[W] 0100013c 1 00 00000001
[W] 0100013c 1 00 00000001
[W] 0100013c 1 00 00000001
[W] 0100013c 1 0f 01000fd0
[W] 01000140 1 0e 00000009
[W] 01000144 0 00 01000fd0
[W] 01000148 1 0f 00000001
[W] 0100014c 1 00 01000fd0
[W] 0100014c 1 0f 00000004
[W] 01000150 1 0e 01000fd0
[W] 01000154 1 00 00000009
[W] 01000154 1 00 00000009
[W] 01000154 1 00 00000009
[W] 01000154 1 0f 01000fd4
[W] 01000158 1 0e 0000000c
[W] 0100015c 0 00 01000fd4
[W] 01000160 1 0f 00000001
[W] 01000164 1 00 01000fd4
[W] 01000164 1 0f 00000002
[W] 01000168 0 00 01000fc8
[W] 0100016c 1 0e 00000008
[W] 01000170 1 0f 00000000
[W] 01000174 1 00 0000000c
[W] 01000174 1 00 0000000c
[W] 01000174 1 00 00000008
[W] 01000174 1 0f 00000008
[W] 01000178 1 0e 00000002
[W] 0100017c 1 00 00000008
[W] 0100017c 1 00 00000008
[W] 0100017c 1 00 00000008
[W] 0100017c 0 00 010000b8
[W] 01000180 1 00 01000fb0
[W] 00000000 1 00 00000000
[W] 010000b8 1 0e 00000002
[W] 010000bc 1 0f 40000000
[W] 010000c0 1 0f 3fffffff
[W] 010000c4 1 00 00000002
[W] 010000c4 1 0f 40000001
[W] 010000c8 1 0f 00000004
[W] 010000cc 1 0e 01000fd0
[W] 010000d0 1 00 00000002
[W] 010000d0 1 00 00000002
[W] 010000d0 1 00 00000002
[W] 010000d0 1 0f 01000fd4
[W] 010000d4 1 0e 0000000c
[W] 010000d8 1 0f 00000002
[W] 010000dc 1 00 00000004
[W] 010000dc 1 0f 00000008
[W] 010000e0 1 0d 01000fd0
[W] 010000e4 1 00 01000fd0
[W] 010000e4 1 00 01000fd0
[W] 010000e4 1 00 01000fd0
[W] 010000e4 1 0f 01000fd8
[W] 010000e8 1 0f 00000004
[W] 010000ec 1 00 00000008
[W] 010000ec 0 00 01000160
[W] 010000f0 1 0e 00000002
[W] 010000f4 1 0f 40000000
[W] 010000f8 1 0f 3fffffff
[W] 010000fc 1 00 0000000c
[W] 010000fc 1 0f 40000001
[W] 01000100 1 0f 00000004
[W] 01000104 1 0e 01000fd0
[W] 01000108 1 00 00000002
[W] 01000108 1 00 00000002
[W] 01000108 1 00 00000002
[W] 01000108 1 0f 01000fd4
[W] 0100010c 1 0f 0000000c
[W] 01000110 0 00 01000fc4
[W] 01000114 1 0f 00000002
[W] 01000118 1 00 01000fd4
[W] 01000118 1 0f 00000008
[W] 0100011c 1 0e 01000fd0
[W] 01000120 1 00 01000fd0
[W] 01000120 1 00 01000fd0
[W] 01000120 1 00 01000fd0
[W] 01000120 1 0e 01000fd8
[W] 01000124 1 0d 00000002
[W] 01000128 1 0f 40000000
[W] 0100012c 1 0f 3fffffff
[W] 01000130 1 00 01000fd0
[W] 01000130 1 0f 40000001
[W] 01000134 1 0f 00000004
[W] 01000138 1 0d 01000fd0
[W] 0100013c 1 00 00000002
[W] 0100013c 1 00 00000002
[W] 0100013c 1 00 00000002
[W] 0100013c 1 0f 01000fd4
[W] 01000140 1 0e 00000004
[W] 01000144 0 00 01000fd4
[W] 01000148 1 0f 00000002
[W] 0100014c 1 00 01000fd4
[W] 0100014c 1 0f 00000008
[W] 01000150 1 0e 01000fd0
[W] 01000154 1 00 00000004
[W] 01000154 1 00 00000004
[W] 01000154 1 00 00000004
[W] 01000154 1 0f 01000fd8
[W] 01000158 1 0e 0000000c
[W] 0100015c 0 00 01000fd8
[W] 01000160 1 0f 00000002
[W] 01000164 1 00 01000fd8
[W] 01000164 1 0f 00000003
[W] 01000168 0 00 01000fc8
[W] 0100016c 1 0e 00000008
[W] 01000170 1 0f 00000000
[W] 01000174 1 00 0000000c
[W] 01000174 1 00 0000000c
[W] 01000174 1 00 00000008
[W] 01000174 1 0f 00000008
[W] 01000178 1 0e 00000003
[W] 0100017c 1 00 00000008
[W] 0100017c 1 00 00000008
[W] 0100017c 1 00 00000008
[W] 0100017c 0 00 010000b8
[W] 01000180 1 00 01000fb0
[W] 00000000 1 00 00000000
[W] 010000b8 1 0e 00000003
[W] 010000bc 1 0f 40000000
[W] 010000c0 1 0f 3fffffff
[W] 010000c4 1 00 00000003
[W] 010000c4 1 0f 40000002
[W] 010000c8 1 0f 00000008
[W] 010000cc 1 0e 01000fd0
[W] 010000d0 1 00 00000003
[W] 010000d0 1 00 00000003
[W] 010000d0 1 00 00000003
[W] 010000d0 1 0f 01000fd8
[W] 010000d4 1 0e 0000000c
[W] 010000d8 1 0f 00000003
[W] 010000dc 1 00 00000008
[W] 010000dc 1 0f 0000000c
[W] 010000e0 1 0d 01000fd0
[W] 010000e4 1 00 01000fd0
[W] 010000e4 1 00 01000fd0
[W] 010000e4 1 00 01000fd0
[W] 010000e4 1 0f 01000fdc
[W] 010000e8 1 0f 00000063
[W] 010000ec 1 00 0000000c
[W] 010000ec 0 00 01000160
[W] 010000f0 1 00 01000fb0
[W] 00000000 1 00 00000000
[W] 01000160 1 0f 00000003
[W] 01000164 1 00 00000063
[W] 01000164 1 0f 00000004
[W] 01000168 0 00 01000fc8
[W] 0100016c 1 0e 00000008
[W] 01000170 1 0f 00000000
[W] 01000174 1 00 0000000c
[W] 01000174 1 00 0000000c
[W] 01000174 1 00 00000008
[W] 01000174 1 0f 00000008
[W] 01000178 1 0e 00000004
[W] 0100017c 1 00 00000008
[W] 0100017c 1 00 00000008
[W] 0100017c 1 00 00000008
[W] 0100017c 0 00 010000b8
[W] 01000180 1 00 01000fb0
[W] 00000000 1 00 00000000
[W] 010000b8 1 0e 00000004
[W] 010000bc 1 0f 40000000
[W] 010000c0 1 0f 3fffffff
[W] 010000c4 1 00 00000004
[W] 010000c4 1 0f 40000003
[W] 010000c8 1 0f 0000000c
[W] 010000cc 1 0e 01000fd0
[W] 010000d0 1 00 00000004
[W] 010000d0 1 00 00000004
[W] 010000d0 1 00 00000004
[W] 010000d0 1 0f 01000fdc
[W] 010000d4 1 0e 00000063
[W] 010000d8 1 0f 00000004
[W] 010000dc 1 00 0000000c
[W] 010000dc 1 0f 00000010
[W] 010000e0 1 0d 01000fd0
[W] 010000e4 1 00 01000fd0
[W] 010000e4 1 00 01000fd0
[W] 010000e4 1 00 01000fd0
[W] 010000e4 1 0f 01000fe0
[W] 010000e8 1 0f 00000078
[W] 010000ec 1 00 00000010
[W] 010000ec 0 00 01000160
[W] 010000f0 1 00 01000fb0
[W] 00000000 1 00 00000000
[W] 01000160 1 0f 00000004
[W] 01000164 1 00 00000078
[W] 01000164 1 0f 00000005
[W] 01000168 0 00 01000fc8
[W] 0100016c 1 0e 00000008
[W] 01000170 1 0f 00000000
[W] 01000174 1 00 00000063
[W] 01000174 1 00 00000063
[W] 01000174 1 00 00000008
[W] 01000174 1 0f 00000008
[W] 01000178 1 0e 00000005
[W] 0100017c 1 00 00000008
[W] 0100017c 1 00 00000008
[W] 0100017c 1 00 00000008
[W] 0100017c 0 00 010000b8
[W] 01000180 1 00 01000fb0
[W] 00000000 1 00 00000000
[W] 010000b8 1 0e 00000005
[W] 010000bc 1 0f 40000000
[W] 010000c0 1 0f 3fffffff
[W] 010000c4 1 00 00000005
[W] 010000c4 1 0f 40000004
[W] 010000c8 1 0f 00000010
[W] 010000cc 1 0e 01000fd0
[W] 010000d0 1 00 00000005
[W] 010000d0 1 00 00000005
[W] 010000d0 1 00 00000005
[W] 010000d0 1 0f 01000fe0
[W] 010000d4 1 0e 00000078
[W] 010000d8 1 0f 00000005
[W] 010000dc 1 00 00000010
[W] 010000dc 1 0f 00000014
[W] 010000e0 1 0d 01000fd0
[W] 010000e4 1 00 01000fd0
[W] 010000e4 1 00 01000fd0
[W] 010000e4 1 00 01000fd0
[W] 010000e4 1 0f 01000fe4
[W] 010000e8 1 0f 00000001
[W] 010000ec 1 00 00000014
[W] 010000ec 0 00 01000160
[W] 010000f0 1 0e 00000005
[W] 010000f4 1 0f 40000000
[W] 010000f8 1 0f 3fffffff
[W] 010000fc 1 00 00000078
[W] 010000fc 1 0f 40000004
[W] 01000100 1 0f 00000010
[W] 01000104 1 0e 01000fd0
[W] 01000108 1 00 00000005
[W] 01000108 1 00 00000005
[W] 01000108 1 00 00000005
[W] 01000108 1 0f 01000fe0
[W] 0100010c 1 0f 00000078
[W] 01000110 0 00 01000fc4
[W] 01000114 1 0f 00000005
[W] 01000118 1 00 01000fe0
[W] 01000118 1 0f 00000014
[W] 0100011c 1 0e 01000fd0
[W] 01000120 1 00 01000fd0
[W] 01000120 1 00 01000fd0
[W] 01000120 1 00 01000fd0
[W] 01000120 1 0e 01000fe4
[W] 01000124 1 0d 00000005
[W] 01000128 1 0f 40000000
[W] 0100012c 1 0f 3fffffff
[W] 01000130 1 00 01000fd0
[W] 01000130 1 0f 40000004
[W] 01000134 1 0f 00000010
[W] 01000138 1 0d 01000fd0
[W] 0100013c 1 00 00000005
[W] 0100013c 1 00 00000005
[W] 0100013c 1 00 00000005
[W] 0100013c 1 0f 01000fe0
[W] 01000140 1 0e 00000001
[W] 01000144 0 00 01000fe0
[W] 01000148 1 0f 00000005
[W] 0100014c 1 00 01000fe0
[W] 0100014c 1 0f 00000014
[W] 01000150 1 0e 01000fd0
[W] 01000154 1 00 00000001
[W] 01000154 1 00 00000001
[W] 01000154 1 00 00000001
[W] 01000154 1 0f 01000fe4
[W] 01000158 1 0e 00000078
[W] 0100015c 0 00 01000fe4
[W] 01000160 1 0f 00000005
[W] 01000164 1 00 01000fe4
[W] 01000164 1 0f 00000006
[W] 01000168 0 00 01000fc8
[W] 0100016c 1 0e 00000008
[W] 01000170 1 0f 00000000
[W] 01000174 1 00 00000078
[W] 01000174 1 00 00000078
[W] 01000174 1 00 00000008
[W] 01000174 1 0f 00000008
[W] 01000178 1 0e 00000006
[W] 0100017c 1 00 00000008
[W] 0100017c 1 00 00000008
[W] 0100017c 1 00 00000008
[W] 0100017c 0 00 010000b8
[W] 01000180 1 00 01000fb0
[W] 00000000 1 00 00000000
[W] 010000b8 1 0e 00000006
[W] 010000bc 1 0f 40000000
[W] 010000c0 1 0f 3fffffff
[W] 010000c4 1 00 00000006
[W] 010000c4 1 0f 40000005
[W] 010000c8 1 0f 00000014
[W] 010000cc 1 0e 01000fd0
[W] 010000d0 1 00 00000006
[W] 010000d0 1 00 00000006
[W] 010000d0 1 00 00000006
[W] 010000d0 1 0f 01000fe4
[W] 010000d4 1 0e 00000078
[W] 010000d8 1 0f 00000006
[W] 010000dc 1 00 00000014
[W] 010000dc 1 0f 00000018
[W] 010000e0 1 0d 01000fd0
[W] 010000e4 1 00 01000fd0
[W] 010000e4 1 00 01000fd0
[W] 010000e4 1 00 01000fd0
[W] 010000e4 1 0f 01000fe8
[W] 010000e8 1 0f 00000003
[W] 010000ec 1 00 00000018
[W] 010000ec 0 00 01000160
[W] 010000f0 1 0e 00000006
[W] 010000f4 1 0f 40000000
[W] 010000f8 1 0f 3fffffff
[W] 010000fc 1 00 00000078
[W] 010000fc 1 0f 40000005
[W] 01000100 1 0f 00000014
[W] 01000104 1 0e 01000fd0
[W] 01000108 1 00 00000006
[W] 01000108 1 00 00000006
[W] 01000108 1 00 00000006
[W] 01000108 1 0f 01000fe4
[W] 0100010c 1 0f 00000078
[W] 01000110 0 00 01000fc4
[W] 01000114 1 0f 00000006
[W] 01000118 1 00 01000fe4
[W] 01000118 1 0f 00000018
[W] 0100011c 1 0e 01000fd0
[W] 01000120 1 00 01000fd0
[W] 01000120 1 00 01000fd0
[W] 01000120 1 00 01000fd0
[W] 01000120 1 0e 01000fe8
[W] 01000124 1 0d 00000006
[W] 01000128 1 0f 40000000
[W] 0100012c 1 0f 3fffffff
[W] 01000130 1 00 01000fd0
[W] 01000130 1 0f 40000005
[W] 01000134 1 0f 00000014
[W] 01000138 1 0d 01000fd0
[W] 0100013c 1 00 00000006
[W] 0100013c 1 00 00000006
[W] 0100013c 1 00 00000006
[W] 0100013c 1 0f 01000fe4
[W] 01000140 1 0e 00000003
[W] 01000144 0 00 01000fe4
[W] 01000148 1 0f 00000006
[W] 0100014c 1 00 01000fe4
[W] 0100014c 1 0f 00000018
[W] 01000150 1 0e 01000fd0
[W] 01000154 1 00 00000003
[W] 01000154 1 00 00000003
[W] 01000154 1 00 00000003
[W] 01000154 1 0f 01000fe8
[W] 01000158 1 0e 00000078
[W] 0100015c 0 00 01000fe8
[W] 01000160 1 0f 00000006
[W] 01000164 1 00 01000fe8
[W] 01000164 1 0f 00000007
[W] 01000168 0 00 01000fc8
[W] 0100016c 1 0e 00000008
[W] 01000170 1 0f 00000000
[W] 01000174 1 00 00000078
[W] 01000174 1 00 00000078
[W] 01000174 1 00 00000008
[W] 01000174 1 0f 00000008
[W] 01000178 1 0e 00000007
[W] 0100017c 1 00 00000008
[W] 0100017c 1 00 00000008
[W] 0100017c 1 00 00000008
[W] 0100017c 0 00 010000b8
[W] 01000180 1 00 01000fb0
[W] 00000000 1 00 00000000
[W] 010000b8 1 0e 00000007
[W] 010000bc 1 0f 40000000
[W] 010000c0 1 0f 3fffffff
[W] 010000c4 1 00 00000007
[W] 010000c4 1 0f 40000006
[W] 010000c8 1 0f 00000018
[W] 010000cc 1 0e 01000fd0
[W] 010000d0 1 00 00000007
[W] 010000d0 1 00 00000007
[W] 010000d0 1 00 00000007
[W] 010000d0 1 0f 01000fe8
[W] 010000d4 1 0e 00000078
[W] 010000d8 1 0f 00000007
[W] 010000dc 1 00 00000018
[W] 010000dc 1 0f 0000001c
[W] 010000e0 1 0d 01000fd0
[W] 010000e4 1 00 01000fd0
[W] 010000e4 1 00 01000fd0
[W] 010000e4 1 00 01000fd0
[W] 010000e4 1 0f 01000fec
[W] 010000e8 1 0f 0000000a
[W] 010000ec 1 00 0000001c
[W] 010000ec 0 00 01000160
[W] 010000f0 1 0e 00000007
[W] 010000f4 1 0f 40000000
[W] 010000f8 1 0f 3fffffff
[W] 010000fc 1 00 00000078
[W] 010000fc 1 0f 40000006
[W] 01000100 1 0f 00000018
[W] 01000104 1 0e 01000fd0
[W] 01000108 1 00 00000007
[W] 01000108 1 00 00000007
[W] 01000108 1 00 00000007
[W] 01000108 1 0f 01000fe8
[W] 0100010c 1 0f 00000078
[W] 01000110 0 00 01000fc4
[W] 01000114 1 0f 00000007
[W] 01000118 1 00 01000fe8
[W] 01000118 1 0f 0000001c
[W] 0100011c 1 0e 01000fd0
[W] 01000120 1 00 01000fd0
[W] 01000120 1 00 01000fd0
[W] 01000120 1 00 01000fd0
[W] 01000120 1 0e 01000fec
[W] 01000124 1 0d 00000007
[W] 01000128 1 0f 40000000
[W] 0100012c 1 0f 3fffffff
[W] 01000130 1 00 01000fd0
[W] 01000130 1 0f 40000006
[W] 01000134 1 0f 00000018
[W] 01000138 1 0d 01000fd0
[W] 0100013c 1 00 00000007
[W] 0100013c 1 00 00000007
[W] 0100013c 1 00 00000007
[W] 0100013c 1 0f 01000fe8
[W] 01000140 1 0e 0000000a
[W] 01000144 0 00 01000fe8
[W] 01000148 1 0f 00000007
[W] 0100014c 1 00 01000fe8
[W] 0100014c 1 0f 0000001c
[W] 01000150 1 0e 01000fd0
[W] 01000154 1 00 0000000a
[W] 01000154 1 00 0000000a
[W] 01000154 1 00 0000000a
[W] 01000154 1 0f 01000fec
[W] 01000158 1 0e 00000078
[W] 0100015c 0 00 01000fec
[W] 01000160 1 0f 00000007
[W] 01000164 1 00 01000fec
[W] 01000164 1 0f 00000008
[W] 01000168 0 00 01000fc8
[W] 0100016c 1 0e 00000008
[W] 01000170 1 0f 00000000
[W] 01000174 1 00 00000078
[W] 01000174 1 00 00000078
[W] 01000174 1 00 00000008
[W] 01000174 1 0f 00000008
[W] 01000178 1 0e 00000008
[W] 0100017c 1 00 00000008
[W] 0100017c 1 00 00000008
[W] 0100017c 1 00 00000008
[W] 0100017c 0 00 010000b8
[W] 01000180 1 0f 00000000
[W] 01000184 1 00 00000008
[W] 01000184 1 0f 00000001
[W] 01000188 0 00 01000fcc
[W] 0100018c 1 0e 00000001
[W] 01000190 1 0f 00000008
[W] 01000194 1 00 00000008
[W] 01000194 1 00 00000008
[W] 01000194 1 00 00000001
[W] 01000194 0 00 010000ac
[W] 01000198 1 00 00000000
[W] 00000000 1 00 00000000
[W] 010000ac 1 0f 00000001
[W] 010000b0 0 00 01000fc8
[W] 010000b4 1 00 010000b8
[W] 010000b8 1 00 01000fb0
[W] 00000000 1 00 00000000
[W] 0100016c 1 0e 00000008
[W] 01000170 1 0f 00000001
[W] 01000174 1 00 00000001
[W] 01000174 1 00 00000001
[W] 01000174 1 00 00000008
[W] 01000174 1 0f 00000007
[W] 01000178 1 0e 00000001
[W] 0100017c 1 00 00000008
[W] 0100017c 1 00 00000008
[W] 0100017c 1 00 00000008
[W] 0100017c 0 00 010000b8
[W] 01000180 1 00 01000fb0
[W] 00000000 1 00 00000000
[W] 010000b8 1 0e 00000001
[W] 010000bc 1 0f 40000000
[W] 010000c0 1 0f 3fffffff
[W] 010000c4 1 00 00000001
[W] 010000c4 1 0f 40000000
[W] 010000c8 1 0f 00000000
[W] 010000cc 1 0e 01000fd0
[W] 010000d0 1 00 00000001
[W] 010000d0 1 00 00000001
[W] 010000d0 1 00 00000001
[W] 010000d0 1 0f 01000fd0
[W] 010000d4 1 0e 00000009
[W] 010000d8 1 0f 00000001
[W] 010000dc 1 00 00000000
[W] 010000dc 1 0f 00000004
[W] 010000e0 1 0d 01000fd0
[W] 010000e4 1 00 01000fd0
[W] 010000e4 1 00 01000fd0
[W] 010000e4 1 00 01000fd0
[W] 010000e4 1 0f 01000fd4
[W] 010000e8 1 0f 00000004
[W] 010000ec 1 00 00000004
[W] 010000ec 0 00 01000160
[W] 010000f0 1 0e 00000001
[W] 010000f4 1 0f 40000000
[W] 010000f8 1 0f 3fffffff
[W] 010000fc 1 00 00000009
[W] 010000fc 1 0f 40000000
[W] 01000100 1 0f 00000000
[W] 01000104 1 0e 01000fd0
[W] 01000108 1 00 00000001
[W] 01000108 1 00 00000001
[W] 01000108 1 00 00000001
[W] 01000108 1 0f 01000fd0
[W] 0100010c 1 0f 00000009
[W] 01000110 0 00 01000fc4
[W] 01000114 1 0f 00000001
[W] 01000118 1 00 01000fd0
[W] 01000118 1 0f 00000004
[W] 0100011c 1 0e 01000fd0
[W] 01000120 1 00 01000fd0
[W] 01000120 1 00 01000fd0
[W] 01000120 1 00 01000fd0
[W] 01000120 1 0e 01000fd4
[W] 01000124 1 0d 00000001
[W] 01000128 1 0f 40000000
[W] 0100012c 1 0f 3fffffff
[W] 01000130 1 00 01000fd0
[W] 01000130 1 0f 40000000
[W] 01000134 1 0f 00000000
[W] 01000138 1 0d 01000fd0
[W] 0100013c 1 00 00000001
[W] 0100013c 1 00 00000001
[W] 0100013c 1 00 00000001
[W] 0100013c 1 0f 01000fd0
[W] 01000140 1 0e 00000004
[W] 01000144 0 00 01000fd0
[W] 01000148 1 0f 00000001
[W] 0100014c 1 00 01000fd0
[W] 0100014c 1 0f 00000004
[W] 01000150 1 0e 01000fd0
[W] 01000154 1 00 00000004
[W] 01000154 1 00 00000004
[W] 01000154 1 00 00000004
[W] 01000154 1 0f 01000fd4
[W] 01000158 1 0e 00000009
[W] 0100015c 0 00 01000fd4
[W] 01000160 1 0f 00000001
[W] 01000164 1 00 01000fd4
[W] 01000164 1 0f 00000002
[W] 01000168 0 00 01000fc8
[W] 0100016c 1 0e 00000008
[W] 01000170 1 0f 00000001
[W] 01000174 1 00 00000009
[W] 01000174 1 00 00000009
[W] 01000174 1 00 00000008
[W] 01000174 1 0f 00000007
[W] 01000178 1 0e 00000002
[W] 0100017c 1 00 00000008
[W] 0100017c 1 00 00000008
[W] 0100017c 1 00 00000008
[W] 0100017c 0 00 010000b8
[W] 01000180 1 00 01000fb0
[W] 00000000 1 00 00000000
[W] 010000b8 1 0e 00000002
[W] 010000bc 1 0f 40000000
[W] 010000c0 1 0f 3fffffff
[W] 010000c4 1 00 00000002
[W] 010000c4 1 0f 40000001
[W] 010000c8 1 0f 00000004
[W] 010000cc 1 0e 01000fd0
[W] 010000d0 1 00 00000002
[W] 010000d0 1 00 00000002
[W] 010000d0 1 00 00000002
[W] 010000d0 1 0f 01000fd4
[W] 010000d4 1 0e 00000009
[W] 010000d8 1 0f 00000002
[W] 010000dc 1 00 00000004
[W] 010000dc 1 0f 00000008
[W] 010000e0 1 0d 01000fd0
[W] 010000e4 1 00 01000fd0
[W] 010000e4 1 00 01000fd0
[W] 010000e4 1 00 01000fd0
[W] 010000e4 1 0f 01000fd8
[W] 010000e8 1 0f 0000000c
[W] 010000ec 1 00 00000008
[W] 010000ec 0 00 01000160
[W] 010000f0 1 00 01000fb0
[W] 00000000 1 00 00000000
[W] 01000160 1 0f 00000002
[W] 01000164 1 00 0000000c
[W] 01000164 1 0f 00000003
[W] 01000168 0 00 01000fc8
[W] 0100016c 1 0e 00000008
[W] 01000170 1 0f 00000001
[W] 01000174 1 00 00000009
[W] 01000174 1 00 00000009
[W] 01000174 1 00 00000008
[W] 01000174 1 0f 00000007
[W] 01000178 1 0e 00000003
[W] 0100017c 1 00 00000008
[W] 0100017c 1 00 00000008
[W] 0100017c 1 00 00000008
[W] 0100017c 0 00 010000b8
[W] 01000180 1 00 01000fb0
[W] 00000000 1 00 00000000
[W] 010000b8 1 0e 00000003
[W] 010000bc 1 0f 40000000
[W] 010000c0 1 0f 3fffffff
[W] 010000c4 1 00 00000003
[W] 010000c4 1 0f 40000002
[W] 010000c8 1 0f 00000008
[W] 010000cc 1 0e 01000fd0
[W] 010000d0 1 00 00000003
[W] 010000d0 1 00 00000003
[W] 010000d0 1 00 00000003
[W] 010000d0 1 0f 01000fd8
[W] 010000d4 1 0e 0000000c
[W] 010000d8 1 0f 00000003
[W] 010000dc 1 00 00000008
[W] 010000dc 1 0f 0000000c
[W] 010000e0 1 0d 01000fd0
[W] 010000e4 1 00 01000fd0
[W] 010000e4 1 00 01000fd0
[W] 010000e4 1 00 01000fd0
[W] 010000e4 1 0f 01000fdc
[W] 010000e8 1 0f 00000063
[W] 010000ec 1 00 0000000c
[W] 010000ec 0 00 01000160
[W] 010000f0 1 00 01000fb0
[W] 00000000 1 00 00000000
[W] 01000160 1 0f 00000003
[W] 01000164 1 00 00000063
[W] 01000164 1 0f 00000004
[W] 01000168 0 00 01000fc8
[W] 0100016c 1 0e 00000008
[W] 01000170 1 0f 00000001
[W] 01000174 1 00 0000000c
[W] 01000174 1 00 0000000c
[W] 01000174 1 00 00000008
[W] 01000174 1 0f 00000007
[W] 01000178 1 0e 00000004
[W] 0100017c 1 00 00000008
[W] 0100017c 1 00 00000008
[W] 0100017c 1 00 00000008
[W] 0100017c 0 00 010000b8
[W] 01000180 1 00 01000fb0
[W] 00000000 1 00 00000000
[W] 010000b8 1 0e 00000004
[W] 010000bc 1 0f 40000000
[W] 010000c0 1 0f 3fffffff
[W] 010000c4 1 00 00000004
[W] 010000c4 1 0f 40000003
[W] 010000c8 1 0f 0000000c
[W] 010000cc 1 0e 01000fd0
[W] 010000d0 1 00 00000004
[W] 010000d0 1 00 00000004
[W] 010000d0 1 00 00000004
[W] 010000d0 1 0f 01000fdc
[W] 010000d4 1 0e 00000063
[W] 010000d8 1 0f 00000004
[W] 010000dc 1 00 0000000c
[W] 010000dc 1 0f 00000010
[W] 010000e0 1 0d 01000fd0
[W] 010000e4 1 00 01000fd0
[W] 010000e4 1 00 01000fd0
[W] 010000e4 1 00 01000fd0
[W] 010000e4 1 0f 01000fe0
[W] 010000e8 1 0f 00000001
[W] 010000ec 1 00 00000010
[W] 010000ec 0 00 01000160
[W] 010000f0 1 0e 00000004
[W] 010000f4 1 0f 40000000
[W] 010000f8 1 0f 3fffffff
[W] 010000fc 1 00 00000063
[W] 010000fc 1 0f 40000003
[W] 01000100 1 0f 0000000c
[W] 01000104 1 0e 01000fd0
[W] 01000108 1 00 00000004
[W] 01000108 1 00 00000004
[W] 01000108 1 00 00000004
[W] 01000108 1 0f 01000fdc
[W] 0100010c 1 0f 00000063
[W] 01000110 0 00 01000fc4
[W] 01000114 1 0f 00000004
[W] 01000118 1 00 01000fdc
[W] 01000118 1 0f 00000010
[W] 0100011c 1 0e 01000fd0
[W] 01000120 1 00 01000fd0
[W] 01000120 1 00 01000fd0
[W] 01000120 1 00 01000fd0
[W] 01000120 1 0e 01000fe0
[W] 01000124 1 0d 00000004
[W] 01000128 1 0f 40000000
[W] 0100012c 1 0f 3fffffff
[W] 01000130 1 00 01000fd0
[W] 01000130 1 0f 40000003
[W] 01000134 1 0f 0000000c
[W] 01000138 1 0d 01000fd0
[W] 0100013c 1 00 00000004
[W] 0100013c 1 00 00000004
[W] 0100013c 1 00 00000004
[W] 0100013c 1 0f 01000fdc
[W] 01000140 1 0e 00000001
[W] 01000144 0 00 01000fdc
[W] 01000148 1 0f 00000004
[W] 0100014c 1 00 01000fdc
[W] 0100014c 1 0f 00000010
[W] 01000150 1 0e 01000fd0
[W] 01000154 1 00 00000001
[W] 01000154 1 00 00000001
[W] 01000154 1 00 00000001
[W] 01000154 1 0f 01000fe0
[W] 01000158 1 0e 00000063
[W] 0100015c 0 00 01000fe0
[W] 01000160 1 0f 00000004
[W] 01000164 1 00 01000fe0
[W] 01000164 1 0f 00000005
[W] 01000168 0 00 01000fc8
[W] 0100016c 1 0e 00000008
[W] 01000170 1 0f 00000001
[W] 01000174 1 00 00000063
[W] 01000174 1 00 00000063
[W] 01000174 1 00 00000008
[W] 01000174 1 0f 00000007
[W] 01000178 1 0e 00000005
[W] 0100017c 1 00 00000008
[W] 0100017c 1 00 00000008
[W] 0100017c 1 00 00000008
[W] 0100017c 0 00 010000b8
[W] 01000180 1 00 01000fb0
[W] 00000000 1 00 00000000
[W] 010000b8 1 0e 00000005
[W] 010000bc 1 0f 40000000
[W] 010000c0 1 0f 3fffffff
[W] 010000c4 1 00 00000005
[W] 010000c4 1 0f 40000004
[W] 010000c8 1 0f 00000010
[W] 010000cc 1 0e 01000fd0
[W] 010000d0 1 00 00000005
[W] 010000d0 1 00 00000005
[W] 010000d0 1 00 00000005
[W] 010000d0 1 0f 01000fe0
[W] 010000d4 1 0e 00000063
[W] 010000d8 1 0f 00000005
[W] 010000dc 1 00 00000010
[W] 010000dc 1 0f 00000014
[W] 010000e0 1 0d 01000fd0
[W] 010000e4 1 00 01000fd0
[W] 010000e4 1 00 01000fd0
[W] 010000e4 1 00 01000fd0
[W] 010000e4 1 0f 01000fe4
[W] 010000e8 1 0f 00000003
[W] 010000ec 1 00 00000014
[W] 010000ec 0 00 01000160
[W] 010000f0 1 0e 00000005
[W] 010000f4 1 0f 40000000
[W] 010000f8 1 0f 3fffffff
[W] 010000fc 1 00 00000063
[W] 010000fc 1 0f 40000004
[W] 01000100 1 0f 00000010
[W] 01000104 1 0e 01000fd0
[W] 01000108 1 00 00000005
[W] 01000108 1 00 00000005
[W] 01000108 1 00 00000005
[W] 01000108 1 0f 01000fe0
[W] 0100010c 1 0f 00000063
[W] 01000110 0 00 01000fc4
[W] 01000114 1 0f 00000005
[W] 01000118 1 00 01000fe0
[W] 01000118 1 0f 00000014
[W] 0100011c 1 0e 01000fd0
[W] 01000120 1 00 01000fd0
[W] 01000120 1 00 01000fd0
[W] 01000120 1 00 01000fd0
[W] 01000120 1 0e 01000fe4
[W] 01000124 1 0d 00000005
[W] 01000128 1 0f 40000000
[W] 0100012c 1 0f 3fffffff
[W] 01000130 1 00 01000fd0
[W] 01000130 1 0f 40000004
[W] 01000134 1 0f 00000010
[W] 01000138 1 0d 01000fd0
[W] 0100013c 1 00 00000005
[W] 0100013c 1 00 00000005
[W] 0100013c 1 00 00000005
[W] 0100013c 1 0f 01000fe0
[W] 01000140 1 0e 00000003
[W] 01000144 0 00 01000fe0
[W] 01000148 1 0f 00000005
[W] 0100014c 1 00 01000fe0
[W] 0100014c 1 0f 00000014
[W] 01000150 1 0e 01000fd0
[W] 01000154 1 00 00000003
[W] 01000154 1 00 00000003
[W] 01000154 1 00 00000003
[W] 01000154 1 0f 01000fe4
[W] 01000158 1 0e 00000063
[W] 0100015c 0 00 01000fe4
[W] 01000160 1 0f 00000005
[W] 01000164 1 00 01000fe4
[W] 01000164 1 0f 00000006
[W] 01000168 0 00 01000fc8
[W] 0100016c 1 0e 00000008
[W] 01000170 1 0f 00000001
[W] 01000174 1 00 00000063
[W] 01000174 1 00 00000063
[W] 01000174 1 00 00000008
[W] 01000174 1 0f 00000007
[W] 01000178 1 0e 00000006
[W] 0100017c 1 00 00000008
[W] 0100017c 1 00 00000008
[W] 0100017c 1 00 00000008
[W] 0100017c 0 00 010000b8
[W] 01000180 1 00 01000fb0
[W] 00000000 1 00 00000000
[W] 010000b8 1 0e 00000006
[W] 010000bc 1 0f 40000000
[W] 010000c0 1 0f 3fffffff
[W] 010000c4 1 00 00000006
[W] 010000c4 1 0f 40000005
[W] 010000c8 1 0f 00000014
[W] 010000cc 1 0e 01000fd0
[W] 010000d0 1 00 00000006
[W] 010000d0 1 00 00000006
[W] 010000d0 1 00 00000006
[W] 010000d0 1 0f 01000fe4
[W] 010000d4 1 0e 00000063
[W] 010000d8 1 0f 00000006
[W] 010000dc 1 00 00000014
[W] 010000dc 1 0f 00000018
[W] 010000e0 1 0d 01000fd0
[W] 010000e4 1 00 01000fd0
[W] 010000e4 1 00 01000fd0
[W] 010000e4 1 00 01000fd0
[W] 010000e4 1 0f 01000fe8
[W] 010000e8 1 0f 0000000a
[W] 010000ec 1 00 00000018
[W] 010000ec 0 00 01000160
[W] 010000f0 1 0e 00000006
[W] 010000f4 1 0f 40000000
[W] 010000f8 1 0f 3fffffff
[W] 010000fc 1 00 00000063
[W] 010000fc 1 0f 40000005
[W] 01000100 1 0f 00000014
[W] 01000104 1 0e 01000fd0
[W] 01000108 1 00 00000006
[W] 01000108 1 00 00000006
[W] 01000108 1 00 00000006
[W] 01000108 1 0f 01000fe4
[W] 0100010c 1 0f 00000063
[W] 01000110 0 00 01000fc4
[W] 01000114 1 0f 00000006
[W] 01000118 1 00 01000fe4
[W] 01000118 1 0f 00000018
[W] 0100011c 1 0e 01000fd0
[W] 01000120 1 00 01000fd0
[W] 01000120 1 00 01000fd0
[W] 01000120 1 00 01000fd0
[W] 01000120 1 0e 01000fe8
[W] 01000124 1 0d 00000006
[W] 01000128 1 0f 40000000
[W] 0100012c 1 0f 3fffffff
[W] 01000130 1 00 01000fd0
[W] 01000130 1 0f 40000005
[W] 01000134 1 0f 00000014
[W] 01000138 1 0d 01000fd0
[W] 0100013c 1 00 00000006
[W] 0100013c 1 00 00000006
[W] 0100013c 1 00 00000006
[W] 0100013c 1 0f 01000fe4
[W] 01000140 1 0e 0000000a
[W] 01000144 0 00 01000fe4
[W] 01000148 1 0f 00000006
[W] 0100014c 1 00 01000fe4
[W] 0100014c 1 0f 00000018
[W] 01000150 1 0e 01000fd0
[W] 01000154 1 00 0000000a
[W] 01000154 1 00 0000000a
[W] 01000154 1 00 0000000a
[W] 01000154 1 0f 01000fe8
[W] 01000158 1 0e 00000063
[W] 0100015c 0 00 01000fe8
[W] 01000160 1 0f 00000006
[W] 01000164 1 00 01000fe8
[W] 01000164 1 0f 00000007
[W] 01000168 0 00 01000fc8
[W] 0100016c 1 0e 00000008
[W] 01000170 1 0f 00000001
[W] 01000174 1 00 00000063
[W] 01000174 1 00 00000063
[W] 01000174 1 00 00000008
[W] 01000174 1 0f 00000007
[W] 01000178 1 0e 00000007
[W] 0100017c 1 00 00000008
[W] 0100017c 1 00 00000008
[W] 0100017c 1 00 00000008
[W] 0100017c 0 00 010000b8
[W] 01000180 1 0f 00000001
[W] 01000184 1 00 00000007
[W] 01000184 1 0f 00000002
[W] 01000188 0 00 01000fcc
[W] 0100018c 1 0e 00000002
[W] 01000190 1 0f 00000008
[W] 01000194 1 00 00000007
[W] 01000194 1 00 00000007
[W] 01000194 1 00 00000002
[W] 01000194 0 00 010000ac
[W] 01000198 1 00 00000000
[W] 00000000 1 00 00000000
[W] 010000ac 1 0f 00000001
[W] 010000b0 0 00 01000fc8
[W] 010000b4 1 00 010000b8
[W] 010000b8 1 00 01000fb0
[W] 00000000 1 00 00000000
[W] 0100016c 1 0e 00000008
[W] 01000170 1 0f 00000002
[W] 01000174 1 00 00000002
[W] 01000174 1 00 00000002
[W] 01000174 1 00 00000008
[W] 01000174 1 0f 00000006
[W] 01000178 1 0e 00000001
[W] 0100017c 1 00 00000008
[W] 0100017c 1 00 00000008
[W] 0100017c 1 00 00000008
[W] 0100017c 0 00 010000b8
[W] 01000180 1 00 01000fb0
[W] 00000000 1 00 00000000
[W] 010000b8 1 0e 00000001
[W] 010000bc 1 0f 40000000
[W] 010000c0 1 0f 3fffffff
[W] 010000c4 1 00 00000001
[W] 010000c4 1 0f 40000000
[W] 010000c8 1 0f 00000000
[W] 010000cc 1 0e 01000fd0
[W] 010000d0 1 00 00000001
[W] 010000d0 1 00 00000001
[W] 010000d0 1 00 00000001
[W] 010000d0 1 0f 01000fd0
[W] 010000d4 1 0e 00000004
[W] 010000d8 1 0f 00000001
[W] 010000dc 1 00 00000000
[W] 010000dc 1 0f 00000004
[W] 010000e0 1 0d 01000fd0
[W] 010000e4 1 00 01000fd0
[W] 010000e4 1 00 01000fd0
[W] 010000e4 1 00 01000fd0
[W] 010000e4 1 0f 01000fd4
[W] 010000e8 1 0f 00000009
[W] 010000ec 1 00 00000004
[W] 010000ec 0 00 01000160
[W] 010000f0 1 00 01000fb0
[W] 00000000 1 00 00000000
[W] 01000160 1 0f 00000001
[W] 01000164 1 00 00000009
[W] 01000164 1 0f 00000002
[W] 01000168 0 00 01000fc8
[W] 0100016c 1 0e 00000008
[W] 01000170 1 0f 00000002
[W] 01000174 1 00 00000004
[W] 01000174 1 00 00000004
[W] 01000174 1 00 00000008
[W] 01000174 1 0f 00000006
[W] 01000178 1 0e 00000002
[W] 0100017c 1 00 00000008
[W] 0100017c 1 00 00000008
[W] 0100017c 1 00 00000008
[W] 0100017c 0 00 010000b8
[W] 01000180 1 00 01000fb0
[W] 00000000 1 00 00000000
[W] 010000b8 1 0e 00000002
[W] 010000bc 1 0f 40000000
[W] 010000c0 1 0f 3fffffff
[W] 010000c4 1 00 00000002
[W] 010000c4 1 0f 40000001
[W] 010000c8 1 0f 00000004
[W] 010000cc 1 0e 01000fd0
[W] 010000d0 1 00 00000002
[W] 010000d0 1 00 00000002
[W] 010000d0 1 00 00000002
[W] 010000d0 1 0f 01000fd4
[W] 010000d4 1 0e 00000009
[W] 010000d8 1 0f 00000002
[W] 010000dc 1 00 00000004
[W] 010000dc 1 0f 00000008
[W] 010000e0 1 0d 01000fd0
[W] 010000e4 1 00 01000fd0
[W] 010000e4 1 00 01000fd0
[W] 010000e4 1 00 01000fd0
[W] 010000e4 1 0f 01000fd8
[W] 010000e8 1 0f 0000000c
[W] 010000ec 1 00 00000008
[W] 010000ec 0 00 01000160
[W] 010000f0 1 00 01000fb0
[W] 00000000 1 00 00000000
[W] 01000160 1 0f 00000002
[W] 01000164 1 00 0000000c
[W] 01000164 1 0f 00000003
[W] 01000168 0 00 01000fc8
[W] 0100016c 1 0e 00000008
[W] 01000170 1 0f 00000002
[W] 01000174 1 00 00000009
[W] 01000174 1 00 00000009
[W] 01000174 1 00 00000008
[W] 01000174 1 0f 00000006
[W] 01000178 1 0e 00000003
[W] 0100017c 1 00 00000008
[W] 0100017c 1 00 00000008
[W] 0100017c 1 00 00000008
[W] 0100017c 0 00 010000b8
[W] 01000180 1 00 01000fb0
[W] 00000000 1 00 00000000
[W] 010000b8 1 0e 00000003
[W] 010000bc 1 0f 40000000
[W] 010000c0 1 0f 3fffffff
[W] 010000c4 1 00 00000003
[W] 010000c4 1 0f 40000002
[W] 010000c8 1 0f 00000008
[W] 010000cc 1 0e 01000fd0
[W] 010000d0 1 00 00000003
[W] 010000d0 1 00 00000003
[W] 010000d0 1 00 00000003
[W] 010000d0 1 0f 01000fd8
[W] 010000d4 1 0e 0000000c
[W] 010000d8 1 0f 00000003
[W] 010000dc 1 00 00000008
[W] 010000dc 1 0f 0000000c
[W] 010000e0 1 0d 01000fd0
[W] 010000e4 1 00 01000fd0
[W] 010000e4 1 00 01000fd0
[W] 010000e4 1 00 01000fd0
[W] 010000e4 1 0f 01000fdc
[W] 010000e8 1 0f 00000001
[W] 010000ec 1 00 0000000c
[W] 010000ec 0 00 01000160
[W] 010000f0 1 0e 00000003
[W] 010000f4 1 0f 40000000
[W] 010000f8 1 0f 3fffffff
[W] 010000fc 1 00 0000000c
[W] 010000fc 1 0f 40000002
[W] 01000100 1 0f 00000008
[W] 01000104 1 0e 01000fd0
[W] 01000108 1 00 00000003
[W] 01000108 1 00 00000003
[W] 01000108 1 00 00000003
[W] 01000108 1 0f 01000fd8
[W] 0100010c 1 0f 0000000c
[W] 01000110 0 00 01000fc4
[W] 01000114 1 0f 00000003
[W] 01000118 1 00 01000fd8
[W] 01000118 1 0f 0000000c
[W] 0100011c 1 0e 01000fd0
[W] 01000120 1 00 01000fd0
[W] 01000120 1 00 01000fd0
[W] 01000120 1 00 01000fd0
[W] 01000120 1 0e 01000fdc
[W] 01000124 1 0d 00000003
[W] 01000128 1 0f 40000000
[W] 0100012c 1 0f 3fffffff
[W] 01000130 1 00 01000fd0
[W] 01000130 1 0f 40000002
[W] 01000134 1 0f 00000008
[W] 01000138 1 0d 01000fd0
[W] 0100013c 1 00 00000003
[W] 0100013c 1 00 00000003
[W] 0100013c 1 00 00000003
[W] 0100013c 1 0f 01000fd8
[W] 01000140 1 0e 00000001
[W] 01000144 0 00 01000fd8
[W] 01000148 1 0f 00000003
[W] 0100014c 1 00 01000fd8
[W] 0100014c 1 0f 0000000c
[W] 01000150 1 0e 01000fd0
[W] 01000154 1 00 00000001
[W] 01000154 1 00 00000001
[W] 01000154 1 00 00000001
[W] 01000154 1 0f 01000fdc
[W] 01000158 1 0e 0000000c
[W] 0100015c 0 00 01000fdc
[W] 01000160 1 0f 00000003
[W] 01000164 1 00 01000fdc
[W] 01000164 1 0f 00000004
[W] 01000168 0 00 01000fc8
[W] 0100016c 1 0e 00000008
[W] 01000170 1 0f 00000002
[W] 01000174 1 00 0000000c
[W] 01000174 1 00 0000000c
[W] 01000174 1 00 00000008
[W] 01000174 1 0f 00000006
[W] 01000178 1 0e 00000004
[W] 0100017c 1 00 00000008
[W] 0100017c 1 00 00000008
[W] 0100017c 1 00 00000008
[W] 0100017c 0 00 010000b8
[W] 01000180 1 00 01000fb0
[W] 00000000 1 00 00000000
[W] 010000b8 1 0e 00000004
[W] 010000bc 1 0f 40000000
[W] 010000c0 1 0f 3fffffff
[W] 010000c4 1 00 00000004
[W] 010000c4 1 0f 40000003
[W] 010000c8 1 0f 0000000c
[W] 010000cc 1 0e 01000fd0
[W] 010000d0 1 00 00000004
[W] 010000d0 1 00 00000004
[W] 010000d0 1 00 00000004
[W] 010000d0 1 0f 01000fdc
[W] 010000d4 1 0e 0000000c
[W] 010000d8 1 0f 00000004
[W] 010000dc 1 00 0000000c
[W] 010000dc 1 0f 00000010
[W] 010000e0 1 0d 01000fd0
[W] 010000e4 1 00 01000fd0
[W] 010000e4 1 00 01000fd0
[W] 010000e4 1 00 01000fd0
[W] 010000e4 1 0f 01000fe0
[W] 010000e8 1 0f 00000003
[W] 010000ec 1 00 00000010
[W] 010000ec 0 00 01000160
[W] 010000f0 1 0e 00000004
[W] 010000f4 1 0f 40000000
[W] 010000f8 1 0f 3fffffff
[W] 010000fc 1 00 0000000c
[W] 010000fc 1 0f 40000003
[W] 01000100 1 0f 0000000c
[W] 01000104 1 0e 01000fd0
[W] 01000108 1 00 00000004
[W] 01000108 1 00 00000004
[W] 01000108 1 00 00000004
[W] 01000108 1 0f 01000fdc
[W] 0100010c 1 0f 0000000c
[W] 01000110 0 00 01000fc4
[W] 01000114 1 0f 00000004
[W] 01000118 1 00 01000fdc
[W] 01000118 1 0f 00000010
[W] 0100011c 1 0e 01000fd0
[W] 01000120 1 00 01000fd0
[W] 01000120 1 00 01000fd0
[W] 01000120 1 00 01000fd0
[W] 01000120 1 0e 01000fe0
[W] 01000124 1 0d 00000004
[W] 01000128 1 0f 40000000
[W] 0100012c 1 0f 3fffffff
[W] 01000130 1 00 01000fd0
[W] 01000130 1 0f 40000003
[W] 01000134 1 0f 0000000c
[W] 01000138 1 0d 01000fd0
[W] 0100013c 1 00 00000004
[W] 0100013c 1 00 00000004
[W] 0100013c 1 00 00000004
[W] 0100013c 1 0f 01000fdc
[W] 01000140 1 0e 00000003
[W] 01000144 0 00 01000fdc
[W] 01000148 1 0f 00000004
[W] 0100014c 1 00 01000fdc
[W] 0100014c 1 0f 00000010
[W] 01000150 1 0e 01000fd0
[W] 01000154 1 00 00000003
[W] 01000154 1 00 00000003
[W] 01000154 1 00 00000003
[W] 01000154 1 0f 01000fe0
[W] 01000158 1 0e 0000000c
[W] 0100015c 0 00 01000fe0
[W] 01000160 1 0f 00000004
[W] 01000164 1 00 01000fe0
[W] 01000164 1 0f 00000005
[W] 01000168 0 00 01000fc8
[W] 0100016c 1 0e 00000008
[W] 01000170 1 0f 00000002
[W] 01000174 1 00 0000000c
[W] 01000174 1 00 0000000c
[W] 01000174 1 00 00000008
[W] 01000174 1 0f 00000006
[W] 01000178 1 0e 00000005
[W] 0100017c 1 00 00000008
[W] 0100017c 1 00 00000008
[W] 0100017c 1 00 00000008
[W] 0100017c 0 00 010000b8
[W] 01000180 1 00 01000fb0
[W] 00000000 1 00 00000000
[W] 010000b8 1 0e 00000005
[W] 010000bc 1 0f 40000000
[W] 010000c0 1 0f 3fffffff
[W] 010000c4 1 00 00000005
[W] 010000c4 1 0f 40000004
[W] 010000c8 1 0f 00000010
[W] 010000cc 1 0e 01000fd0
[W] 010000d0 1 00 00000005
[W] 010000d0 1 00 00000005
[W] 010000d0 1 00 00000005
[W] 010000d0 1 0f 01000fe0
[W] 010000d4 1 0e 0000000c
[W] 010000d8 1 0f 00000005
[W] 010000dc 1 00 00000010
[W] 010000dc 1 0f 00000014
[W] 010000e0 1 0d 01000fd0
[W] 010000e4 1 00 01000fd0
[W] 010000e4 1 00 01000fd0
[W] 010000e4 1 00 01000fd0
[W] 010000e4 1 0f 01000fe4
[W] 010000e8 1 0f 0000000a
[W] 010000ec 1 00 00000014
[W] 010000ec 0 00 01000160
[W] 010000f0 1 0e 00000005
[W] 010000f4 1 0f 40000000
[W] 010000f8 1 0f 3fffffff
[W] 010000fc 1 00 0000000c
[W] 010000fc 1 0f 40000004
[W] 01000100 1 0f 00000010
[W] 01000104 1 0e 01000fd0
[W] 01000108 1 00 00000005
[W] 01000108 1 00 00000005
[W] 01000108 1 00 00000005
[W] 01000108 1 0f 01000fe0
[W] 0100010c 1 0f 0000000c
[W] 01000110 0 00 01000fc4
[W] 01000114 1 0f 00000005
[W] 01000118 1 00 01000fe0
[W] 01000118 1 0f 00000014
[W] 0100011c 1 0e 01000fd0
[W] 01000120 1 00 01000fd0
[W] 01000120 1 00 01000fd0
[W] 01000120 1 00 01000fd0
[W] 01000120 1 0e 01000fe4
[W] 01000124 1 0d 00000005
[W] 01000128 1 0f 40000000
[W] 0100012c 1 0f 3fffffff
[W] 01000130 1 00 01000fd0
[W] 01000130 1 0f 40000004
[W] 01000134 1 0f 00000010
[W] 01000138 1 0d 01000fd0
[W] 0100013c 1 00 00000005
[W] 0100013c 1 00 00000005
[W] 0100013c 1 00 00000005
[W] 0100013c 1 0f 01000fe0
[W] 01000140 1 0e 0000000a
[W] 01000144 0 00 01000fe0
[W] 01000148 1 0f 00000005
[W] 0100014c 1 00 01000fe0
[W] 0100014c 1 0f 00000014
[W] 01000150 1 0e 01000fd0
[W] 01000154 1 00 0000000a
[W] 01000154 1 00 0000000a
[W] 01000154 1 00 0000000a
[W] 01000154 1 0f 01000fe4
[W] 01000158 1 0e 0000000c
[W] 0100015c 0 00 01000fe4
[W] 01000160 1 0f 00000005
[W] 01000164 1 00 01000fe4
[W] 01000164 1 0f 00000006
[W] 01000168 0 00 01000fc8
[W] 0100016c 1 0e 00000008
[W] 01000170 1 0f 00000002
[W] 01000174 1 00 0000000c
[W] 01000174 1 00 0000000c
[W] 01000174 1 00 00000008
[W] 01000174 1 0f 00000006
[W] 01000178 1 0e 00000006
[W] 0100017c 1 00 00000008
[W] 0100017c 1 00 00000008
[W] 0100017c 1 00 00000008
[W] 0100017c 0 00 010000b8
[W] 01000180 1 0f 00000002
[W] 01000184 1 00 00000006
[W] 01000184 1 0f 00000003
[W] 01000188 0 00 01000fcc
[W] 0100018c 1 0e 00000003
[W] 01000190 1 0f 00000008
[W] 01000194 1 00 00000006
[W] 01000194 1 00 00000006
[W] 01000194 1 00 00000003
[W] 01000194 0 00 010000ac
[W] 01000198 1 00 00000000
[W] 00000000 1 00 00000000
[W] 010000ac 1 0f 00000001
[W] 010000b0 0 00 01000fc8
[W] 010000b4 1 00 010000b8
[W] 010000b8 1 00 01000fb0
[W] 00000000 1 00 00000000
[W] 0100016c 1 0e 00000008
[W] 01000170 1 0f 00000003
[W] 01000174 1 00 00000003
[W] 01000174 1 00 00000003
[W] 01000174 1 00 00000008
[W] 01000174 1 0f 00000005
[W] 01000178 1 0e 00000001
[W] 0100017c 1 00 00000008
[W] 0100017c 1 00 00000008
[W] 0100017c 1 00 00000008
[W] 0100017c 0 00 010000b8
[W] 01000180 1 00 01000fb0
[W] 00000000 1 00 00000000
[W] 010000b8 1 0e 00000001
[W] 010000bc 1 0f 40000000
[W] 010000c0 1 0f 3fffffff
[W] 010000c4 1 00 00000001
[W] 010000c4 1 0f 40000000
[W] 010000c8 1 0f 00000000
[W] 010000cc 1 0e 01000fd0
[W] 010000d0 1 00 00000001
[W] 010000d0 1 00 00000001
[W] 010000d0 1 00 00000001
[W] 010000d0 1 0f 01000fd0
[W] 010000d4 1 0e 00000004
[W] 010000d8 1 0f 00000001
[W] 010000dc 1 00 00000000
[W] 010000dc 1 0f 00000004
[W] 010000e0 1 0d 01000fd0
[W] 010000e4 1 00 01000fd0
[W] 010000e4 1 00 01000fd0
[W] 010000e4 1 00 01000fd0
[W] 010000e4 1 0f 01000fd4
[W] 010000e8 1 0f 00000009
[W] 010000ec 1 00 00000004
[W] 010000ec 0 00 01000160
[W] 010000f0 1 00 01000fb0
[W] 00000000 1 00 00000000
[W] 01000160 1 0f 00000001
[W] 01000164 1 00 00000009
[W] 01000164 1 0f 00000002
[W] 01000168 0 00 01000fc8
[W] 0100016c 1 0e 00000008
[W] 01000170 1 0f 00000003
[W] 01000174 1 00 00000004
[W] 01000174 1 00 00000004
[W] 01000174 1 00 00000008
[W] 01000174 1 0f 00000005
[W] 01000178 1 0e 00000002
[W] 0100017c 1 00 00000008
[W] 0100017c 1 00 00000008
[W] 0100017c 1 00 00000008
[W] 0100017c 0 00 010000b8
[W] 01000180 1 00 01000fb0
[W] 00000000 1 00 00000000
[W] 010000b8 1 0e 00000002
[W] 010000bc 1 0f 40000000
[W] 010000c0 1 0f 3fffffff
[W] 010000c4 1 00 00000002
[W] 010000c4 1 0f 40000001
[W] 010000c8 1 0f 00000004
[W] 010000cc 1 0e 01000fd0
[W] 010000d0 1 00 00000002
[W] 010000d0 1 00 00000002
[W] 010000d0 1 00 00000002
[W] 010000d0 1 0f 01000fd4
[W] 010000d4 1 0e 00000009
[W] 010000d8 1 0f 00000002
[W] 010000dc 1 00 00000004
[W] 010000dc 1 0f 00000008
[W] 010000e0 1 0d 01000fd0
[W] 010000e4 1 00 01000fd0
[W] 010000e4 1 00 01000fd0
[W] 010000e4 1 00 01000fd0
[W] 010000e4 1 0f 01000fd8
[W] 010000e8 1 0f 00000001
[W] 010000ec 1 00 00000008
[W] 010000ec 0 00 01000160
[W] 010000f0 1 0e 00000002
[W] 010000f4 1 0f 40000000
[W] 010000f8 1 0f 3fffffff
[W] 010000fc 1 00 00000009
[W] 010000fc 1 0f 40000001
[W] 01000100 1 0f 00000004
[W] 01000104 1 0e 01000fd0
[W] 01000108 1 00 00000002
[W] 01000108 1 00 00000002
[W] 01000108 1 00 00000002
[W] 01000108 1 0f 01000fd4
[W] 0100010c 1 0f 00000009
[W] 01000110 0 00 01000fc4
[W] 01000114 1 0f 00000002
[W] 01000118 1 00 01000fd4
[W] 01000118 1 0f 00000008
[W] 0100011c 1 0e 01000fd0
[W] 01000120 1 00 01000fd0
[W] 01000120 1 00 01000fd0
[W] 01000120 1 00 01000fd0
[W] 01000120 1 0e 01000fd8
[W] 01000124 1 0d 00000002
[W] 01000128 1 0f 40000000
[W] 0100012c 1 0f 3fffffff
[W] 01000130 1 00 01000fd0
[W] 01000130 1 0f 40000001
[W] 01000134 1 0f 00000004
[W] 01000138 1 0d 01000fd0
[W] 0100013c 1 00 00000002
[W] 0100013c 1 00 00000002
[W] 0100013c 1 00 00000002
[W] 0100013c 1 0f 01000fd4
[W] 01000140 1 0e 00000001
[W] 01000144 0 00 01000fd4
[W] 01000148 1 0f 00000002
[W] 0100014c 1 00 01000fd4
[W] 0100014c 1 0f 00000008
[W] 01000150 1 0e 01000fd0
[W] 01000154 1 00 00000001
[W] 01000154 1 00 00000001
[W] 01000154 1 00 00000001
[W] 01000154 1 0f 01000fd8
[W] 01000158 1 0e 00000009
[W] 0100015c 0 00 01000fd8
[W] 01000160 1 0f 00000002
[W] 01000164 1 00 01000fd8
[W] 01000164 1 0f 00000003
[W] 01000168 0 00 01000fc8
[W] 0100016c 1 0e 00000008
[W] 01000170 1 0f 00000003
[W] 01000174 1 00 00000009
[W] 01000174 1 00 00000009
[W] 01000174 1 00 00000008
[W] 01000174 1 0f 00000005
[W] 01000178 1 0e 00000003
[W] 0100017c 1 00 00000008
[W] 0100017c 1 00 00000008
[W] 0100017c 1 00 00000008
[W] 0100017c 0 00 010000b8
[W] 01000180 1 00 01000fb0
[W] 00000000 1 00 00000000
[W] 010000b8 1 0e 00000003
[W] 010000bc 1 0f 40000000
[W] 010000c0 1 0f 3fffffff
[W] 010000c4 1 00 00000003
[W] 010000c4 1 0f 40000002
[W] 010000c8 1 0f 00000008
[W] 010000cc 1 0e 01000fd0
[W] 010000d0 1 00 00000003
[W] 010000d0 1 00 00000003
[W] 010000d0 1 00 00000003
[W] 010000d0 1 0f 01000fd8
[W] 010000d4 1 0e 00000009
[W] 010000d8 1 0f 00000003
[W] 010000dc 1 00 00000008
[W] 010000dc 1 0f 0000000c
[W] 010000e0 1 0d 01000fd0
[W] 010000e4 1 00 01000fd0
[W] 010000e4 1 00 01000fd0
[W] 010000e4 1 00 01000fd0
[W] 010000e4 1 0f 01000fdc
[W] 010000e8 1 0f 00000003
[W] 010000ec 1 00 0000000c
[W] 010000ec 0 00 01000160
[W] 010000f0 1 0e 00000003
[W] 010000f4 1 0f 40000000
[W] 010000f8 1 0f 3fffffff
[W] 010000fc 1 00 00000009
[W] 010000fc 1 0f 40000002
[W] 01000100 1 0f 00000008
[W] 01000104 1 0e 01000fd0
[W] 01000108 1 00 00000003
[W] 01000108 1 00 00000003
[W] 01000108 1 00 00000003
[W] 01000108 1 0f 01000fd8
[W] 0100010c 1 0f 00000009
[W] 01000110 0 00 01000fc4
[W] 01000114 1 0f 00000003
[W] 01000118 1 00 01000fd8
[W] 01000118 1 0f 0000000c
[W] 0100011c 1 0e 01000fd0
[W] 01000120 1 00 01000fd0
[W] 01000120 1 00 01000fd0
[W] 01000120 1 00 01000fd0
[W] 01000120 1 0e 01000fdc
[W] 01000124 1 0d 00000003
[W] 01000128 1 0f 40000000
[W] 0100012c 1 0f 3fffffff
[W] 01000130 1 00 01000fd0
[W] 01000130 1 0f 40000002
[W] 01000134 1 0f 00000008
[W] 01000138 1 0d 01000fd0
[W] 0100013c 1 00 00000003
[W] 0100013c 1 00 00000003
[W] 0100013c 1 00 00000003
[W] 0100013c 1 0f 01000fd8
[W] 01000140 1 0e 00000003
[W] 01000144 0 00 01000fd8
[W] 01000148 1 0f 00000003
[W] 0100014c 1 00 01000fd8
[W] 0100014c 1 0f 0000000c
[W] 01000150 1 0e 01000fd0
[W] 01000154 1 00 00000003
[W] 01000154 1 00 00000003
[W] 01000154 1 00 00000003
[W] 01000154 1 0f 01000fdc
[W] 01000158 1 0e 00000009
[W] 0100015c 0 00 01000fdc
[W] 01000160 1 0f 00000003
[W] 01000164 1 00 01000fdc
[W] 01000164 1 0f 00000004
[W] 01000168 0 00 01000fc8
[W] 0100016c 1 0e 00000008
[W] 01000170 1 0f 00000003
[W] 01000174 1 00 00000009
[W] 01000174 1 00 00000009
[W] 01000174 1 00 00000008
[W] 01000174 1 0f 00000005
[W] 01000178 1 0e 00000004
[W] 0100017c 1 00 00000008
[W] 0100017c 1 00 00000008
[W] 0100017c 1 00 00000008
[W] 0100017c 0 00 010000b8
[W] 01000180 1 00 01000fb0
[W] 00000000 1 00 00000000
[W] 010000b8 1 0e 00000004
[W] 010000bc 1 0f 40000000
[W] 010000c0 1 0f 3fffffff
[W] 010000c4 1 00 00000004
[W] 010000c4 1 0f 40000003
[W] 010000c8 1 0f 0000000c
[W] 010000cc 1 0e 01000fd0
[W] 010000d0 1 00 00000004
[W] 010000d0 1 00 00000004
[W] 010000d0 1 00 00000004
[W] 010000d0 1 0f 01000fdc
[W] 010000d4 1 0e 00000009
[W] 010000d8 1 0f 00000004
[W] 010000dc 1 00 0000000c
[W] 010000dc 1 0f 00000010
[W] 010000e0 1 0d 01000fd0
[W] 010000e4 1 00 01000fd0
[W] 010000e4 1 00 01000fd0
[W] 010000e4 1 00 01000fd0
[W] 010000e4 1 0f 01000fe0
[W] 010000e8 1 0f 0000000a
[W] 010000ec 1 00 00000010
[W] 010000ec 0 00 01000160
[W] 010000f0 1 00 01000fb0
[W] 00000000 1 00 00000000
[W] 01000160 1 0f 00000004
[W] 01000164 1 00 0000000a
[W] 01000164 1 0f 00000005
[W] 01000168 0 00 01000fc8
[W] 0100016c 1 0e 00000008
[W] 01000170 1 0f 00000003
[W] 01000174 1 00 00000009
[W] 01000174 1 00 00000009
[W] 01000174 1 00 00000008
[W] 01000174 1 0f 00000005
[W] 01000178 1 0e 00000005
[W] 0100017c 1 00 00000008
[W] 0100017c 1 00 00000008
[W] 0100017c 1 00 00000008
[W] 0100017c 0 00 010000b8
[W] 01000180 1 0f 00000003
[W] 01000184 1 00 00000005
[W] 01000184 1 0f 00000004
[W] 01000188 0 00 01000fcc
[W] 0100018c 1 0e 00000004
[W] 01000190 1 0f 00000008
[W] 01000194 1 00 00000005
[W] 01000194 1 00 00000005
[W] 01000194 1 00 00000004
[W] 01000194 0 00 010000ac
[W] 01000198 1 00 00000000
[W] 00000000 1 00 00000000
[W] 010000ac 1 0f 00000001
[W] 010000b0 0 00 01000fc8
[W] 010000b4 1 00 010000b8
[W] 010000b8 1 00 01000fb0
[W] 00000000 1 00 00000000
[W] 0100016c 1 0e 00000008
[W] 01000170 1 0f 00000004
[W] 01000174 1 00 00000004
[W] 01000174 1 00 00000004
[W] 01000174 1 00 00000008
[W] 01000174 1 0f 00000004
[W] 01000178 1 0e 00000001
[W] 0100017c 1 00 00000008
[W] 0100017c 1 00 00000008
[W] 0100017c 1 00 00000008
[W] 0100017c 0 00 010000b8
[W] 01000180 1 00 01000fb0
[W] 00000000 1 00 00000000
[W] 010000b8 1 0e 00000001
[W] 010000bc 1 0f 40000000
[W] 010000c0 1 0f 3fffffff
[W] 010000c4 1 00 00000001
[W] 010000c4 1 0f 40000000
[W] 010000c8 1 0f 00000000
[W] 010000cc 1 0e 01000fd0
[W] 010000d0 1 00 00000001
[W] 010000d0 1 00 00000001
[W] 010000d0 1 00 00000001
[W] 010000d0 1 0f 01000fd0
[W] 010000d4 1 0e 00000004
[W] 010000d8 1 0f 00000001
[W] 010000dc 1 00 00000000
[W] 010000dc 1 0f 00000004
[W] 010000e0 1 0d 01000fd0
[W] 010000e4 1 00 01000fd0
[W] 010000e4 1 00 01000fd0
[W] 010000e4 1 00 01000fd0
[W] 010000e4 1 0f 01000fd4
[W] 010000e8 1 0f 00000001
[W] 010000ec 1 00 00000004
[W] 010000ec 0 00 01000160
[W] 010000f0 1 0e 00000001
[W] 010000f4 1 0f 40000000
[W] 010000f8 1 0f 3fffffff
[W] 010000fc 1 00 00000004
[W] 010000fc 1 0f 40000000
[W] 01000100 1 0f 00000000
[W] 01000104 1 0e 01000fd0
[W] 01000108 1 00 00000001
[W] 01000108 1 00 00000001
[W] 01000108 1 00 00000001
[W] 01000108 1 0f 01000fd0
[W] 0100010c 1 0f 00000004
[W] 01000110 0 00 01000fc4
[W] 01000114 1 0f 00000001
[W] 01000118 1 00 01000fd0
[W] 01000118 1 0f 00000004
[W] 0100011c 1 0e 01000fd0
[W] 01000120 1 00 01000fd0
[W] 01000120 1 00 01000fd0
[W] 01000120 1 00 01000fd0
[W] 01000120 1 0e 01000fd4
[W] 01000124 1 0d 00000001
[W] 01000128 1 0f 40000000
[W] 0100012c 1 0f 3fffffff
[W] 01000130 1 00 01000fd0
[W] 01000130 1 0f 40000000
[W] 01000134 1 0f 00000000
[W] 01000138 1 0d 01000fd0
[W] 0100013c 1 00 00000001
[W] 0100013c 1 00 00000001
[W] 0100013c 1 00 00000001
[W] 0100013c 1 0f 01000fd0
[W] 01000140 1 0e 00000001
[W] 01000144 0 00 01000fd0
[W] 01000148 1 0f 00000001
[W] 0100014c 1 00 01000fd0
[W] 0100014c 1 0f 00000004
[W] 01000150 1 0e 01000fd0
[W] 01000154 1 00 00000001
[W] 01000154 1 00 00000001
[W] 01000154 1 00 00000001
[W] 01000154 1 0f 01000fd4
[W] 01000158 1 0e 00000004
[W] 0100015c 0 00 01000fd4
[W] 01000160 1 0f 00000001
[W] 01000164 1 00 01000fd4
[W] 01000164 1 0f 00000002
[W] 01000168 0 00 01000fc8
[W] 0100016c 1 0e 00000008
[W] 01000170 1 0f 00000004
[W] 01000174 1 00 00000004
[W] 01000174 1 00 00000004
[W] 01000174 1 00 00000008
[W] 01000174 1 0f 00000004
[W] 01000178 1 0e 00000002
[W] 0100017c 1 00 00000008
[W] 0100017c 1 00 00000008
[W] 0100017c 1 00 00000008
[W] 0100017c 0 00 010000b8
[W] 01000180 1 00 01000fb0
[W] 00000000 1 00 00000000
[W] 010000b8 1 0e 00000002
[W] 010000bc 1 0f 40000000
[W] 010000c0 1 0f 3fffffff
[W] 010000c4 1 00 00000002
[W] 010000c4 1 0f 40000001
[W] 010000c8 1 0f 00000004
[W] 010000cc 1 0e 01000fd0
[W] 010000d0 1 00 00000002
[W] 010000d0 1 00 00000002
[W] 010000d0 1 00 00000002
[W] 010000d0 1 0f 01000fd4
[W] 010000d4 1 0e 00000004
[W] 010000d8 1 0f 00000002
[W] 010000dc 1 00 00000004
[W] 010000dc 1 0f 00000008
[W] 010000e0 1 0d 01000fd0
[W] 010000e4 1 00 01000fd0
[W] 010000e4 1 00 01000fd0
[W] 010000e4 1 00 01000fd0
[W] 010000e4 1 0f 01000fd8
[W] 010000e8 1 0f 00000003
[W] 010000ec 1 00 00000008
[W] 010000ec 0 00 01000160
[W] 010000f0 1 0e 00000002
[W] 010000f4 1 0f 40000000
[W] 010000f8 1 0f 3fffffff
[W] 010000fc 1 00 00000004
[W] 010000fc 1 0f 40000001
[W] 01000100 1 0f 00000004
[W] 01000104 1 0e 01000fd0
[W] 01000108 1 00 00000002
[W] 01000108 1 00 00000002
[W] 01000108 1 00 00000002
[W] 01000108 1 0f 01000fd4
[W] 0100010c 1 0f 00000004
[W] 01000110 0 00 01000fc4
[W] 01000114 1 0f 00000002
[W] 01000118 1 00 01000fd4
[W] 01000118 1 0f 00000008
[W] 0100011c 1 0e 01000fd0
[W] 01000120 1 00 01000fd0
[W] 01000120 1 00 01000fd0
[W] 01000120 1 00 01000fd0
[W] 01000120 1 0e 01000fd8
[W] 01000124 1 0d 00000002
[W] 01000128 1 0f 40000000
[W] 0100012c 1 0f 3fffffff
[W] 01000130 1 00 01000fd0
[W] 01000130 1 0f 40000001
[W] 01000134 1 0f 00000004
[W] 01000138 1 0d 01000fd0
[W] 0100013c 1 00 00000002
[W] 0100013c 1 00 00000002
[W] 0100013c 1 00 00000002
[W] 0100013c 1 0f 01000fd4
[W] 01000140 1 0e 00000003
[W] 01000144 0 00 01000fd4
[W] 01000148 1 0f 00000002
[W] 0100014c 1 00 01000fd4
[W] 0100014c 1 0f 00000008
[W] 01000150 1 0e 01000fd0
[W] 01000154 1 00 00000003
[W] 01000154 1 00 00000003
[W] 01000154 1 00 00000003
[W] 01000154 1 0f 01000fd8
[W] 01000158 1 0e 00000004
[W] 0100015c 0 00 01000fd8
[W] 01000160 1 0f 00000002
[W] 01000164 1 00 01000fd8
[W] 01000164 1 0f 00000003
[W] 01000168 0 00 01000fc8
[W] 0100016c 1 0e 00000008
[W] 01000170 1 0f 00000004
[W] 01000174 1 00 00000004
[W] 01000174 1 00 00000004
[W] 01000174 1 00 00000008
[W] 01000174 1 0f 00000004
[W] 01000178 1 0e 00000003
[W] 0100017c 1 00 00000008
[W] 0100017c 1 00 00000008
[W] 0100017c 1 00 00000008
[W] 0100017c 0 00 010000b8
[W] 01000180 1 00 01000fb0
[W] 00000000 1 00 00000000
[W] 010000b8 1 0e 00000003
[W] 010000bc 1 0f 40000000
[W] 010000c0 1 0f 3fffffff
[W] 010000c4 1 00 00000003
[W] 010000c4 1 0f 40000002
[W] 010000c8 1 0f 00000008
[W] 010000cc 1 0e 01000fd0
[W] 010000d0 1 00 00000003
[W] 010000d0 1 00 00000003
[W] 010000d0 1 00 00000003
[W] 010000d0 1 0f 01000fd8
[W] 010000d4 1 0e 00000004
[W] 010000d8 1 0f 00000003
[W] 010000dc 1 00 00000008
[W] 010000dc 1 0f 0000000c
[W] 010000e0 1 0d 01000fd0
[W] 010000e4 1 00 01000fd0
[W] 010000e4 1 00 01000fd0
[W] 010000e4 1 00 01000fd0
[W] 010000e4 1 0f 01000fdc
[W] 010000e8 1 0f 00000009
[W] 010000ec 1 00 0000000c
[W] 010000ec 0 00 01000160
[W] 010000f0 1 00 01000fb0
[W] 00000000 1 00 00000000
[W] 01000160 1 0f 00000003
[W] 01000164 1 00 00000009
[W] 01000164 1 0f 00000004
[W] 01000168 0 00 01000fc8
[W] 0100016c 1 0e 00000008
[W] 01000170 1 0f 00000004
[W] 01000174 1 00 00000004
[W] 01000174 1 00 00000004
[W] 01000174 1 00 00000008
[W] 01000174 1 0f 00000004
[W] 01000178 1 0e 00000004
[W] 0100017c 1 00 00000008
[W] 0100017c 1 00 00000008
[W] 0100017c 1 00 00000008
[W] 0100017c 0 00 010000b8
[W] 01000180 1 0f 00000004
[W] 01000184 1 00 00000004
[W] 01000184 1 0f 00000005
[W] 01000188 0 00 01000fcc
[W] 0100018c 1 0e 00000005
[W] 01000190 1 0f 00000008
[W] 01000194 1 00 00000004
[W] 01000194 1 00 00000004
[W] 01000194 1 00 00000005
[W] 01000194 0 00 010000ac
[W] 01000198 1 00 00000000
[W] 00000000 1 00 00000000
[W] 010000ac 1 0f 00000001
[W] 010000b0 0 00 01000fc8
[W] 010000b4 1 00 010000b8
[W] 010000b8 1 00 01000fb0
[W] 00000000 1 00 00000000
[W] 0100016c 1 0e 00000008
[W] 01000170 1 0f 00000005
[W] 01000174 1 00 00000005
[W] 01000174 1 00 00000005
[W] 01000174 1 00 00000008
[W] 01000174 1 0f 00000003
[W] 01000178 1 0e 00000001
[W] 0100017c 1 00 00000008
[W] 0100017c 1 00 00000008
[W] 0100017c 1 00 00000008
[W] 0100017c 0 00 010000b8
[W] 01000180 1 00 01000fb0
[W] 00000000 1 00 00000000
[W] 010000b8 1 0e 00000001
[W] 010000bc 1 0f 40000000
[W] 010000c0 1 0f 3fffffff
[W] 010000c4 1 00 00000001
[W] 010000c4 1 0f 40000000
[W] 010000c8 1 0f 00000000
[W] 010000cc 1 0e 01000fd0
[W] 010000d0 1 00 00000001
[W] 010000d0 1 00 00000001
[W] 010000d0 1 00 00000001
[W] 010000d0 1 0f 01000fd0
[W] 010000d4 1 0e 00000001
[W] 010000d8 1 0f 00000001
[W] 010000dc 1 00 00000000
[W] 010000dc 1 0f 00000004
[W] 010000e0 1 0d 01000fd0
[W] 010000e4 1 00 01000fd0
[W] 010000e4 1 00 01000fd0
[W] 010000e4 1 00 01000fd0
[W] 010000e4 1 0f 01000fd4
[W] 010000e8 1 0f 00000003
[W] 010000ec 1 00 00000004
[W] 010000ec 0 00 01000160
[W] 010000f0 1 00 01000fb0
[W] 00000000 1 00 00000000
[W] 01000160 1 0f 00000001
[W] 01000164 1 00 00000003
[W] 01000164 1 0f 00000002
[W] 01000168 0 00 01000fc8
[W] 0100016c 1 0e 00000008
[W] 01000170 1 0f 00000005
[W] 01000174 1 00 00000001
[W] 01000174 1 00 00000001
[W] 01000174 1 00 00000008
[W] 01000174 1 0f 00000003
[W] 01000178 1 0e 00000002
[W] 0100017c 1 00 00000008
[W] 0100017c 1 00 00000008
[W] 0100017c 1 00 00000008
[W] 0100017c 0 00 010000b8
[W] 01000180 1 00 01000fb0
[W] 00000000 1 00 00000000
[W] 010000b8 1 0e 00000002
[W] 010000bc 1 0f 40000000
[W] 010000c0 1 0f 3fffffff
[W] 010000c4 1 00 00000002
[W] 010000c4 1 0f 40000001
[W] 010000c8 1 0f 00000004
[W] 010000cc 1 0e 01000fd0
[W] 010000d0 1 00 00000002
[W] 010000d0 1 00 00000002
[W] 010000d0 1 00 00000002
[W] 010000d0 1 0f 01000fd4
[W] 010000d4 1 0e 00000003
[W] 010000d8 1 0f 00000002
[W] 010000dc 1 00 00000004
[W] 010000dc 1 0f 00000008
[W] 010000e0 1 0d 01000fd0
[W] 010000e4 1 00 01000fd0
[W] 010000e4 1 00 01000fd0
[W] 010000e4 1 00 01000fd0
[W] 010000e4 1 0f 01000fd8
[W] 010000e8 1 0f 00000004
[W] 010000ec 1 00 00000008
[W] 010000ec 0 00 01000160
[W] 010000f0 1 00 01000fb0
[W] 00000000 1 00 00000000
[W] 01000160 1 0f 00000002
[W] 01000164 1 00 00000004
[W] 01000164 1 0f 00000003
[W] 01000168 0 00 01000fc8
[W] 0100016c 1 0e 00000008
[W] 01000170 1 0f 00000005
[W] 01000174 1 00 00000003
[W] 01000174 1 00 00000003
[W] 01000174 1 00 00000008
[W] 01000174 1 0f 00000003
[W] 01000178 1 0e 00000003
[W] 0100017c 1 00 00000008
[W] 0100017c 1 00 00000008
[W] 0100017c 1 00 00000008
[W] 0100017c 0 00 010000b8
[W] 01000180 1 0f 00000005
[W] 01000184 1 00 00000003
[W] 01000184 1 0f 00000006
[W] 01000188 0 00 01000fcc
[W] 0100018c 1 0e 00000006
[W] 01000190 1 0f 00000008
[W] 01000194 1 00 00000003
[W] 01000194 1 00 00000003
[W] 01000194 1 00 00000006
[W] 01000194 0 00 010000ac
[W] 01000198 1 00 00000000
[W] 00000000 1 00 00000000
[W] 010000ac 1 0f 00000001
[W] 010000b0 0 00 01000fc8
[W] 010000b4 1 00 010000b8
[W] 010000b8 1 00 01000fb0
[W] 00000000 1 00 00000000
[W] 0100016c 1 0e 00000008
[W] 01000170 1 0f 00000006
[W] 01000174 1 00 00000006
[W] 01000174 1 00 00000006
[W] 01000174 1 00 00000008
[W] 01000174 1 0f 00000002
[W] 01000178 1 0e 00000001
[W] 0100017c 1 00 00000008
[W] 0100017c 1 00 00000008
[W] 0100017c 1 00 00000008
[W] 0100017c 0 00 010000b8
[W] 01000180 1 00 01000fb0
[W] 00000000 1 00 00000000
[W] 010000b8 1 0e 00000001
[W] 010000bc 1 0f 40000000
[W] 010000c0 1 0f 3fffffff
[W] 010000c4 1 00 00000001
[W] 010000c4 1 0f 40000000
[W] 010000c8 1 0f 00000000
[W] 010000cc 1 0e 01000fd0
[W] 010000d0 1 00 00000001
[W] 010000d0 1 00 00000001
[W] 010000d0 1 00 00000001
[W] 010000d0 1 0f 01000fd0
[W] 010000d4 1 0e 00000001
[W] 010000d8 1 0f 00000001
[W] 010000dc 1 00 00000000
[W] 010000dc 1 0f 00000004
[W] 010000e0 1 0d 01000fd0
[W] 010000e4 1 00 01000fd0
[W] 010000e4 1 00 01000fd0
[W] 010000e4 1 00 01000fd0
[W] 010000e4 1 0f 01000fd4
[W] 010000e8 1 0f 00000003
[W] 010000ec 1 00 00000004
[W] 010000ec 0 00 01000160
[W] 010000f0 1 00 01000fb0
[W] 00000000 1 00 00000000
[W] 01000160 1 0f 00000001
[W] 01000164 1 00 00000003
[W] 01000164 1 0f 00000002
[W] 01000168 0 00 01000fc8
[W] 0100016c 1 0e 00000008
[W] 01000170 1 0f 00000006
[W] 01000174 1 00 00000001
[W] 01000174 1 00 00000001
[W] 01000174 1 00 00000008
[W] 01000174 1 0f 00000002
[W] 01000178 1 0e 00000002
[W] 0100017c 1 00 00000008
[W] 0100017c 1 00 00000008
[W] 0100017c 1 00 00000008
[W] 0100017c 0 00 010000b8
[W] 01000180 1 0f 00000006
[W] 01000184 1 00 00000002
[W] 01000184 1 0f 00000007
[W] 01000188 0 00 01000fcc
[W] 0100018c 1 0e 00000007
[W] 01000190 1 0f 00000008
[W] 01000194 1 00 00000002
[W] 01000194 1 00 00000002
[W] 01000194 1 00 00000007
[W] 01000194 0 00 010000ac
[W] 01000198 1 00 00000000
[W] 00000000 1 00 00000000
[W] 010000ac 1 0f 00000001
[W] 010000b0 0 00 01000fc8
[W] 010000b4 1 00 010000b8
[W] 010000b8 1 00 01000fb0
[W] 00000000 1 00 00000000
[W] 0100016c 1 0e 00000008
[W] 01000170 1 0f 00000007
[W] 01000174 1 00 00000007
[W] 01000174 1 00 00000007
[W] 01000174 1 00 00000008
[W] 01000174 1 0f 00000001
[W] 01000178 1 0e 00000001
[W] 0100017c 1 00 00000008
[W] 0100017c 1 00 00000008
[W] 0100017c 1 00 00000008
[W] 0100017c 0 00 010000b8
[W] 01000180 1 0f 00000007
[W] 01000184 1 00 00000001
[W] 01000184 1 0f 00000008
[W] 01000188 0 00 01000fcc
[W] 0100018c 1 0e 00000008
[W] 01000190 1 0f 00000008
[W] 01000194 1 00 00000001
[W] 01000194 1 00 00000001
[W] 01000194 1 00 00000008
[W] 01000194 0 00 010000ac
[W] 01000198 1 00 00000000
[W] 0100019c 1 02 01000fd0
[W] 010001a0 1 00 010001a4
[W] 010001a4 1 00 01000fb0
[W] 00000000 1 00 00000000
[W] 01000078 1 0f 01000fd0
[W] 0100007c 1 0a 01000fd0
[W] 01000080 1 01 01000084
[W] 01000084 1 00 01000fd0
[W] 00000000 1 00 00000000
[W] 010001a4 1 02 01000fa0
[W] 010001a8 0 00 01000fcc
[W] 010001ac 0 00 01000fac
[W] 010001b0 1 0f 00000001
[W] 010001b4 0 00 01000fb8
[W] 010001b8 0 00 01000fbc
[W] 010001bc 0 00 01000fbc
[W] 010001c0 1 00 010001c4
[W] 010001c4 1 00 01000fa0
[W] 00000000 1 00 00000000
[W] 0100020c 1 0e 00000000
[W] 01000210 1 0f 00000006
[W] 01000214 0 00 010001c4
[W] 01000218 1 00 00000000
[W] 00000000 1 00 00000000
[W] 010001c4 1 0f 00000000
[W] 010001c8 1 00 00000006
[W] 010001c8 1 0f 00000000
[W] 010001cc 1 0e 01000fd0
[W] 010001d0 1 00 00000000
[W] 010001d0 1 00 00000000
[W] 010001d0 1 00 00000000
[W] 010001d0 1 0f 01000fd0
[W] 010001d4 1 0e 00000001
[W] 010001d8 1 0f 00000000
[W] 010001dc 1 00 00000000
[W] 010001dc 1 0f 00000001
[W] 010001e0 1 0f 00000004
[W] 010001e4 1 0d 01000fd0
[W] 010001e8 1 00 01000fd0
[W] 010001e8 1 00 01000fd0
[W] 010001e8 1 00 01000fd0
[W] 010001e8 1 0f 01000fd4
[W] 010001ec 1 0f 00000003
[W] 010001f0 1 00 00000004
[W] 010001f0 0 00 01000200
[W] 010001f4 1 00 00000000
[W] 00000000 1 00 00000000
[W] 01000200 1 0f 00000000
[W] 01000204 1 00 00000003
[W] 01000204 1 0f 00000001
[W] 01000208 0 00 01000fbc
[W] 0100020c 1 0e 00000001
[W] 01000210 1 0f 00000006
[W] 01000214 0 00 010001c4
[W] 01000218 1 00 00000000
[W] 00000000 1 00 00000000
[W] 010001c4 1 0f 00000001
[W] 010001c8 1 00 00000006
[W] 010001c8 1 0f 00000004
[W] 010001cc 1 0e 01000fd0
[W] 010001d0 1 00 00000001
[W] 010001d0 1 00 00000001
[W] 010001d0 1 00 00000001
[W] 010001d0 1 0f 01000fd4
[W] 010001d4 1 0e 00000003
[W] 010001d8 1 0f 00000001
[W] 010001dc 1 00 00000004
[W] 010001dc 1 0f 00000002
[W] 010001e0 1 0f 00000008
[W] 010001e4 1 0d 01000fd0
[W] 010001e8 1 00 01000fd0
[W] 010001e8 1 00 01000fd0
[W] 010001e8 1 00 01000fd0
[W] 010001e8 1 0f 01000fd8
[W] 010001ec 1 0f 00000004
[W] 010001f0 1 00 00000008
[W] 010001f0 0 00 01000200
[W] 010001f4 1 00 00000000
[W] 00000000 1 00 00000000
[W] 01000200 1 0f 00000001
[W] 01000204 1 00 00000004
[W] 01000204 1 0f 00000002
[W] 01000208 0 00 01000fbc
[W] 0100020c 1 0e 00000002
[W] 01000210 1 0f 00000006
[W] 01000214 0 00 010001c4
[W] 01000218 1 00 00000000
[W] 00000000 1 00 00000000
[W] 010001c4 1 0f 00000002
[W] 010001c8 1 00 00000006
[W] 010001c8 1 0f 00000008
[W] 010001cc 1 0e 01000fd0
[W] 010001d0 1 00 00000002
[W] 010001d0 1 00 00000002
[W] 010001d0 1 00 00000002
[W] 010001d0 1 0f 01000fd8
[W] 010001d4 1 0e 00000004
[W] 010001d8 1 0f 00000002
[W] 010001dc 1 00 00000008
[W] 010001dc 1 0f 00000003
[W] 010001e0 1 0f 0000000c
[W] 010001e4 1 0d 01000fd0
[W] 010001e8 1 00 01000fd0
[W] 010001e8 1 00 01000fd0
[W] 010001e8 1 00 01000fd0
[W] 010001e8 1 0f 01000fdc
[W] 010001ec 1 0f 00000009
[W] 010001f0 1 00 0000000c
[W] 010001f0 0 00 01000200
[W] 010001f4 1 00 00000000
[W] 00000000 1 00 00000000
[W] 01000200 1 0f 00000002
[W] 01000204 1 00 00000009
[W] 01000204 1 0f 00000003
[W] 01000208 0 00 01000fbc
[W] 0100020c 1 0e 00000003
[W] 01000210 1 0f 00000006
[W] 01000214 0 00 010001c4
[W] 01000218 1 00 00000000
[W] 00000000 1 00 00000000
[W] 010001c4 1 0f 00000003
[W] 010001c8 1 00 00000006
[W] 010001c8 1 0f 0000000c
[W] 010001cc 1 0e 01000fd0
[W] 010001d0 1 00 00000003
[W] 010001d0 1 00 00000003
[W] 010001d0 1 00 00000003
[W] 010001d0 1 0f 01000fdc
[W] 010001d4 1 0e 00000009
[W] 010001d8 1 0f 00000003
[W] 010001dc 1 00 0000000c
[W] 010001dc 1 0f 00000004
[W] 010001e0 1 0f 00000010
[W] 010001e4 1 0d 01000fd0
[W] 010001e8 1 00 01000fd0
[W] 010001e8 1 00 01000fd0
[W] 010001e8 1 00 01000fd0
[W] 010001e8 1 0f 01000fe0
[W] 010001ec 1 0f 0000000a
[W] 010001f0 1 00 00000010
[W] 010001f0 0 00 01000200
[W] 010001f4 1 00 00000000
[W] 00000000 1 00 00000000
[W] 01000200 1 0f 00000003
[W] 01000204 1 00 0000000a
[W] 01000204 1 0f 00000004
[W] 01000208 0 00 01000fbc
[W] 0100020c 1 0e 00000004
[W] 01000210 1 0f 00000006
[W] 01000214 0 00 010001c4
[W] 01000218 1 00 00000000
[W] 00000000 1 00 00000000
[W] 010001c4 1 0f 00000004
[W] 010001c8 1 00 00000006
[W] 010001c8 1 0f 00000010
[W] 010001cc 1 0e 01000fd0
[W] 010001d0 1 00 00000004
[W] 010001d0 1 00 00000004
[W] 010001d0 1 00 00000004
[W] 010001d0 1 0f 01000fe0
[W] 010001d4 1 0e 0000000a
[W] 010001d8 1 0f 00000004
[W] 010001dc 1 00 00000010
[W] 010001dc 1 0f 00000005
[W] 010001e0 1 0f 00000014
[W] 010001e4 1 0d 01000fd0
[W] 010001e8 1 00 01000fd0
[W] 010001e8 1 00 01000fd0
[W] 010001e8 1 00 01000fd0
[W] 010001e8 1 0f 01000fe4
[W] 010001ec 1 0f 0000000c
[W] 010001f0 1 00 00000014
[W] 010001f0 0 00 01000200
[W] 010001f4 1 00 00000000
[W] 00000000 1 00 00000000
[W] 01000200 1 0f 00000004
[W] 01000204 1 00 0000000c
[W] 01000204 1 0f 00000005
[W] 01000208 0 00 01000fbc
[W] 0100020c 1 0e 00000005
[W] 01000210 1 0f 00000006
[W] 01000214 0 00 010001c4
[W] 01000218 1 00 00000000
[W] 00000000 1 00 00000000
[W] 010001c4 1 0f 00000005
[W] 010001c8 1 00 00000006
[W] 010001c8 1 0f 00000014
[W] 010001cc 1 0e 01000fd0
[W] 010001d0 1 00 00000005
[W] 010001d0 1 00 00000005
[W] 010001d0 1 00 00000005
[W] 010001d0 1 0f 01000fe4
[W] 010001d4 1 0e 0000000c
[W] 010001d8 1 0f 00000005
[W] 010001dc 1 00 00000014
[W] 010001dc 1 0f 00000006
[W] 010001e0 1 0f 00000018
[W] 010001e4 1 0d 01000fd0
[W] 010001e8 1 00 01000fd0
[W] 010001e8 1 00 01000fd0
[W] 010001e8 1 00 01000fd0
[W] 010001e8 1 0f 01000fe8
[W] 010001ec 1 0f 00000063
[W] 010001f0 1 00 00000018
[W] 010001f0 0 00 01000200
[W] 010001f4 1 00 00000000
[W] 00000000 1 00 00000000
[W] 01000200 1 0f 00000005
[W] 01000204 1 00 00000063
[W] 01000204 1 0f 00000006
[W] 01000208 0 00 01000fbc
[W] 0100020c 1 0e 00000006
[W] 01000210 1 0f 00000006
[W] 01000214 0 00 010001c4
[W] 01000218 1 00 00000000
[W] 00000000 1 00 00000000
[W] 010001c4 1 0f 00000006
[W] 010001c8 1 00 00000006
[W] 010001c8 1 0f 00000018
[W] 010001cc 1 0e 01000fd0
[W] 010001d0 1 00 00000006
[W] 010001d0 1 00 00000006
[W] 010001d0 1 00 00000006
[W] 010001d0 1 0f 01000fe8
[W] 010001d4 1 0e 00000063
[W] 010001d8 1 0f 00000006
[W] 010001dc 1 00 00000018
[W] 010001dc 1 0f 00000007
[W] 010001e0 1 0f 0000001c
[W] 010001e4 1 0d 01000fd0
[W] 010001e8 1 00 01000fd0
[W] 010001e8 1 00 01000fd0
[W] 010001e8 1 00 01000fd0
[W] 010001e8 1 0f 01000fec
[W] 010001ec 1 0f 00000078
[W] 010001f0 1 00 0000001c
[W] 010001f0 0 00 01000200
[W] 010001f4 1 00 00000000
[W] 00000000 1 00 00000000
[W] 01000200 1 0f 00000006
[W] 01000204 1 00 00000078
[W] 01000204 1 0f 00000007
[W] 01000208 0 00 01000fbc
[W] 0100020c 1 0e 00000007
[W] 01000210 1 0f 00000006
[W] 01000214 0 00 010001c4
[W] 01000218 1 01 0100021c
[W] 0100021c 1 00 01000fd0
[W] 00000000 1 00 00000000
[W] 01000230 1 0f 00000001
[W] 01000234 1 0a 00000001
[W] 01000238 1 00 0100023c
[W] 0100023c 1 00 00000000
[W] 00000000 1 00 00000000
[W] 0100021c 1 0f 00000001
[W] 01000220 1 0a 00000001
[W] 01000224 1 01 01000084
[W] 01000228 1 02 01000fd0
[W] 0100022c 1 00 01000230
[W] 01000230 1 00 00000000
[W] 00000000 1 00 00000000
[W] 01000084 1 0f 00000001
[W] 01000088 1 0a 00000001
[W] 0100008c 1 01 00000000
[W] 01000090 1 02 01001000
[W] 01000094 1 00 01000098
