[W] 00000000 0 00 00000000
[W] 00000000 0 00 00000000
[W] 00000000 0 00 00000000
[W] 00000000 0 00 00000000
[W] 01000000 1 02 01000fe0
[W] 01000004 0 00 01000ffc
[W] 01000008 0 00 01000fec
[W] 0100000c 1 00 01001000
[W] 0100000c 0 00 01000fe8
[W] 01000010 0 00 01000fec
[W] 01000014 1 00 01000018
[W] 01000018 1 00 01000fe0
[W] 00000000 1 00 00000000
[W] 0100003c 1 0e 00000000
[W] 01000040 1 0f 00000003
[W] 01000044 0 00 01000018
[W] 01000048 1 00 01000fe0
[W] 00000000 1 00 00000000
[W] 01000018 1 0a 00000000
[W] 0100001c 1 01 01000020
[W] 01000020 1 00 00000000
[W] 00000000 1 00 00000000
[W] 01000064 1 02 01000fb0
[W] 01000068 0 00 01000fdc
[W] 0100006c 0 00 01000fbc
[W] 01000070 1 00 01000fe0
[W] 01000070 0 00 01000fcc
[W] 01000074 0 00 01000fc8
[W] 01000078 1 0f 00000000
[W] 0100007c 1 00 00000003
[W] 0100007c 0 00 01000088
[W] 01000080 1 0f 00000001
[W] 01000084 1 00 01000088
[W] 01000088 1 00 01000fb0
[W] 00000000 1 00 00000000
[W] 010000cc 1 0a 00000001
[W] 010000d0 1 01 01000020
[W] 010000d4 1 02 01000fe0
[W] 010000d8 1 00 010000dc
[W] 010000dc 1 00 01000fb0
[W] 00000000 1 00 00000000
[W] 01000020 1 0e 00000001
[W] 01000024 1 0f 00000000
[W] 01000028 1 00 00000001
[W] 01000028 1 00 00000001
[W] 01000028 1 00 00000001
[W] 01000028 1 0f 00000001
[W] 0100002c 0 00 01000fe8
[W] 01000030 1 0f 00000000
[W] 01000034 1 00 00000000
[W] 01000034 1 0f 00000001
[W] 01000038 0 00 01000fec
[W] 0100003c 1 0e 00000001
[W] 01000040 1 0f 00000003
[W] 01000044 0 00 01000018
[W] 01000048 1 00 01000fe0
[W] 00000000 1 00 00000000
[W] 01000018 1 0a 00000001
[W] 0100001c 1 01 01000020
[W] 01000020 1 00 00000001
[W] 00000000 1 00 00000000
[W] 01000064 1 02 01000fb0
[W] 01000068 0 00 01000fdc
[W] 0100006c 0 00 01000fbc
[W] 01000070 1 00 01000fe0
[W] 01000070 0 00 01000fcc
[W] 01000074 0 00 01000fc8
[W] 01000078 1 0f 00000001
[W] 0100007c 1 00 00000003
[W] 0100007c 0 00 01000088
[W] 01000080 1 00 00000000
[W] 00000000 1 00 00000000
[W] 01000088 0 00 01000fcc
[W] 0100008c 1 00 01000090
[W] 01000090 1 00 01000fb0
[W] 00000000 1 00 00000000
[W] 010000bc 1 0e 00000000
[W] 010000c0 1 0f 00000001
[W] 010000c4 1 00 00000001
[W] 010000c4 1 00 00000001
[W] 010000c4 1 00 00000000
[W] 010000c4 0 00 01000090
[W] 010000c8 1 00 01000fb0
[W] 00000000 1 00 00000000
[W] 01000090 1 0f 00000001
[W] 01000094 1 00 00000001
[W] 01000094 1 0f 00000000
[W] 01000098 1 0a 00000000
[W] 0100009c 1 01 010000a0
[W] 010000a0 1 00 00000001
[W] 00000000 1 00 00000000
[W] 01000064 1 02 01000f80
[W] 01000068 0 00 01000fac
[W] 0100006c 0 00 01000f8c
[W] 01000070 1 00 01000fb0
[W] 01000070 0 00 01000f9c
[W] 01000074 0 00 01000f98
[W] 01000078 1 0f 00000000
[W] 0100007c 1 00 00000000
[W] 0100007c 0 00 01000088
[W] 01000080 1 0f 00000001
[W] 01000084 1 00 01000088
[W] 01000088 1 00 01000f80
[W] 00000000 1 00 00000000
[W] 010000cc 1 0a 00000001
[W] 010000d0 1 01 010000a0
[W] 010000d4 1 02 01000fb0
[W] 010000d8 1 00 010000dc
[W] 010000dc 1 00 01000f80
[W] 00000000 1 00 00000000
[W] 010000a0 1 0e 00000001
[W] 010000a4 1 0f 00000000
[W] 010000a8 1 00 00000001
[W] 010000a8 1 00 00000001
[W] 010000a8 1 00 00000001
[W] 010000a8 1 0f 00000001
[W] 010000ac 0 00 01000fc8
[W] 010000b0 1 0f 00000000
[W] 010000b4 1 00 00000000
[W] 010000b4 1 0f 00000001
[W] 010000b8 0 00 01000fcc
[W] 010000bc 1 0e 00000001
[W] 010000c0 1 0f 00000001
[W] 010000c4 1 00 00000001
[W] 010000c4 1 00 00000001
[W] 010000c4 1 00 00000001
[W] 010000c4 0 00 01000090
[W] 010000c8 1 0f 00000001
[W] 010000cc 1 00 00000001
[W] 010000cc 1 0a 00000001
[W] 010000d0 1 01 01000020
[W] 010000d4 1 02 01000fe0
[W] 010000d8 1 00 010000dc
[W] 010000dc 1 00 01000fb0
[W] 00000000 1 00 00000000
[W] 01000020 1 0e 00000001
[W] 01000024 1 0f 00000001
[W] 01000028 1 00 00000001
[W] 01000028 1 00 00000001
[W] 01000028 1 00 00000001
[W] 01000028 1 0f 00000002
[W] 0100002c 0 00 01000fe8
[W] 01000030 1 0f 00000001
[W] 01000034 1 00 00000001
[W] 01000034 1 0f 00000002
[W] 01000038 0 00 01000fec
[W] 0100003c 1 0e 00000002
[W] 01000040 1 0f 00000003
[W] 01000044 0 00 01000018
[W] 01000048 1 00 01000fe0
[W] 00000000 1 00 00000000
[W] 01000018 1 0a 00000002
[W] 0100001c 1 01 01000020
[W] 01000020 1 00 00000001
[W] 00000000 1 00 00000000
[W] 01000064 1 02 01000fb0
[W] 01000068 0 00 01000fdc
[W] 0100006c 0 00 01000fbc
[W] 01000070 1 00 01000fe0
[W] 01000070 0 00 01000fcc
[W] 01000074 0 00 01000fc8
[W] 01000078 1 0f 00000002
[W] 0100007c 1 00 00000003
[W] 0100007c 0 00 01000088
[W] 01000080 1 00 00000000
[W] 00000000 1 00 00000000
[W] 01000088 0 00 01000fcc
[W] 0100008c 1 00 01000090
[W] 01000090 1 00 01000fb0
[W] 00000000 1 00 00000000
[W] 010000bc 1 0e 00000000
[W] 010000c0 1 0f 00000002
[W] 010000c4 1 00 00000002
[W] 010000c4 1 00 00000002
[W] 010000c4 1 00 00000000
[W] 010000c4 0 00 01000090
[W] 010000c8 1 00 01000fb0
[W] 00000000 1 00 00000000
[W] 01000090 1 0f 00000002
[W] 01000094 1 00 00000002
[W] 01000094 1 0f 00000001
[W] 01000098 1 0a 00000001
[W] 0100009c 1 01 010000a0
[W] 010000a0 1 00 00000002
[W] 00000000 1 00 00000000
[W] 01000064 1 02 01000f80
[W] 01000068 0 00 01000fac
[W] 0100006c 0 00 01000f8c
[W] 01000070 1 00 01000fb0
[W] 01000070 0 00 01000f9c
[W] 01000074 0 00 01000f98
[W] 01000078 1 0f 00000001
[W] 0100007c 1 00 00000001
[W] 0100007c 0 00 01000088
[W] 01000080 1 00 00000000
[W] 00000000 1 00 00000000
[W] 01000088 0 00 01000f9c
[W] 0100008c 1 00 01000090
[W] 01000090 1 00 01000f80
[W] 00000000 1 00 00000000
[W] 010000bc 1 0e 00000000
[W] 010000c0 1 0f 00000001
[W] 010000c4 1 00 00000000
[W] 010000c4 1 00 00000000
[W] 010000c4 1 00 00000000
[W] 010000c4 0 00 01000090
[W] 010000c8 1 00 01000f80
[W] 00000000 1 00 00000000
[W] 01000090 1 0f 00000001
[W] 01000094 1 00 00000001
[W] 01000094 1 0f 00000000
[W] 01000098 1 0a 00000000
[W] 0100009c 1 01 010000a0
[W] 010000a0 1 00 00000001
[W] 00000000 1 00 00000000
[W] 01000064 1 02 01000f50
[W] 01000068 0 00 01000f7c
[W] 0100006c 0 00 01000f5c
[W] 01000070 1 00 01000f80
[W] 01000070 0 00 01000f6c
[W] 01000074 0 00 01000f68
[W] 01000078 1 0f 00000000
[W] 0100007c 1 00 00000000
[W] 0100007c 0 00 01000088
[W] 01000080 1 0f 00000001
[W] 01000084 1 00 01000088
[W] 01000088 1 00 01000f50
[W] 00000000 1 00 00000000
[W] 010000cc 1 0a 00000001
[W] 010000d0 1 01 010000a0
[W] 010000d4 1 02 01000f80
[W] 010000d8 1 00 010000dc
[W] 010000dc 1 00 01000f50
[W] 00000000 1 00 00000000
[W] 010000a0 1 0e 00000001
[W] 010000a4 1 0f 00000000
[W] 010000a8 1 00 00000001
[W] 010000a8 1 00 00000001
[W] 010000a8 1 00 00000001
[W] 010000a8 1 0f 00000001
[W] 010000ac 0 00 01000f98
[W] 010000b0 1 0f 00000000
[W] 010000b4 1 00 00000000
[W] 010000b4 1 0f 00000001
[W] 010000b8 0 00 01000f9c
[W] 010000bc 1 0e 00000001
[W] 010000c0 1 0f 00000001
[W] 010000c4 1 00 00000001
[W] 010000c4 1 00 00000001
[W] 010000c4 1 00 00000001
[W] 010000c4 0 00 01000090
[W] 010000c8 1 0f 00000001
[W] 010000cc 1 00 00000001
[W] 010000cc 1 0a 00000001
[W] 010000d0 1 01 010000a0
[W] 010000d4 1 02 01000fb0
[W] 010000d8 1 00 010000dc
[W] 010000dc 1 00 01000f80
[W] 00000000 1 00 00000000
[W] 010000a0 1 0e 00000001
[W] 010000a4 1 0f 00000000
[W] 010000a8 1 00 00000001
[W] 010000a8 1 00 00000001
[W] 010000a8 1 00 00000001
[W] 010000a8 1 0f 00000001
[W] 010000ac 0 00 01000fc8
[W] 010000b0 1 0f 00000000
[W] 010000b4 1 00 00000000
[W] 010000b4 1 0f 00000001
[W] 010000b8 0 00 01000fcc
[W] 010000bc 1 0e 00000001
[W] 010000c0 1 0f 00000002
[W] 010000c4 1 00 00000001
[W] 010000c4 1 00 00000001
[W] 010000c4 1 00 00000001
[W] 010000c4 0 00 01000090
[W] 010000c8 1 00 01000fb0
[W] 00000000 1 00 00000000
[W] 01000090 1 0f 00000002
[W] 01000094 1 00 00000002
[W] 01000094 1 0f 00000001
[W] 01000098 1 0a 00000001
[W] 0100009c 1 01 010000a0
[W] 010000a0 1 00 00000001
[W] 00000000 1 00 00000000
[W] 01000064 1 02 01000f80
[W] 01000068 0 00 01000fac
[W] 0100006c 0 00 01000f8c
[W] 01000070 1 00 01000fb0
[W] 01000070 0 00 01000f9c
[W] 01000074 0 00 01000f98
[W] 01000078 1 0f 00000001
[W] 0100007c 1 00 00000001
[W] 0100007c 0 00 01000088
[W] 01000080 1 00 00000000
[W] 00000000 1 00 00000000
[W] 01000088 0 00 01000f9c
[W] 0100008c 1 00 01000090
[W] 01000090 1 00 01000f80
[W] 00000000 1 00 00000000
[W] 010000bc 1 0e 00000000
[W] 010000c0 1 0f 00000001
[W] 010000c4 1 00 00000001
[W] 010000c4 1 00 00000001
[W] 010000c4 1 00 00000000
[W] 010000c4 0 00 01000090
[W] 010000c8 1 00 01000f80
[W] 00000000 1 00 00000000
[W] 01000090 1 0f 00000001
[W] 01000094 1 00 00000001
[W] 01000094 1 0f 00000000
[W] 01000098 1 0a 00000000
[W] 0100009c 1 01 010000a0
[W] 010000a0 1 00 00000001
[W] 00000000 1 00 00000000
[W] 01000064 1 02 01000f50
[W] 01000068 0 00 01000f7c
[W] 0100006c 0 00 01000f5c
[W] 01000070 1 00 01000f80
[W] 01000070 0 00 01000f6c
[W] 01000074 0 00 01000f68
[W] 01000078 1 0f 00000000
[W] 0100007c 1 00 00000000
[W] 0100007c 0 00 01000088
[W] 01000080 1 0f 00000001
[W] 01000084 1 00 01000088
[W] 01000088 1 00 01000f50
[W] 00000000 1 00 00000000
[W] 010000cc 1 0a 00000001
[W] 010000d0 1 01 010000a0
[W] 010000d4 1 02 01000f80
[W] 010000d8 1 00 010000dc
[W] 010000dc 1 00 01000f50
[W] 00000000 1 00 00000000
[W] 010000a0 1 0e 00000001
[W] 010000a4 1 0f 00000000
[W] 010000a8 1 00 00000001
[W] 010000a8 1 00 00000001
[W] 010000a8 1 00 00000001
[W] 010000a8 1 0f 00000001
[W] 010000ac 0 00 01000f98
[W] 010000b0 1 0f 00000000
[W] 010000b4 1 00 00000000
[W] 010000b4 1 0f 00000001
[W] 010000b8 0 00 01000f9c
[W] 010000bc 1 0e 00000001
[W] 010000c0 1 0f 00000001
[W] 010000c4 1 00 00000001
[W] 010000c4 1 00 00000001
[W] 010000c4 1 00 00000001
[W] 010000c4 0 00 01000090
[W] 010000c8 1 0f 00000001
[W] 010000cc 1 00 00000001
[W] 010000cc 1 0a 00000001
[W] 010000d0 1 01 010000a0
[W] 010000d4 1 02 01000fb0
[W] 010000d8 1 00 010000dc
[W] 010000dc 1 00 01000f80
[W] 00000000 1 00 00000000
[W] 010000a0 1 0e 00000001
[W] 010000a4 1 0f 00000001
[W] 010000a8 1 00 00000001
[W] 010000a8 1 00 00000001
[W] 010000a8 1 00 00000001
[W] 010000a8 1 0f 00000002
[W] 010000ac 0 00 01000fc8
[W] 010000b0 1 0f 00000001
[W] 010000b4 1 00 00000001
[W] 010000b4 1 0f 00000002
[W] 010000b8 0 00 01000fcc
[W] 010000bc 1 0e 00000002
[W] 010000c0 1 0f 00000002
[W] 010000c4 1 00 00000001
[W] 010000c4 1 00 00000001
[W] 010000c4 1 00 00000002
[W] 010000c4 0 00 01000090
[W] 010000c8 1 0f 00000002
[W] 010000cc 1 00 00000002
[W] 010000cc 1 0a 00000002
[W] 010000d0 1 01 01000020
[W] 010000d4 1 02 01000fe0
[W] 010000d8 1 00 010000dc
[W] 010000dc 1 00 01000fb0
[W] 00000000 1 00 00000000
[W] 01000020 1 0e 00000002
[W] 01000024 1 0f 00000002
[W] 01000028 1 00 00000002
[W] 01000028 1 00 00000002
[W] 01000028 1 00 00000002
[W] 01000028 1 0f 00000004
[W] 0100002c 0 00 01000fe8
[W] 01000030 1 0f 00000002
[W] 01000034 1 00 00000002
[W] 01000034 1 0f 00000003
[W] 01000038 0 00 01000fec
[W] 0100003c 1 0e 00000003
[W] 01000040 1 0f 00000003
[W] 01000044 0 00 01000018
[W] 01000048 1 00 01000fe0
[W] 00000000 1 00 00000000
[W] 01000018 1 0a 00000003
[W] 0100001c 1 01 01000020
[W] 01000020 1 00 00000002
[W] 00000000 1 00 00000000
[W] 01000064 1 02 01000fb0
[W] 01000068 0 00 01000fdc
[W] 0100006c 0 00 01000fbc
[W] 01000070 1 00 01000fe0
[W] 01000070 0 00 01000fcc
[W] 01000074 0 00 01000fc8
[W] 01000078 1 0f 00000003
[W] 0100007c 1 00 00000003
[W] 0100007c 0 00 01000088
[W] 01000080 1 00 00000000
[W] 00000000 1 00 00000000
[W] 01000088 0 00 01000fcc
[W] 0100008c 1 00 01000090
[W] 01000090 1 00 01000fb0
[W] 00000000 1 00 00000000
[W] 010000bc 1 0e 00000000
[W] 010000c0 1 0f 00000003
[W] 010000c4 1 00 00000003
[W] 010000c4 1 00 00000003
[W] 010000c4 1 00 00000000
[W] 010000c4 0 00 01000090
[W] 010000c8 1 00 01000fb0
[W] 00000000 1 00 00000000
[W] 01000090 1 0f 00000003
[W] 01000094 1 00 00000003
[W] 01000094 1 0f 00000002
[W] 01000098 1 0a 00000002
[W] 0100009c 1 01 010000a0
[W] 010000a0 1 00 00000003
[W] 00000000 1 00 00000000
[W] 01000064 1 02 01000f80
[W] 01000068 0 00 01000fac
[W] 0100006c 0 00 01000f8c
[W] 01000070 1 00 01000fb0
[W] 01000070 0 00 01000f9c
[W] 01000074 0 00 01000f98
[W] 01000078 1 0f 00000002
[W] 0100007c 1 00 00000002
[W] 0100007c 0 00 01000088
[W] 01000080 1 00 00000000
[W] 00000000 1 00 00000000
[W] 01000088 0 00 01000f9c
[W] 0100008c 1 00 01000090
[W] 01000090 1 00 01000f80
[W] 00000000 1 00 00000000
[W] 010000bc 1 0e 00000000
[W] 010000c0 1 0f 00000002
[W] 010000c4 1 00 00000000
[W] 010000c4 1 00 00000000
[W] 010000c4 1 00 00000000
[W] 010000c4 0 00 01000090
[W] 010000c8 1 00 01000f80
[W] 00000000 1 00 00000000
[W] 01000090 1 0f 00000002
[W] 01000094 1 00 00000002
[W] 01000094 1 0f 00000001
[W] 01000098 1 0a 00000001
[W] 0100009c 1 01 010000a0
[W] 010000a0 1 00 00000002
[W] 00000000 1 00 00000000
[W] 01000064 1 02 01000f50
[W] 01000068 0 00 01000f7c
[W] 0100006c 0 00 01000f5c
[W] 01000070 1 00 01000f80
[W] 01000070 0 00 01000f6c
[W] 01000074 0 00 01000f68
[W] 01000078 1 0f 00000001
[W] 0100007c 1 00 00000001
[W] 0100007c 0 00 01000088
[W] 01000080 1 00 00000000
[W] 00000000 1 00 00000000
[W] 01000088 0 00 01000f6c
[W] 0100008c 1 00 01000090
[W] 01000090 1 00 01000f50
[W] 00000000 1 00 00000000
[W] 010000bc 1 0e 00000000
[W] 010000c0 1 0f 00000001
[W] 010000c4 1 00 00000000
[W] 010000c4 1 00 00000000
[W] 010000c4 1 00 00000000
[W] 010000c4 0 00 01000090
[W] 010000c8 1 00 01000f50
[W] 00000000 1 00 00000000
[W] 01000090 1 0f 00000001
[W] 01000094 1 00 00000001
[W] 01000094 1 0f 00000000
[W] 01000098 1 0a 00000000
[W] 0100009c 1 01 010000a0
[W] 010000a0 1 00 00000001
[W] 00000000 1 00 00000000
[W] 01000064 1 02 01000f20
[W] 01000068 0 00 01000f4c
[W] 0100006c 0 00 01000f2c
[W] 01000070 1 00 01000f50
[W] 01000070 0 00 01000f3c
[W] 01000074 0 00 01000f38
[W] 01000078 1 0f 00000000
[W] 0100007c 1 00 00000000
[W] 0100007c 0 00 01000088
[W] 01000080 1 0f 00000001
[W] 01000084 1 00 01000088
[W] 01000088 1 00 01000f20
[W] 00000000 1 00 00000000
[W] 010000cc 1 0a 00000001
[W] 010000d0 1 01 010000a0
[W] 010000d4 1 02 01000f50
[W] 010000d8 1 00 010000dc
[W] 010000dc 1 00 01000f20
[W] 00000000 1 00 00000000
[W] 010000a0 1 0e 00000001
[W] 010000a4 1 0f 00000000
[W] 010000a8 1 00 00000001
[W] 010000a8 1 00 00000001
[W] 010000a8 1 00 00000001
[W] 010000a8 1 0f 00000001
[W] 010000ac 0 00 01000f68
[W] 010000b0 1 0f 00000000
[W] 010000b4 1 00 00000000
[W] 010000b4 1 0f 00000001
[W] 010000b8 0 00 01000f6c
[W] 010000bc 1 0e 00000001
[W] 010000c0 1 0f 00000001
[W] 010000c4 1 00 00000001
[W] 010000c4 1 00 00000001
[W] 010000c4 1 00 00000001
[W] 010000c4 0 00 01000090
[W] 010000c8 1 0f 00000001
[W] 010000cc 1 00 00000001
[W] 010000cc 1 0a 00000001
[W] 010000d0 1 01 010000a0
[W] 010000d4 1 02 01000f80
[W] 010000d8 1 00 010000dc
[W] 010000dc 1 00 01000f50
[W] 00000000 1 00 00000000
[W] 010000a0 1 0e 00000001
[W] 010000a4 1 0f 00000000
[W] 010000a8 1 00 00000001
[W] 010000a8 1 00 00000001
[W] 010000a8 1 00 00000001
[W] 010000a8 1 0f 00000001
[W] 010000ac 0 00 01000f98
[W] 010000b0 1 0f 00000000
[W] 010000b4 1 00 00000000
[W] 010000b4 1 0f 00000001
[W] 010000b8 0 00 01000f9c
[W] 010000bc 1 0e 00000001
[W] 010000c0 1 0f 00000002
[W] 010000c4 1 00 00000001
[W] 010000c4 1 00 00000001
[W] 010000c4 1 00 00000001
[W] 010000c4 0 00 01000090
[W] 010000c8 1 00 01000f80
[W] 00000000 1 00 00000000
[W] 01000090 1 0f 00000002
[W] 01000094 1 00 00000002
[W] 01000094 1 0f 00000001
[W] 01000098 1 0a 00000001
[W] 0100009c 1 01 010000a0
[W] 010000a0 1 00 00000001
[W] 00000000 1 00 00000000
[W] 01000064 1 02 01000f50
[W] 01000068 0 00 01000f7c
[W] 0100006c 0 00 01000f5c
[W] 01000070 1 00 01000f80
[W] 01000070 0 00 01000f6c
[W] 01000074 0 00 01000f68
[W] 01000078 1 0f 00000001
[W] 0100007c 1 00 00000001
[W] 0100007c 0 00 01000088
[W] 01000080 1 00 00000000
[W] 00000000 1 00 00000000
[W] 01000088 0 00 01000f6c
[W] 0100008c 1 00 01000090
[W] 01000090 1 00 01000f50
[W] 00000000 1 00 00000000
[W] 010000bc 1 0e 00000000
[W] 010000c0 1 0f 00000001
[W] 010000c4 1 00 00000001
[W] 010000c4 1 00 00000001
[W] 010000c4 1 00 00000000
[W] 010000c4 0 00 01000090
[W] 010000c8 1 00 01000f50
[W] 00000000 1 00 00000000
[W] 01000090 1 0f 00000001
[W] 01000094 1 00 00000001
[W] 01000094 1 0f 00000000
[W] 01000098 1 0a 00000000
[W] 0100009c 1 01 010000a0
[W] 010000a0 1 00 00000001
[W] 00000000 1 00 00000000
[W] 01000064 1 02 01000f20
[W] 01000068 0 00 01000f4c
[W] 0100006c 0 00 01000f2c
[W] 01000070 1 00 01000f50
[W] 01000070 0 00 01000f3c
[W] 01000074 0 00 01000f38
[W] 01000078 1 0f 00000000
[W] 0100007c 1 00 00000000
[W] 0100007c 0 00 01000088
[W] 01000080 1 0f 00000001
[W] 01000084 1 00 01000088
[W] 01000088 1 00 01000f20
[W] 00000000 1 00 00000000
[W] 010000cc 1 0a 00000001
[W] 010000d0 1 01 010000a0
[W] 010000d4 1 02 01000f50
[W] 010000d8 1 00 010000dc
[W] 010000dc 1 00 01000f20
[W] 00000000 1 00 00000000
[W] 010000a0 1 0e 00000001
[W] 010000a4 1 0f 00000000
[W] 010000a8 1 00 00000001
[W] 010000a8 1 00 00000001
[W] 010000a8 1 00 00000001
[W] 010000a8 1 0f 00000001
[W] 010000ac 0 00 01000f68
[W] 010000b0 1 0f 00000000
[W] 010000b4 1 00 00000000
[W] 010000b4 1 0f 00000001
[W] 010000b8 0 00 01000f6c
[W] 010000bc 1 0e 00000001
[W] 010000c0 1 0f 00000001
[W] 010000c4 1 00 00000001
[W] 010000c4 1 00 00000001
[W] 010000c4 1 00 00000001
[W] 010000c4 0 00 01000090
[W] 010000c8 1 0f 00000001
[W] 010000cc 1 00 00000001
[W] 010000cc 1 0a 00000001
[W] 010000d0 1 01 010000a0
[W] 010000d4 1 02 01000f80
[W] 010000d8 1 00 010000dc
[W] 010000dc 1 00 01000f50
[W] 00000000 1 00 00000000
[W] 010000a0 1 0e 00000001
[W] 010000a4 1 0f 00000001
[W] 010000a8 1 00 00000001
[W] 010000a8 1 00 00000001
[W] 010000a8 1 00 00000001
[W] 010000a8 1 0f 00000002
[W] 010000ac 0 00 01000f98
[W] 010000b0 1 0f 00000001
[W] 010000b4 1 00 00000001
[W] 010000b4 1 0f 00000002
[W] 010000b8 0 00 01000f9c
[W] 010000bc 1 0e 00000002
[W] 010000c0 1 0f 00000002
[W] 010000c4 1 00 00000001
[W] 010000c4 1 00 00000001
[W] 010000c4 1 00 00000002
[W] 010000c4 0 00 01000090
[W] 010000c8 1 0f 00000002
[W] 010000cc 1 00 00000002
[W] 010000cc 1 0a 00000002
[W] 010000d0 1 01 010000a0
[W] 010000d4 1 02 01000fb0
[W] 010000d8 1 00 010000dc
[W] 010000dc 1 00 01000f80
[W] 00000000 1 00 00000000
[W] 010000a0 1 0e 00000002
[W] 010000a4 1 0f 00000000
[W] 010000a8 1 00 00000002
[W] 010000a8 1 00 00000002
[W] 010000a8 1 00 00000002
[W] 010000a8 1 0f 00000002
[W] 010000ac 0 00 01000fc8
[W] 010000b0 1 0f 00000000
[W] 010000b4 1 00 00000000
[W] 010000b4 1 0f 00000001
[W] 010000b8 0 00 01000fcc
[W] 010000bc 1 0e 00000001
[W] 010000c0 1 0f 00000003
[W] 010000c4 1 00 00000002
[W] 010000c4 1 00 00000002
[W] 010000c4 1 00 00000001
[W] 010000c4 0 00 01000090
[W] 010000c8 1 00 01000fb0
[W] 00000000 1 00 00000000
[W] 01000090 1 0f 00000003
[W] 01000094 1 00 00000003
[W] 01000094 1 0f 00000002
[W] 01000098 1 0a 00000002
[W] 0100009c 1 01 010000a0
[W] 010000a0 1 00 00000002
[W] 00000000 1 00 00000000
[W] 01000064 1 02 01000f80
[W] 01000068 0 00 01000fac
[W] 0100006c 0 00 01000f8c
[W] 01000070 1 00 01000fb0
[W] 01000070 0 00 01000f9c
[W] 01000074 0 00 01000f98
[W] 01000078 1 0f 00000002
[W] 0100007c 1 00 00000002
[W] 0100007c 0 00 01000088
[W] 01000080 1 00 00000000
[W] 00000000 1 00 00000000
[W] 01000088 0 00 01000f9c
[W] 0100008c 1 00 01000090
[W] 01000090 1 00 01000f80
[W] 00000000 1 00 00000000
[W] 010000bc 1 0e 00000000
[W] 010000c0 1 0f 00000002
[W] 010000c4 1 00 00000001
[W] 010000c4 1 00 00000001
[W] 010000c4 1 00 00000000
[W] 010000c4 0 00 01000090
[W] 010000c8 1 00 01000f80
[W] 00000000 1 00 00000000
[W] 01000090 1 0f 00000002
[W] 01000094 1 00 00000002
[W] 01000094 1 0f 00000001
[W] 01000098 1 0a 00000001
[W] 0100009c 1 01 010000a0
[W] 010000a0 1 00 00000002
[W] 00000000 1 00 00000000
[W] 01000064 1 02 01000f50
[W] 01000068 0 00 01000f7c
[W] 0100006c 0 00 01000f5c
[W] 01000070 1 00 01000f80
[W] 01000070 0 00 01000f6c
[W] 01000074 0 00 01000f68
[W] 01000078 1 0f 00000001
[W] 0100007c 1 00 00000001
[W] 0100007c 0 00 01000088
[W] 01000080 1 00 00000000
[W] 00000000 1 00 00000000
[W] 01000088 0 00 01000f6c
[W] 0100008c 1 00 01000090
[W] 01000090 1 00 01000f50
[W] 00000000 1 00 00000000
[W] 010000bc 1 0e 00000000
[W] 010000c0 1 0f 00000001
[W] 010000c4 1 00 00000000
[W] 010000c4 1 00 00000000
[W] 010000c4 1 00 00000000
[W] 010000c4 0 00 01000090
[W] 010000c8 1 00 01000f50
[W] 00000000 1 00 00000000
[W] 01000090 1 0f 00000001
[W] 01000094 1 00 00000001
[W] 01000094 1 0f 00000000
[W] 01000098 1 0a 00000000
[W] 0100009c 1 01 010000a0
[W] 010000a0 1 00 00000001
[W] 00000000 1 00 00000000
[W] 01000064 1 02 01000f20
[W] 01000068 0 00 01000f4c
[W] 0100006c 0 00 01000f2c
[W] 01000070 1 00 01000f50
[W] 01000070 0 00 01000f3c
[W] 01000074 0 00 01000f38
[W] 01000078 1 0f 00000000
[W] 0100007c 1 00 00000000
[W] 0100007c 0 00 01000088
[W] 01000080 1 0f 00000001
[W] 01000084 1 00 01000088
[W] 01000088 1 00 01000f20
[W] 00000000 1 00 00000000
[W] 010000cc 1 0a 00000001
[W] 010000d0 1 01 010000a0
[W] 010000d4 1 02 01000f50
[W] 010000d8 1 00 010000dc
[W] 010000dc 1 00 01000f20
[W] 00000000 1 00 00000000
[W] 010000a0 1 0e 00000001
[W] 010000a4 1 0f 00000000
[W] 010000a8 1 00 00000001
[W] 010000a8 1 00 00000001
[W] 010000a8 1 00 00000001
[W] 010000a8 1 0f 00000001
[W] 010000ac 0 00 01000f68
[W] 010000b0 1 0f 00000000
[W] 010000b4 1 00 00000000
[W] 010000b4 1 0f 00000001
[W] 010000b8 0 00 01000f6c
[W] 010000bc 1 0e 00000001
[W] 010000c0 1 0f 00000001
[W] 010000c4 1 00 00000001
[W] 010000c4 1 00 00000001
[W] 010000c4 1 00 00000001
[W] 010000c4 0 00 01000090
[W] 010000c8 1 0f 00000001
[W] 010000cc 1 00 00000001
[W] 010000cc 1 0a 00000001
[W] 010000d0 1 01 010000a0
[W] 010000d4 1 02 01000f80
[W] 010000d8 1 00 010000dc
[W] 010000dc 1 00 01000f50
[W] 00000000 1 00 00000000
[W] 010000a0 1 0e 00000001
[W] 010000a4 1 0f 00000000
[W] 010000a8 1 00 00000001
[W] 010000a8 1 00 00000001
[W] 010000a8 1 00 00000001
[W] 010000a8 1 0f 00000001
[W] 010000ac 0 00 01000f98
[W] 010000b0 1 0f 00000000
[W] 010000b4 1 00 00000000
[W] 010000b4 1 0f 00000001
[W] 010000b8 0 00 01000f9c
[W] 010000bc 1 0e 00000001
[W] 010000c0 1 0f 00000002
[W] 010000c4 1 00 00000001
[W] 010000c4 1 00 00000001
[W] 010000c4 1 00 00000001
[W] 010000c4 0 00 01000090
[W] 010000c8 1 00 01000f80
[W] 00000000 1 00 00000000
[W] 01000090 1 0f 00000002
[W] 01000094 1 00 00000002
[W] 01000094 1 0f 00000001
[W] 01000098 1 0a 00000001
[W] 0100009c 1 01 010000a0
[W] 010000a0 1 00 00000001
[W] 00000000 1 00 00000000
[W] 01000064 1 02 01000f50
[W] 01000068 0 00 01000f7c
[W] 0100006c 0 00 01000f5c
[W] 01000070 1 00 01000f80
[W] 01000070 0 00 01000f6c
[W] 01000074 0 00 01000f68
[W] 01000078 1 0f 00000001
[W] 0100007c 1 00 00000001
[W] 0100007c 0 00 01000088
[W] 01000080 1 00 00000000
[W] 00000000 1 00 00000000
[W] 01000088 0 00 01000f6c
[W] 0100008c 1 00 01000090
[W] 01000090 1 00 01000f50
[W] 00000000 1 00 00000000
[W] 010000bc 1 0e 00000000
[W] 010000c0 1 0f 00000001
[W] 010000c4 1 00 00000001
[W] 010000c4 1 00 00000001
[W] 010000c4 1 00 00000000
[W] 010000c4 0 00 01000090
[W] 010000c8 1 00 01000f50
[W] 00000000 1 00 00000000
[W] 01000090 1 0f 00000001
[W] 01000094 1 00 00000001
[W] 01000094 1 0f 00000000
[W] 01000098 1 0a 00000000
[W] 0100009c 1 01 010000a0
[W] 010000a0 1 00 00000001
[W] 00000000 1 00 00000000
[W] 01000064 1 02 01000f20
[W] 01000068 0 00 01000f4c
[W] 0100006c 0 00 01000f2c
[W] 01000070 1 00 01000f50
[W] 01000070 0 00 01000f3c
[W] 01000074 0 00 01000f38
[W] 01000078 1 0f 00000000
[W] 0100007c 1 00 00000000
[W] 0100007c 0 00 01000088
[W] 01000080 1 0f 00000001
[W] 01000084 1 00 01000088
[W] 01000088 1 00 01000f20
[W] 00000000 1 00 00000000
[W] 010000cc 1 0a 00000001
[W] 010000d0 1 01 010000a0
[W] 010000d4 1 02 01000f50
[W] 010000d8 1 00 010000dc
[W] 010000dc 1 00 01000f20
[W] 00000000 1 00 00000000
[W] 010000a0 1 0e 00000001
[W] 010000a4 1 0f 00000000
[W] 010000a8 1 00 00000001
[W] 010000a8 1 00 00000001
[W] 010000a8 1 00 00000001
[W] 010000a8 1 0f 00000001
[W] 010000ac 0 00 01000f68
[W] 010000b0 1 0f 00000000
[W] 010000b4 1 00 00000000
[W] 010000b4 1 0f 00000001
[W] 010000b8 0 00 01000f6c
[W] 010000bc 1 0e 00000001
[W] 010000c0 1 0f 00000001
[W] 010000c4 1 00 00000001
[W] 010000c4 1 00 00000001
[W] 010000c4 1 00 00000001
[W] 010000c4 0 00 01000090
[W] 010000c8 1 0f 00000001
[W] 010000cc 1 00 00000001
[W] 010000cc 1 0a 00000001
[W] 010000d0 1 01 010000a0
[W] 010000d4 1 02 01000f80
[W] 010000d8 1 00 010000dc
[W] 010000dc 1 00 01000f50
[W] 00000000 1 00 00000000
[W] 010000a0 1 0e 00000001
[W] 010000a4 1 0f 00000001
[W] 010000a8 1 00 00000001
[W] 010000a8 1 00 00000001
[W] 010000a8 1 00 00000001
[W] 010000a8 1 0f 00000002
[W] 010000ac 0 00 01000f98
[W] 010000b0 1 0f 00000001
[W] 010000b4 1 00 00000001
[W] 010000b4 1 0f 00000002
[W] 010000b8 0 00 01000f9c
[W] 010000bc 1 0e 00000002
[W] 010000c0 1 0f 00000002
[W] 010000c4 1 00 00000001
[W] 010000c4 1 00 00000001
[W] 010000c4 1 00 00000002
[W] 010000c4 0 00 01000090
[W] 010000c8 1 0f 00000002
[W] 010000cc 1 00 00000002
[W] 010000cc 1 0a 00000002
[W] 010000d0 1 01 010000a0
[W] 010000d4 1 02 01000fb0
[W] 010000d8 1 00 010000dc
[W] 010000dc 1 00 01000f80
[W] 00000000 1 00 00000000
[W] 010000a0 1 0e 00000002
[W] 010000a4 1 0f 00000002
[W] 010000a8 1 00 00000002
[W] 010000a8 1 00 00000002
[W] 010000a8 1 00 00000002
[W] 010000a8 1 0f 00000004
[W] 010000ac 0 00 01000fc8
[W] 010000b0 1 0f 00000001
[W] 010000b4 1 00 00000002
[W] 010000b4 1 0f 00000002
[W] 010000b8 0 00 01000fcc
[W] 010000bc 1 0e 00000002
[W] 010000c0 1 0f 00000003
[W] 010000c4 1 00 00000002
[W] 010000c4 1 00 00000002
[W] 010000c4 1 00 00000002
[W] 010000c4 0 00 01000090
[W] 010000c8 1 00 01000fb0
[W] 00000000 1 00 00000000
[W] 01000090 1 0f 00000003
[W] 01000094 1 00 00000003
[W] 01000094 1 0f 00000002
[W] 01000098 1 0a 00000002
[W] 0100009c 1 01 010000a0
[W] 010000a0 1 00 00000002
[W] 00000000 1 00 00000000
[W] 01000064 1 02 01000f80
[W] 01000068 0 00 01000fac
[W] 0100006c 0 00 01000f8c
[W] 01000070 1 00 01000fb0
[W] 01000070 0 00 01000f9c
[W] 01000074 0 00 01000f98
[W] 01000078 1 0f 00000002
[W] 0100007c 1 00 00000002
[W] 0100007c 0 00 01000088
[W] 01000080 1 00 00000000
[W] 00000000 1 00 00000000
[W] 01000088 0 00 01000f9c
[W] 0100008c 1 00 01000090
[W] 01000090 1 00 01000f80
[W] 00000000 1 00 00000000
[W] 010000bc 1 0e 00000000
[W] 010000c0 1 0f 00000002
[W] 010000c4 1 00 00000002
[W] 010000c4 1 00 00000002
[W] 010000c4 1 00 00000000
[W] 010000c4 0 00 01000090
[W] 010000c8 1 00 01000f80
[W] 00000000 1 00 00000000
[W] 01000090 1 0f 00000002
[W] 01000094 1 00 00000002
[W] 01000094 1 0f 00000001
[W] 01000098 1 0a 00000001
[W] 0100009c 1 01 010000a0
[W] 010000a0 1 00 00000002
[W] 00000000 1 00 00000000
[W] 01000064 1 02 01000f50
[W] 01000068 0 00 01000f7c
[W] 0100006c 0 00 01000f5c
[W] 01000070 1 00 01000f80
[W] 01000070 0 00 01000f6c
[W] 01000074 0 00 01000f68
[W] 01000078 1 0f 00000001
[W] 0100007c 1 00 00000001
[W] 0100007c 0 00 01000088
[W] 01000080 1 00 00000000
[W] 00000000 1 00 00000000
[W] 01000088 0 00 01000f6c
[W] 0100008c 1 00 01000090
[W] 01000090 1 00 01000f50
[W] 00000000 1 00 00000000
[W] 010000bc 1 0e 00000000
[W] 010000c0 1 0f 00000001
[W] 010000c4 1 00 00000000
[W] 010000c4 1 00 00000000
[W] 010000c4 1 00 00000000
[W] 010000c4 0 00 01000090
[W] 010000c8 1 00 01000f50
[W] 00000000 1 00 00000000
[W] 01000090 1 0f 00000001
[W] 01000094 1 00 00000001
[W] 01000094 1 0f 00000000
[W] 01000098 1 0a 00000000
[W] 0100009c 1 01 010000a0
[W] 010000a0 1 00 00000001
[W] 00000000 1 00 00000000
[W] 01000064 1 02 01000f20
[W] 01000068 0 00 01000f4c
[W] 0100006c 0 00 01000f2c
[W] 01000070 1 00 01000f50
[W] 01000070 0 00 01000f3c
[W] 01000074 0 00 01000f38
[W] 01000078 1 0f 00000000
[W] 0100007c 1 00 00000000
[W] 0100007c 0 00 01000088
[W] 01000080 1 0f 00000001
[W] 01000084 1 00 01000088
[W] 01000088 1 00 01000f20
[W] 00000000 1 00 00000000
[W] 010000cc 1 0a 00000001
[W] 010000d0 1 01 010000a0
[W] 010000d4 1 02 01000f50
[W] 010000d8 1 00 010000dc
[W] 010000dc 1 00 01000f20
[W] 00000000 1 00 00000000
[W] 010000a0 1 0e 00000001
[W] 010000a4 1 0f 00000000
[W] 010000a8 1 00 00000001
[W] 010000a8 1 00 00000001
[W] 010000a8 1 00 00000001
[W] 010000a8 1 0f 00000001
[W] 010000ac 0 00 01000f68
[W] 010000b0 1 0f 00000000
[W] 010000b4 1 00 00000000
[W] 010000b4 1 0f 00000001
[W] 010000b8 0 00 01000f6c
[W] 010000bc 1 0e 00000001
[W] 010000c0 1 0f 00000001
[W] 010000c4 1 00 00000001
[W] 010000c4 1 00 00000001
[W] 010000c4 1 00 00000001
[W] 010000c4 0 00 01000090
[W] 010000c8 1 0f 00000001
[W] 010000cc 1 00 00000001
[W] 010000cc 1 0a 00000001
[W] 010000d0 1 01 010000a0
[W] 010000d4 1 02 01000f80
[W] 010000d8 1 00 010000dc
[W] 010000dc 1 00 01000f50
[W] 00000000 1 00 00000000
[W] 010000a0 1 0e 00000001
[W] 010000a4 1 0f 00000000
[W] 010000a8 1 00 00000001
[W] 010000a8 1 00 00000001
[W] 010000a8 1 00 00000001
[W] 010000a8 1 0f 00000001
[W] 010000ac 0 00 01000f98
[W] 010000b0 1 0f 00000000
[W] 010000b4 1 00 00000000
[W] 010000b4 1 0f 00000001
[W] 010000b8 0 00 01000f9c
[W] 010000bc 1 0e 00000001
[W] 010000c0 1 0f 00000002
[W] 010000c4 1 00 00000001
[W] 010000c4 1 00 00000001
[W] 010000c4 1 00 00000001
[W] 010000c4 0 00 01000090
[W] 010000c8 1 00 01000f80
[W] 00000000 1 00 00000000
[W] 01000090 1 0f 00000002
[W] 01000094 1 00 00000002
[W] 01000094 1 0f 00000001
[W] 01000098 1 0a 00000001
[W] 0100009c 1 01 010000a0
[W] 010000a0 1 00 00000001
[W] 00000000 1 00 00000000
[W] 01000064 1 02 01000f50
[W] 01000068 0 00 01000f7c
[W] 0100006c 0 00 01000f5c
[W] 01000070 1 00 01000f80
[W] 01000070 0 00 01000f6c
[W] 01000074 0 00 01000f68
[W] 01000078 1 0f 00000001
[W] 0100007c 1 00 00000001
[W] 0100007c 0 00 01000088
[W] 01000080 1 00 00000000
[W] 00000000 1 00 00000000
[W] 01000088 0 00 01000f6c
[W] 0100008c 1 00 01000090
[W] 01000090 1 00 01000f50
[W] 00000000 1 00 00000000
[W] 010000bc 1 0e 00000000
[W] 010000c0 1 0f 00000001
[W] 010000c4 1 00 00000001
[W] 010000c4 1 00 00000001
[W] 010000c4 1 00 00000000
[W] 010000c4 0 00 01000090
[W] 010000c8 1 00 01000f50
[W] 00000000 1 00 00000000
[W] 01000090 1 0f 00000001
[W] 01000094 1 00 00000001
[W] 01000094 1 0f 00000000
[W] 01000098 1 0a 00000000
[W] 0100009c 1 01 010000a0
[W] 010000a0 1 00 00000001
[W] 00000000 1 00 00000000
[W] 01000064 1 02 01000f20
[W] 01000068 0 00 01000f4c
[W] 0100006c 0 00 01000f2c
[W] 01000070 1 00 01000f50
[W] 01000070 0 00 01000f3c
[W] 01000074 0 00 01000f38
[W] 01000078 1 0f 00000000
[W] 0100007c 1 00 00000000
[W] 0100007c 0 00 01000088
[W] 01000080 1 0f 00000001
[W] 01000084 1 00 01000088
[W] 01000088 1 00 01000f20
[W] 00000000 1 00 00000000
[W] 010000cc 1 0a 00000001
[W] 010000d0 1 01 010000a0
[W] 010000d4 1 02 01000f50
[W] 010000d8 1 00 010000dc
[W] 010000dc 1 00 01000f20
[W] 00000000 1 00 00000000
[W] 010000a0 1 0e 00000001
[W] 010000a4 1 0f 00000000
[W] 010000a8 1 00 00000001
[W] 010000a8 1 00 00000001
[W] 010000a8 1 00 00000001
[W] 010000a8 1 0f 00000001
[W] 010000ac 0 00 01000f68
[W] 010000b0 1 0f 00000000
[W] 010000b4 1 00 00000000
[W] 010000b4 1 0f 00000001
[W] 010000b8 0 00 01000f6c
[W] 010000bc 1 0e 00000001
[W] 010000c0 1 0f 00000001
[W] 010000c4 1 00 00000001
[W] 010000c4 1 00 00000001
[W] 010000c4 1 00 00000001
[W] 010000c4 0 00 01000090
[W] 010000c8 1 0f 00000001
[W] 010000cc 1 00 00000001
[W] 010000cc 1 0a 00000001
[W] 010000d0 1 01 010000a0
[W] 010000d4 1 02 01000f80
[W] 010000d8 1 00 010000dc
[W] 010000dc 1 00 01000f50
[W] 00000000 1 00 00000000
[W] 010000a0 1 0e 00000001
[W] 010000a4 1 0f 00000001
[W] 010000a8 1 00 00000001
[W] 010000a8 1 00 00000001
[W] 010000a8 1 00 00000001
[W] 010000a8 1 0f 00000002
[W] 010000ac 0 00 01000f98
[W] 010000b0 1 0f 00000001
[W] 010000b4 1 00 00000001
[W] 010000b4 1 0f 00000002
[W] 010000b8 0 00 01000f9c
[W] 010000bc 1 0e 00000002
[W] 010000c0 1 0f 00000002
[W] 010000c4 1 00 00000001
[W] 010000c4 1 00 00000001
[W] 010000c4 1 00 00000002
[W] 010000c4 0 00 01000090
[W] 010000c8 1 0f 00000002
[W] 010000cc 1 00 00000002
[W] 010000cc 1 0a 00000002
[W] 010000d0 1 01 010000a0
[W] 010000d4 1 02 01000fb0
[W] 010000d8 1 00 010000dc
[W] 010000dc 1 00 01000f80
[W] 00000000 1 00 00000000
[W] 010000a0 1 0e 00000002
[W] 010000a4 1 0f 00000004
[W] 010000a8 1 00 00000002
[W] 010000a8 1 00 00000002
[W] 010000a8 1 00 00000002
[W] 010000a8 1 0f 00000006
[W] 010000ac 0 00 01000fc8
[W] 010000b0 1 0f 00000002
[W] 010000b4 1 00 00000004
[W] 010000b4 1 0f 00000003
[W] 010000b8 0 00 01000fcc
[W] 010000bc 1 0e 00000003
[W] 010000c0 1 0f 00000003
[W] 010000c4 1 00 00000002
[W] 010000c4 1 00 00000002
[W] 010000c4 1 00 00000003
[W] 010000c4 0 00 01000090
[W] 010000c8 1 0f 00000006
[W] 010000cc 1 00 00000003
[W] 010000cc 1 0a 00000006
[W] 010000d0 1 01 01000020
[W] 010000d4 1 02 01000fe0
[W] 010000d8 1 00 010000dc
[W] 010000dc 1 00 01000fb0
[W] 00000000 1 00 00000000
[W] 01000020 1 0e 00000006
[W] 01000024 1 0f 00000004
[W] 01000028 1 00 00000006
[W] 01000028 1 00 00000006
[W] 01000028 1 00 00000006
[W] 01000028 1 0f 0000000a
[W] 0100002c 0 00 01000fe8
[W] 01000030 1 0f 00000003
[W] 01000034 1 00 00000004
[W] 01000034 1 0f 00000004
[W] 01000038 0 00 01000fec
[W] 0100003c 1 0e 00000004
[W] 01000040 1 0f 00000003
[W] 01000044 0 00 01000018
[W] 01000048 1 0a 0000000a
[W] 0100004c 1 01 01000050
[W] 01000050 1 00 00000006
[W] 00000000 1 00 00000000
[W] 010000dc 1 02 01000fc0
[W] 010000e0 0 00 01000fdc
[W] 010000e4 0 00 01000fcc
[W] 010000e8 1 00 01000fe0
[W] 010000e8 1 0e 0000000a
[W] 010000ec 1 0f 0000000a
[W] 010000f0 0 00 01000100
[W] 010000f4 1 01 010000f8
[W] 010000f8 1 00 0000000a
[W] 00000000 1 00 00000000
[W] 01000118 1 0f 00000001
[W] 0100011c 1 0a 00000001
[W] 01000120 1 00 01000124
[W] 01000124 1 00 00000000
[W] 00000000 1 00 00000000
[W] 010000f8 1 0f 00000001
[W] 010000fc 1 00 01000100
[W] 01000100 1 00 00000000
[W] 00000000 1 00 00000000
[W] 01000108 1 0a 00000001
[W] 0100010c 1 01 01000050
[W] 01000110 1 02 01000fe0
[W] 01000114 1 00 01000118
[W] 01000118 1 00 00000000
[W] 00000000 1 00 00000000
[W] 01000050 1 0f 00000001
[W] 01000054 1 0a 00000001
[W] 01000058 1 01 00000000
[W] 0100005c 1 02 01001000
[W] 01000060 1 00 01000064
