[W] 00000000 0 00 00000000
[W] 00000000 0 00 00000000
[W] 00000000 0 00 00000000
[W] 00000000 0 00 00000000
[W] 01000000 1 02 01000fe0
[W] 01000004 0 00 01000ffc
[W] 01000008 1 0f 00001000
[W] 0100000c 1 0f 00000800
[W] 01000010 0 00 01000fec
[W] 01000014 1 0f 0000007c
[W] 01000018 0 00 01000fe8
[W] 0100001c 1 0f 00000800
[W] 01000020 1 00 00000800
[W] 01000020 1 0f 00000000
[W] 01000024 1 0e 00000800
[W] 01000028 1 00 00000000
[W] 01000028 1 00 00000000
[W] 01000028 1 00 00000000
[W] 01000028 1 0e 00000800
[W] 0100002c 1 0f 00000800
[W] 01000030 0 00 01000fec
[W] 01000034 1 0f 0000007c
[W] 01000038 1 00 00000000
[W] 01000038 1 0f 00000000
[W] 0100003c 1 0e 0000007c
[W] 01000040 1 00 00000800
[W] 01000040 1 00 00000800
[W] 01000040 1 00 00000800
[W] 01000040 1 0e 0000007c
[W] 01000044 1 0f 0000007c
[W] 01000048 0 00 01000fe8
[W] 0100004c 1 00 01000050
[W] 01000050 1 00 01000fe0
[W] 00000000 1 00 00000000
[W] 01000080 1 0e 00000800
[W] 01000084 1 0f 0000007c
[W] 01000088 1 00 0000007c
[W] 01000088 1 00 0000007c
[W] 01000088 1 00 00000800
[W] 01000088 0 00 01000050
[W] 0100008c 1 00 01000fe0
[W] 00000000 1 00 00000000
[W] 01000050 1 0e 00000800
[W] 01000054 1 0f 0000007c
[W] 01000058 1 00 0000007c
[W] 01000058 1 00 0000007c
[W] 01000058 1 00 0000007c
[W] 01000058 0 00 01000070
[W] 0100005c 1 0e 00000800
[W] 01000060 1 0f 0000007c
[W] 01000064 1 00 00000800
[W] 01000064 1 00 00000800
[W] 01000064 1 00 00000800
[W] 01000064 1 0f 00000784
[W] 01000068 0 00 01000fec
[W] 0100006c 1 00 01000070
[W] 01000070 1 00 01000fe0
[W] 00000000 1 00 00000000
[W] 01000080 1 0e 00000784
[W] 01000084 1 0f 0000007c
[W] 01000088 1 00 00000800
[W] 01000088 1 00 00000800
[W] 01000088 1 00 00000784
[W] 01000088 0 00 01000050
[W] 0100008c 1 00 01000fe0
[W] 00000000 1 00 00000000
[W] 01000050 1 0e 00000784
[W] 01000054 1 0f 0000007c
[W] 01000058 1 00 0000007c
[W] 01000058 1 00 0000007c
[W] 01000058 1 00 0000007c
[W] 01000058 0 00 01000070
[W] 0100005c 1 0e 00000784
[W] 01000060 1 0f 0000007c
[W] 01000064 1 00 00000784
[W] 01000064 1 00 00000784
[W] 01000064 1 00 00000784
[W] 01000064 1 0f 00000708
[W] 01000068 0 00 01000fec
[W] 0100006c 1 00 01000070
[W] 01000070 1 00 01000fe0
[W] 00000000 1 00 00000000
[W] 01000080 1 0e 00000708
[W] 01000084 1 0f 0000007c
[W] 01000088 1 00 00000784
[W] 01000088 1 00 00000784
[W] 01000088 1 00 00000708
[W] 01000088 0 00 01000050
[W] 0100008c 1 00 01000fe0
[W] 00000000 1 00 00000000
[W] 01000050 1 0e 00000708
[W] 01000054 1 0f 0000007c
[W] 01000058 1 00 0000007c
[W] 01000058 1 00 0000007c
[W] 01000058 1 00 0000007c
[W] 01000058 0 00 01000070
[W] 0100005c 1 0e 00000708
[W] 01000060 1 0f 0000007c
[W] 01000064 1 00 00000708
[W] 01000064 1 00 00000708
[W] 01000064 1 00 00000708
[W] 01000064 1 0f 0000068c
[W] 01000068 0 00 01000fec
[W] 0100006c 1 00 01000070
[W] 01000070 1 00 01000fe0
[W] 00000000 1 00 00000000
[W] 01000080 1 0e 0000068c
[W] 01000084 1 0f 0000007c
[W] 01000088 1 00 00000708
[W] 01000088 1 00 00000708
[W] 01000088 1 00 0000068c
[W] 01000088 0 00 01000050
[W] 0100008c 1 00 01000fe0
[W] 00000000 1 00 00000000
[W] 01000050 1 0e 0000068c
[W] 01000054 1 0f 0000007c
[W] 01000058 1 00 0000007c
[W] 01000058 1 00 0000007c
[W] 01000058 1 00 0000007c
[W] 01000058 0 00 01000070
[W] 0100005c 1 0e 0000068c
[W] 01000060 1 0f 0000007c
[W] 01000064 1 00 0000068c
[W] 01000064 1 00 0000068c
[W] 01000064 1 00 0000068c
[W] 01000064 1 0f 00000610
[W] 01000068 0 00 01000fec
[W] 0100006c 1 00 01000070
[W] 01000070 1 00 01000fe0
[W] 00000000 1 00 00000000
[W] 01000080 1 0e 00000610
[W] 01000084 1 0f 0000007c
[W] 01000088 1 00 0000068c
[W] 01000088 1 00 0000068c
[W] 01000088 1 00 00000610
[W] 01000088 0 00 01000050
[W] 0100008c 1 00 01000fe0
[W] 00000000 1 00 00000000
[W] 01000050 1 0e 00000610
[W] 01000054 1 0f 0000007c
[W] 01000058 1 00 0000007c
[W] 01000058 1 00 0000007c
[W] 01000058 1 00 0000007c
[W] 01000058 0 00 01000070
[W] 0100005c 1 0e 00000610
[W] 01000060 1 0f 0000007c
[W] 01000064 1 00 00000610
[W] 01000064 1 00 00000610
[W] 01000064 1 00 00000610
[W] 01000064 1 0f 00000594
[W] 01000068 0 00 01000fec
[W] 0100006c 1 00 01000070
[W] 01000070 1 00 01000fe0
[W] 00000000 1 00 00000000
[W] 01000080 1 0e 00000594
[W] 01000084 1 0f 0000007c
[W] 01000088 1 00 00000610
[W] 01000088 1 00 00000610
[W] 01000088 1 00 00000594
[W] 01000088 0 00 01000050
[W] 0100008c 1 00 01000fe0
[W] 00000000 1 00 00000000
[W] 01000050 1 0e 00000594
[W] 01000054 1 0f 0000007c
[W] 01000058 1 00 0000007c
[W] 01000058 1 00 0000007c
[W] 01000058 1 00 0000007c
[W] 01000058 0 00 01000070
[W] 0100005c 1 0e 00000594
[W] 01000060 1 0f 0000007c
[W] 01000064 1 00 00000594
[W] 01000064 1 00 00000594
[W] 01000064 1 00 00000594
[W] 01000064 1 0f 00000518
[W] 01000068 0 00 01000fec
[W] 0100006c 1 00 01000070
[W] 01000070 1 00 01000fe0
[W] 00000000 1 00 00000000
[W] 01000080 1 0e 00000518
[W] 01000084 1 0f 0000007c
[W] 01000088 1 00 00000594
[W] 01000088 1 00 00000594
[W] 01000088 1 00 00000518
[W] 01000088 0 00 01000050
[W] 0100008c 1 00 01000fe0
[W] 00000000 1 00 00000000
[W] 01000050 1 0e 00000518
[W] 01000054 1 0f 0000007c
[W] 01000058 1 00 0000007c
[W] 01000058 1 00 0000007c
[W] 01000058 1 00 0000007c
[W] 01000058 0 00 01000070
[W] 0100005c 1 0e 00000518
[W] 01000060 1 0f 0000007c
[W] 01000064 1 00 00000518
[W] 01000064 1 00 00000518
[W] 01000064 1 00 00000518
[W] 01000064 1 0f 0000049c
[W] 01000068 0 00 01000fec
[W] 0100006c 1 00 01000070
[W] 01000070 1 00 01000fe0
[W] 00000000 1 00 00000000
[W] 01000080 1 0e 0000049c
[W] 01000084 1 0f 0000007c
[W] 01000088 1 00 00000518
[W] 01000088 1 00 00000518
[W] 01000088 1 00 0000049c
[W] 01000088 0 00 01000050
[W] 0100008c 1 00 01000fe0
[W] 00000000 1 00 00000000
[W] 01000050 1 0e 0000049c
[W] 01000054 1 0f 0000007c
[W] 01000058 1 00 0000007c
[W] 01000058 1 00 0000007c
[W] 01000058 1 00 0000007c
[W] 01000058 0 00 01000070
[W] 0100005c 1 0e 0000049c
[W] 01000060 1 0f 0000007c
[W] 01000064 1 00 0000049c
[W] 01000064 1 00 0000049c
[W] 01000064 1 00 0000049c
[W] 01000064 1 0f 00000420
[W] 01000068 0 00 01000fec
[W] 0100006c 1 00 01000070
[W] 01000070 1 00 01000fe0
[W] 00000000 1 00 00000000
[W] 01000080 1 0e 00000420
[W] 01000084 1 0f 0000007c
[W] 01000088 1 00 0000049c
[W] 01000088 1 00 0000049c
[W] 01000088 1 00 00000420
[W] 01000088 0 00 01000050
[W] 0100008c 1 00 01000fe0
[W] 00000000 1 00 00000000
[W] 01000050 1 0e 00000420
[W] 01000054 1 0f 0000007c
[W] 01000058 1 00 0000007c
[W] 01000058 1 00 0000007c
[W] 01000058 1 00 0000007c
[W] 01000058 0 00 01000070
[W] 0100005c 1 0e 00000420
[W] 01000060 1 0f 0000007c
[W] 01000064 1 00 00000420
[W] 01000064 1 00 00000420
[W] 01000064 1 00 00000420
[W] 01000064 1 0f 000003a4
[W] 01000068 0 00 01000fec
[W] 0100006c 1 00 01000070
[W] 01000070 1 00 01000fe0
[W] 00000000 1 00 00000000
[W] 01000080 1 0e 000003a4
[W] 01000084 1 0f 0000007c
[W] 01000088 1 00 00000420
[W] 01000088 1 00 00000420
[W] 01000088 1 00 000003a4
[W] 01000088 0 00 01000050
[W] 0100008c 1 00 01000fe0
[W] 00000000 1 00 00000000
[W] 01000050 1 0e 000003a4
[W] 01000054 1 0f 0000007c
[W] 01000058 1 00 0000007c
[W] 01000058 1 00 0000007c
[W] 01000058 1 00 0000007c
[W] 01000058 0 00 01000070
[W] 0100005c 1 0e 000003a4
[W] 01000060 1 0f 0000007c
[W] 01000064 1 00 000003a4
[W] 01000064 1 00 000003a4
[W] 01000064 1 00 000003a4
[W] 01000064 1 0f 00000328
[W] 01000068 0 00 01000fec
[W] 0100006c 1 00 01000070
[W] 01000070 1 00 01000fe0
[W] 00000000 1 00 00000000
[W] 01000080 1 0e 00000328
[W] 01000084 1 0f 0000007c
[W] 01000088 1 00 000003a4
[W] 01000088 1 00 000003a4
[W] 01000088 1 00 00000328
[W] 01000088 0 00 01000050
[W] 0100008c 1 00 01000fe0
[W] 00000000 1 00 00000000
[W] 01000050 1 0e 00000328
[W] 01000054 1 0f 0000007c
[W] 01000058 1 00 0000007c
[W] 01000058 1 00 0000007c
[W] 01000058 1 00 0000007c
[W] 01000058 0 00 01000070
[W] 0100005c 1 0e 00000328
[W] 01000060 1 0f 0000007c
[W] 01000064 1 00 00000328
[W] 01000064 1 00 00000328
[W] 01000064 1 00 00000328
[W] 01000064 1 0f 000002ac
[W] 01000068 0 00 01000fec
[W] 0100006c 1 00 01000070
[W] 01000070 1 00 01000fe0
[W] 00000000 1 00 00000000
[W] 01000080 1 0e 000002ac
[W] 01000084 1 0f 0000007c
[W] 01000088 1 00 00000328
[W] 01000088 1 00 00000328
[W] 01000088 1 00 000002ac
[W] 01000088 0 00 01000050
[W] 0100008c 1 00 01000fe0
[W] 00000000 1 00 00000000
[W] 01000050 1 0e 000002ac
[W] 01000054 1 0f 0000007c
[W] 01000058 1 00 0000007c
[W] 01000058 1 00 0000007c
[W] 01000058 1 00 0000007c
[W] 01000058 0 00 01000070
[W] 0100005c 1 0e 000002ac
[W] 01000060 1 0f 0000007c
[W] 01000064 1 00 000002ac
[W] 01000064 1 00 000002ac
[W] 01000064 1 00 000002ac
[W] 01000064 1 0f 00000230
[W] 01000068 0 00 01000fec
[W] 0100006c 1 00 01000070
[W] 01000070 1 00 01000fe0
[W] 00000000 1 00 00000000
[W] 01000080 1 0e 00000230
[W] 01000084 1 0f 0000007c
[W] 01000088 1 00 000002ac
[W] 01000088 1 00 000002ac
[W] 01000088 1 00 00000230
[W] 01000088 0 00 01000050
[W] 0100008c 1 00 01000fe0
[W] 00000000 1 00 00000000
[W] 01000050 1 0e 00000230
[W] 01000054 1 0f 0000007c
[W] 01000058 1 00 0000007c
[W] 01000058 1 00 0000007c
[W] 01000058 1 00 0000007c
[W] 01000058 0 00 01000070
[W] 0100005c 1 0e 00000230
[W] 01000060 1 0f 0000007c
[W] 01000064 1 00 00000230
[W] 01000064 1 00 00000230
[W] 01000064 1 00 00000230
[W] 01000064 1 0f 000001b4
[W] 01000068 0 00 01000fec
[W] 0100006c 1 00 01000070
[W] 01000070 1 00 01000fe0
[W] 00000000 1 00 00000000
[W] 01000080 1 0e 000001b4
[W] 01000084 1 0f 0000007c
[W] 01000088 1 00 00000230
[W] 01000088 1 00 00000230
[W] 01000088 1 00 000001b4
[W] 01000088 0 00 01000050
[W] 0100008c 1 00 01000fe0
[W] 00000000 1 00 00000000
[W] 01000050 1 0e 000001b4
[W] 01000054 1 0f 0000007c
[W] 01000058 1 00 0000007c
[W] 01000058 1 00 0000007c
[W] 01000058 1 00 0000007c
[W] 01000058 0 00 01000070
[W] 0100005c 1 0e 000001b4
[W] 01000060 1 0f 0000007c
[W] 01000064 1 00 000001b4
[W] 01000064 1 00 000001b4
[W] 01000064 1 00 000001b4
[W] 01000064 1 0f 00000138
[W] 01000068 0 00 01000fec
[W] 0100006c 1 00 01000070
[W] 01000070 1 00 01000fe0
[W] 00000000 1 00 00000000
[W] 01000080 1 0e 00000138
[W] 01000084 1 0f 0000007c
[W] 01000088 1 00 000001b4
[W] 01000088 1 00 000001b4
[W] 01000088 1 00 00000138
[W] 01000088 0 00 01000050
[W] 0100008c 1 00 01000fe0
[W] 00000000 1 00 00000000
[W] 01000050 1 0e 00000138
[W] 01000054 1 0f 0000007c
[W] 01000058 1 00 0000007c
[W] 01000058 1 00 0000007c
[W] 01000058 1 00 0000007c
[W] 01000058 0 00 01000070
[W] 0100005c 1 0e 00000138
[W] 01000060 1 0f 0000007c
[W] 01000064 1 00 00000138
[W] 01000064 1 00 00000138
[W] 01000064 1 00 00000138
[W] 01000064 1 0f 000000bc
[W] 01000068 0 00 01000fec
[W] 0100006c 1 00 01000070
[W] 01000070 1 00 01000fe0
[W] 00000000 1 00 00000000
[W] 01000080 1 0e 000000bc
[W] 01000084 1 0f 0000007c
[W] 01000088 1 00 00000138
[W] 01000088 1 00 00000138
[W] 01000088 1 00 000000bc
[W] 01000088 0 00 01000050
[W] 0100008c 1 00 01000fe0
[W] 00000000 1 00 00000000
[W] 01000050 1 0e 000000bc
[W] 01000054 1 0f 0000007c
[W] 01000058 1 00 0000007c
[W] 01000058 1 00 0000007c
[W] 01000058 1 00 0000007c
[W] 01000058 0 00 01000070
[W] 0100005c 1 0e 000000bc
[W] 01000060 1 0f 0000007c
[W] 01000064 1 00 000000bc
[W] 01000064 1 00 000000bc
[W] 01000064 1 00 000000bc
[W] 01000064 1 0f 00000040
[W] 01000068 0 00 01000fec
[W] 0100006c 1 00 01000070
[W] 01000070 1 00 01000fe0
[W] 00000000 1 00 00000000
[W] 01000080 1 0e 00000040
[W] 01000084 1 0f 0000007c
[W] 01000088 1 00 000000bc
[W] 01000088 1 00 000000bc
[W] 01000088 1 00 00000040
[W] 01000088 0 00 01000050
[W] 0100008c 1 00 01000fe0
[W] 00000000 1 00 00000000
[W] 01000050 1 0e 00000040
[W] 01000054 1 0f 0000007c
[W] 01000058 1 00 0000007c
[W] 01000058 1 00 0000007c
[W] 01000058 1 00 0000007c
[W] 01000058 0 00 01000070
[W] 0100005c 1 00 01000fe0
[W] 00000000 1 00 00000000
[W] 01000070 1 0e 0000007c
[W] 01000074 1 0f 00000040
[W] 01000078 1 00 00000040
[W] 01000078 1 00 00000040
[W] 01000078 1 00 0000007c
[W] 01000078 1 0f 0000003c
[W] 0100007c 0 00 01000fe8
[W] 01000080 1 0e 00000040
[W] 01000084 1 0f 0000003c
[W] 01000088 1 00 0000007c
[W] 01000088 1 00 0000007c
[W] 01000088 1 00 00000040
[W] 01000088 0 00 01000050
[W] 0100008c 1 00 01000fe0
[W] 00000000 1 00 00000000
[W] 01000050 1 0e 00000040
[W] 01000054 1 0f 0000003c
[W] 01000058 1 00 0000003c
[W] 01000058 1 00 0000003c
[W] 01000058 1 00 0000003c
[W] 01000058 0 00 01000070
[W] 0100005c 1 0e 00000040
[W] 01000060 1 0f 0000003c
[W] 01000064 1 00 00000040
[W] 01000064 1 00 00000040
[W] 01000064 1 00 00000040
[W] 01000064 1 0f 00000004
[W] 01000068 0 00 01000fec
[W] 0100006c 1 00 01000070
[W] 01000070 1 00 01000fe0
[W] 00000000 1 00 00000000
[W] 01000080 1 0e 00000004
[W] 01000084 1 0f 0000003c
[W] 01000088 1 00 00000040
[W] 01000088 1 00 00000040
[W] 01000088 1 00 00000004
[W] 01000088 0 00 01000050
[W] 0100008c 1 00 01000fe0
[W] 00000000 1 00 00000000
[W] 01000050 1 0e 00000004
[W] 01000054 1 0f 0000003c
[W] 01000058 1 00 0000003c
[W] 01000058 1 00 0000003c
[W] 01000058 1 00 0000003c
[W] 01000058 0 00 01000070
[W] 0100005c 1 00 01000fe0
[W] 00000000 1 00 00000000
[W] 01000070 1 0e 0000003c
[W] 01000074 1 0f 00000004
[W] 01000078 1 00 00000004
[W] 01000078 1 00 00000004
[W] 01000078 1 00 0000003c
[W] 01000078 1 0f 00000038
[W] 0100007c 0 00 01000fe8
[W] 01000080 1 0e 00000004
[W] 01000084 1 0f 00000038
[W] 01000088 1 00 0000003c
[W] 01000088 1 00 0000003c
[W] 01000088 1 00 00000004
[W] 01000088 0 00 01000050
[W] 0100008c 1 00 01000fe0
[W] 00000000 1 00 00000000
[W] 01000050 1 0e 00000004
[W] 01000054 1 0f 00000038
[W] 01000058 1 00 00000038
[W] 01000058 1 00 00000038
[W] 01000058 1 00 00000038
[W] 01000058 0 00 01000070
[W] 0100005c 1 00 01000fe0
[W] 00000000 1 00 00000000
[W] 01000070 1 0e 00000038
[W] 01000074 1 0f 00000004
[W] 01000078 1 00 00000004
[W] 01000078 1 00 00000004
[W] 01000078 1 00 00000038
[W] 01000078 1 0f 00000034
[W] 0100007c 0 00 01000fe8
[W] 01000080 1 0e 00000004
[W] 01000084 1 0f 00000034
[W] 01000088 1 00 00000038
[W] 01000088 1 00 00000038
[W] 01000088 1 00 00000004
[W] 01000088 0 00 01000050
[W] 0100008c 1 00 01000fe0
[W] 00000000 1 00 00000000
[W] 01000050 1 0e 00000004
[W] 01000054 1 0f 00000034
[W] 01000058 1 00 00000034
[W] 01000058 1 00 00000034
[W] 01000058 1 00 00000034
[W] 01000058 0 00 01000070
[W] 0100005c 1 00 01000fe0
[W] 00000000 1 00 00000000
[W] 01000070 1 0e 00000034
[W] 01000074 1 0f 00000004
[W] 01000078 1 00 00000004
[W] 01000078 1 00 00000004
[W] 01000078 1 00 00000034
[W] 01000078 1 0f 00000030
[W] 0100007c 0 00 01000fe8
[W] 01000080 1 0e 00000004
[W] 01000084 1 0f 00000030
[W] 01000088 1 00 00000034
[W] 01000088 1 00 00000034
[W] 01000088 1 00 00000004
[W] 01000088 0 00 01000050
[W] 0100008c 1 00 01000fe0
[W] 00000000 1 00 00000000
[W] 01000050 1 0e 00000004
[W] 01000054 1 0f 00000030
[W] 01000058 1 00 00000030
[W] 01000058 1 00 00000030
[W] 01000058 1 00 00000030
[W] 01000058 0 00 01000070
[W] 0100005c 1 00 01000fe0
[W] 00000000 1 00 00000000
[W] 01000070 1 0e 00000030
[W] 01000074 1 0f 00000004
[W] 01000078 1 00 00000004
[W] 01000078 1 00 00000004
[W] 01000078 1 00 00000030
[W] 01000078 1 0f 0000002c
[W] 0100007c 0 00 01000fe8
[W] 01000080 1 0e 00000004
[W] 01000084 1 0f 0000002c
[W] 01000088 1 00 00000030
[W] 01000088 1 00 00000030
[W] 01000088 1 00 00000004
[W] 01000088 0 00 01000050
[W] 0100008c 1 00 01000fe0
[W] 00000000 1 00 00000000
[W] 01000050 1 0e 00000004
[W] 01000054 1 0f 0000002c
[W] 01000058 1 00 0000002c
[W] 01000058 1 00 0000002c
[W] 01000058 1 00 0000002c
[W] 01000058 0 00 01000070
[W] 0100005c 1 00 01000fe0
[W] 00000000 1 00 00000000
[W] 01000070 1 0e 0000002c
[W] 01000074 1 0f 00000004
[W] 01000078 1 00 00000004
[W] 01000078 1 00 00000004
[W] 01000078 1 00 0000002c
[W] 01000078 1 0f 00000028
[W] 0100007c 0 00 01000fe8
[W] 01000080 1 0e 00000004
[W] 01000084 1 0f 00000028
[W] 01000088 1 00 0000002c
[W] 01000088 1 00 0000002c
[W] 01000088 1 00 00000004
[W] 01000088 0 00 01000050
[W] 0100008c 1 00 01000fe0
[W] 00000000 1 00 00000000
[W] 01000050 1 0e 00000004
[W] 01000054 1 0f 00000028
[W] 01000058 1 00 00000028
[W] 01000058 1 00 00000028
[W] 01000058 1 00 00000028
[W] 01000058 0 00 01000070
[W] 0100005c 1 00 01000fe0
[W] 00000000 1 00 00000000
[W] 01000070 1 0e 00000028
[W] 01000074 1 0f 00000004
[W] 01000078 1 00 00000004
[W] 01000078 1 00 00000004
[W] 01000078 1 00 00000028
[W] 01000078 1 0f 00000024
[W] 0100007c 0 00 01000fe8
[W] 01000080 1 0e 00000004
[W] 01000084 1 0f 00000024
[W] 01000088 1 00 00000028
[W] 01000088 1 00 00000028
[W] 01000088 1 00 00000004
[W] 01000088 0 00 01000050
[W] 0100008c 1 00 01000fe0
[W] 00000000 1 00 00000000
[W] 01000050 1 0e 00000004
[W] 01000054 1 0f 00000024
[W] 01000058 1 00 00000024
[W] 01000058 1 00 00000024
[W] 01000058 1 00 00000024
[W] 01000058 0 00 01000070
[W] 0100005c 1 00 01000fe0
[W] 00000000 1 00 00000000
[W] 01000070 1 0e 00000024
[W] 01000074 1 0f 00000004
[W] 01000078 1 00 00000004
[W] 01000078 1 00 00000004
[W] 01000078 1 00 00000024
[W] 01000078 1 0f 00000020
[W] 0100007c 0 00 01000fe8
[W] 01000080 1 0e 00000004
[W] 01000084 1 0f 00000020
[W] 01000088 1 00 00000024
[W] 01000088 1 00 00000024
[W] 01000088 1 00 00000004
[W] 01000088 0 00 01000050
[W] 0100008c 1 00 01000fe0
[W] 00000000 1 00 00000000
[W] 01000050 1 0e 00000004
[W] 01000054 1 0f 00000020
[W] 01000058 1 00 00000020
[W] 01000058 1 00 00000020
[W] 01000058 1 00 00000020
[W] 01000058 0 00 01000070
[W] 0100005c 1 00 01000fe0
[W] 00000000 1 00 00000000
[W] 01000070 1 0e 00000020
[W] 01000074 1 0f 00000004
[W] 01000078 1 00 00000004
[W] 01000078 1 00 00000004
[W] 01000078 1 00 00000020
[W] 01000078 1 0f 0000001c
[W] 0100007c 0 00 01000fe8
[W] 01000080 1 0e 00000004
[W] 01000084 1 0f 0000001c
[W] 01000088 1 00 00000020
[W] 01000088 1 00 00000020
[W] 01000088 1 00 00000004
[W] 01000088 0 00 01000050
[W] 0100008c 1 00 01000fe0
[W] 00000000 1 00 00000000
[W] 01000050 1 0e 00000004
[W] 01000054 1 0f 0000001c
[W] 01000058 1 00 0000001c
[W] 01000058 1 00 0000001c
[W] 01000058 1 00 0000001c
[W] 01000058 0 00 01000070
[W] 0100005c 1 00 01000fe0
[W] 00000000 1 00 00000000
[W] 01000070 1 0e 0000001c
[W] 01000074 1 0f 00000004
[W] 01000078 1 00 00000004
[W] 01000078 1 00 00000004
[W] 01000078 1 00 0000001c
[W] 01000078 1 0f 00000018
[W] 0100007c 0 00 01000fe8
[W] 01000080 1 0e 00000004
[W] 01000084 1 0f 00000018
[W] 01000088 1 00 0000001c
[W] 01000088 1 00 0000001c
[W] 01000088 1 00 00000004
[W] 01000088 0 00 01000050
[W] 0100008c 1 00 01000fe0
[W] 00000000 1 00 00000000
[W] 01000050 1 0e 00000004
[W] 01000054 1 0f 00000018
[W] 01000058 1 00 00000018
[W] 01000058 1 00 00000018
[W] 01000058 1 00 00000018
[W] 01000058 0 00 01000070
[W] 0100005c 1 00 01000fe0
[W] 00000000 1 00 00000000
[W] 01000070 1 0e 00000018
[W] 01000074 1 0f 00000004
[W] 01000078 1 00 00000004
[W] 01000078 1 00 00000004
[W] 01000078 1 00 00000018
[W] 01000078 1 0f 00000014
[W] 0100007c 0 00 01000fe8
[W] 01000080 1 0e 00000004
[W] 01000084 1 0f 00000014
[W] 01000088 1 00 00000018
[W] 01000088 1 00 00000018
[W] 01000088 1 00 00000004
[W] 01000088 0 00 01000050
[W] 0100008c 1 00 01000fe0
[W] 00000000 1 00 00000000
[W] 01000050 1 0e 00000004
[W] 01000054 1 0f 00000014
[W] 01000058 1 00 00000014
[W] 01000058 1 00 00000014
[W] 01000058 1 00 00000014
[W] 01000058 0 00 01000070
[W] 0100005c 1 00 01000fe0
[W] 00000000 1 00 00000000
[W] 01000070 1 0e 00000014
[W] 01000074 1 0f 00000004
[W] 01000078 1 00 00000004
[W] 01000078 1 00 00000004
[W] 01000078 1 00 00000014
[W] 01000078 1 0f 00000010
[W] 0100007c 0 00 01000fe8
[W] 01000080 1 0e 00000004
[W] 01000084 1 0f 00000010
[W] 01000088 1 00 00000014
[W] 01000088 1 00 00000014
[W] 01000088 1 00 00000004
[W] 01000088 0 00 01000050
[W] 0100008c 1 00 01000fe0
[W] 00000000 1 00 00000000
[W] 01000050 1 0e 00000004
[W] 01000054 1 0f 00000010
[W] 01000058 1 00 00000010
[W] 01000058 1 00 00000010
[W] 01000058 1 00 00000010
[W] 01000058 0 00 01000070
[W] 0100005c 1 00 01000fe0
[W] 00000000 1 00 00000000
[W] 01000070 1 0e 00000010
[W] 01000074 1 0f 00000004
[W] 01000078 1 00 00000004
[W] 01000078 1 00 00000004
[W] 01000078 1 00 00000010
[W] 01000078 1 0f 0000000c
[W] 0100007c 0 00 01000fe8
[W] 01000080 1 0e 00000004
[W] 01000084 1 0f 0000000c
[W] 01000088 1 00 00000010
[W] 01000088 1 00 00000010
[W] 01000088 1 00 00000004
[W] 01000088 0 00 01000050
[W] 0100008c 1 00 01000fe0
[W] 00000000 1 00 00000000
[W] 01000050 1 0e 00000004
[W] 01000054 1 0f 0000000c
[W] 01000058 1 00 0000000c
[W] 01000058 1 00 0000000c
[W] 01000058 1 00 0000000c
[W] 01000058 0 00 01000070
[W] 0100005c 1 00 01000fe0
[W] 00000000 1 00 00000000
[W] 01000070 1 0e 0000000c
[W] 01000074 1 0f 00000004
[W] 01000078 1 00 00000004
[W] 01000078 1 00 00000004
[W] 01000078 1 00 0000000c
[W] 01000078 1 0f 00000008
[W] 0100007c 0 00 01000fe8
[W] 01000080 1 0e 00000004
[W] 01000084 1 0f 00000008
[W] 01000088 1 00 0000000c
[W] 01000088 1 00 0000000c
[W] 01000088 1 00 00000004
[W] 01000088 0 00 01000050
[W] 0100008c 1 00 01000fe0
[W] 00000000 1 00 00000000
[W] 01000050 1 0e 00000004
[W] 01000054 1 0f 00000008
[W] 01000058 1 00 00000008
[W] 01000058 1 00 00000008
[W] 01000058 1 00 00000008
[W] 01000058 0 00 01000070
[W] 0100005c 1 00 01000fe0
[W] 00000000 1 00 00000000
[W] 01000070 1 0e 00000008
[W] 01000074 1 0f 00000004
[W] 01000078 1 00 00000004
[W] 01000078 1 00 00000004
[W] 01000078 1 00 00000008
[W] 01000078 1 0f 00000004
[W] 0100007c 0 00 01000fe8
[W] 01000080 1 0e 00000004
[W] 01000084 1 0f 00000004
[W] 01000088 1 00 00000008
[W] 01000088 1 00 00000008
[W] 01000088 1 00 00000004
[W] 01000088 0 00 01000050
[W] 0100008c 1 0a 00000004
[W] 01000090 1 01 01000094
[W] 01000094 1 00 00000000
[W] 00000000 1 00 00000000
[W] 010000a8 1 02 01000fd0
[W] 010000ac 0 00 01000fdc
[W] 010000b0 1 0f 00000004
[W] 010000b4 1 00 00000004
[W] 010000b4 1 0f 00000000
[W] 010000b8 1 0f 00000001
[W] 010000bc 1 0f 00000001
[W] 010000c0 1 0a 00000001
[W] 010000c4 1 02 01000fe0
[W] 010000c8 1 00 010000cc
[W] 010000cc 1 00 00000000
[W] 00000000 1 00 00000000
[W] 01000094 1 0f 00000001
[W] 01000098 1 0a 00000001
[W] 0100009c 1 01 00000000
[W] 010000a0 1 02 01001000
[W] 010000a4 1 00 010000a8
