[W] 00000000 0 00 00000000
[W] 00000000 0 00 00000000
[W] 00000000 0 00 00000000
[W] 00000000 0 00 00000000
[W] 01000000 1 01 01000000
[W] 01000004 1 01 010002c4
[W] 01000008 1 1e 00ff00ff
[W] 0100000c 1 1d 00ff0000
[W] 01000010 1 1d 00ff00ff
[W] 01000014 1 03 00000002
[W] 01000018 0 00 0100028c
[W] 0100001c 1 01 0100001c
[W] 01000020 1 01 010002c4
[W] 01000024 1 1e ff00ff00
[W] 01000028 1 1d ff010000
[W] 0100002c 1 1d ff00ff00
[W] 01000030 1 03 00000003
[W] 01000034 0 00 0100028c
[W] 01000038 1 01 01000038
[W] 0100003c 1 01 010002c4
[W] 01000040 1 1e 0ff00ff0
[W] 01000044 1 1d 0ff01000
[W] 01000048 1 1d 0ff00ff0
[W] 0100004c 1 03 00000004
[W] 01000050 0 00 0100028c
[W] 01000054 1 01 01000054
[W] 01000058 1 01 010002c4
[W] 0100005c 1 1e f00ff00f
[W] 01000060 1 1d f00ff000
[W] 01000064 1 1d f00ff00f
[W] 01000068 1 03 00000005
[W] 0100006c 0 00 0100028c
[W] 01000070 1 01 01000070
[W] 01000074 1 01 010002d0
[W] 01000078 1 1e 00ff00ff
[W] 0100007c 1 1d 00ff0000
[W] 01000080 1 1d 00ff00ff
[W] 01000084 1 03 00000006
[W] 01000088 0 00 0100028c
[W] 0100008c 1 01 0100008c
[W] 01000090 1 01 010002d0
[W] 01000094 1 1e ff00ff00
[W] 01000098 1 1d ff010000
[W] 0100009c 1 1d ff00ff00
[W] 010000a0 1 03 00000007
[W] 010000a4 0 00 0100028c
[W] 010000a8 1 01 010000a8
[W] 010000ac 1 01 010002d0
[W] 010000b0 1 1e 0ff00ff0
[W] 010000b4 1 1d 0ff01000
[W] 010000b8 1 1d 0ff00ff0
[W] 010000bc 1 03 00000008
[W] 010000c0 0 00 0100028c
[W] 010000c4 1 01 010000c4
[W] 010000c8 1 01 010002d0
[W] 010000cc 1 1e f00ff00f
[W] 010000d0 1 1d f00ff000
[W] 010000d4 1 1d f00ff00f
[W] 010000d8 1 03 00000009
[W] 010000dc 0 00 0100028c
[W] 010000e0 1 01 010000e0
[W] 010000e4 1 01 010002c4
[W] 010000e8 1 01 010002a4
[W] 010000ec 1 05 00ff00ff
[W] 010000f0 1 1d 00ff0000
[W] 010000f4 1 1d 00ff00ff
[W] 010000f8 1 03 0000000a
[W] 010000fc 0 00 0100028c
[W] 01000100 1 01 01000100
[W] 01000104 1 01 010002c4
[W] 01000108 1 01 010002c1
[W] 0100010c 1 05 ff00ff00
[W] 01000110 1 1d ff010000
[W] 01000114 1 1d ff00ff00
[W] 01000118 1 03 0000000b
[W] 0100011c 0 00 0100028c
[W] 01000120 1 03 0000000c
[W] 01000124 1 04 00000000
[W] 01000128 1 01 01000128
[W] 0100012c 1 01 010002c8
[W] 01000130 1 1e 0ff00ff0
[W] 01000134 1 00 f00ff00f
[W] 01000134 1 06 0ff00ff0
[W] 01000138 1 1d 0ff01000
[W] 0100013c 1 1d 0ff00ff0
[W] 01000140 1 00 00000000
[W] 01000140 0 00 0100028c
[W] 01000144 1 04 00000001
[W] 01000148 1 05 00000002
[W] 0100014c 0 00 01000128
[W] 01000150 1 00 00000000
[W] 00000000 1 00 00000000
[W] 01000128 1 01 01000128
[W] 0100012c 1 01 010002c8
[W] 01000130 1 1e 0ff00ff0
[W] 01000134 1 00 0ff00ff0
[W] 01000134 1 06 0ff00ff0
[W] 01000138 1 1d 0ff01000
[W] 0100013c 1 1d 0ff00ff0
[W] 01000140 1 00 0ff00ff0
[W] 01000140 0 00 0100028c
[W] 01000144 1 04 00000002
[W] 01000148 1 05 00000002
[W] 0100014c 0 00 01000128
[W] 01000150 1 03 0000000d
[W] 01000154 1 04 00000000
[W] 01000158 1 01 01000158
[W] 0100015c 1 01 010002cc
[W] 01000160 1 1e f00ff00f
[W] 01000164 1 00 00000000
[W] 01000168 1 06 f00ff00f
[W] 0100016c 1 1d f00ff000
[W] 01000170 1 1d f00ff00f
[W] 01000174 1 00 0ff00ff0
[W] 01000174 0 00 0100028c
[W] 01000178 1 04 00000001
[W] 0100017c 1 05 00000002
[W] 01000180 0 00 01000158
[W] 01000184 1 00 00000000
[W] 00000000 1 00 00000000
[W] 01000158 1 01 01000158
[W] 0100015c 1 01 010002cc
[W] 01000160 1 1e f00ff00f
[W] 01000164 1 00 00000000
[W] 01000168 1 06 f00ff00f
[W] 0100016c 1 1d f00ff000
[W] 01000170 1 1d f00ff00f
[W] 01000174 1 00 f00ff00f
[W] 01000174 0 00 0100028c
[W] 01000178 1 04 00000002
[W] 0100017c 1 05 00000002
[W] 01000180 0 00 01000158
[W] 01000184 1 03 0000000e
[W] 01000188 1 04 00000000
[W] 0100018c 1 01 0100018c
[W] 01000190 1 01 010002c4
[W] 01000194 1 1e ff00ff00
[W] 01000198 1 00 00000000
[W] 0100019c 1 00 00000000
[W] 010001a0 1 00 f00ff00f
[W] 010001a0 1 06 ff00ff00
[W] 010001a4 1 1d ff010000
[W] 010001a8 1 1d ff00ff00
[W] 010001ac 1 00 f00ff00f
[W] 010001ac 0 00 0100028c
[W] 010001b0 1 04 00000001
[W] 010001b4 1 05 00000002
[W] 010001b8 0 00 0100018c
[W] 010001bc 1 00 00000000
[W] 00000000 1 00 00000000
[W] 0100018c 1 01 0100018c
[W] 01000190 1 01 010002c4
[W] 01000194 1 1e ff00ff00
[W] 01000198 1 00 00000000
[W] 0100019c 1 00 00000000
[W] 010001a0 1 00 ff00ff00
[W] 010001a0 1 06 ff00ff00
[W] 010001a4 1 1d ff010000
[W] 010001a8 1 1d ff00ff00
[W] 010001ac 1 00 ff00ff00
[W] 010001ac 0 00 0100028c
[W] 010001b0 1 04 00000002
[W] 010001b4 1 05 00000002
[W] 010001b8 0 00 0100018c
[W] 010001bc 1 03 0000000f
[W] 010001c0 1 04 00000000
[W] 010001c4 1 01 010001c4
[W] 010001c8 1 01 010002c8
[W] 010001cc 1 1e 0ff00ff0
[W] 010001d0 1 1d 0ff01000
[W] 010001d4 1 1d 0ff00ff0
[W] 010001d8 1 00 ff00ff00
[W] 010001d8 0 00 0100028c
[W] 010001dc 1 04 00000001
[W] 010001e0 1 05 00000002
[W] 010001e4 0 00 010001c4
[W] 010001e8 1 00 00000000
[W] 00000000 1 00 00000000
[W] 010001c4 1 01 010001c4
[W] 010001c8 1 01 010002c8
[W] 010001cc 1 1e 0ff00ff0
[W] 010001d0 1 1d 0ff01000
[W] 010001d4 1 1d 0ff00ff0
[W] 010001d8 1 00 0ff00ff0
[W] 010001d8 0 00 0100028c
[W] 010001dc 1 04 00000002
[W] 010001e0 1 05 00000002
[W] 010001e4 0 00 010001c4
[W] 010001e8 1 03 00000010
[W] 010001ec 1 04 00000000
[W] 010001f0 1 01 010001f0
[W] 010001f4 1 01 010002cc
[W] 010001f8 1 00 00000000
[W] 010001fc 1 1e f00ff00f
[W] 01000200 1 1d f00ff000
[W] 01000204 1 1d f00ff00f
[W] 01000208 1 00 0ff00ff0
[W] 01000208 0 00 0100028c
[W] 0100020c 1 04 00000001
[W] 01000210 1 05 00000002
[W] 01000214 0 00 010001f0
[W] 01000218 1 00 00000000
[W] 00000000 1 00 00000000
[W] 010001f0 1 01 010001f0
[W] 010001f4 1 01 010002cc
[W] 010001f8 1 00 00000000
[W] 010001fc 1 1e f00ff00f
[W] 01000200 1 1d f00ff000
[W] 01000204 1 1d f00ff00f
[W] 01000208 1 00 f00ff00f
[W] 01000208 0 00 0100028c
[W] 0100020c 1 04 00000002
[W] 01000210 1 05 00000002
[W] 01000214 0 00 010001f0
[W] 01000218 1 03 00000011
[W] 0100021c 1 04 00000000
[W] 01000220 1 01 01000220
[W] 01000224 1 01 010002c4
[W] 01000228 1 00 00000000
[W] 0100022c 1 00 00000000
[W] 01000230 1 00 01000220
[W] 01000230 1 1e ff00ff00
[W] 01000234 1 1d ff010000
[W] 01000238 1 1d ff00ff00
[W] 0100023c 1 00 f00ff00f
[W] 0100023c 0 00 0100028c
[W] 01000240 1 04 00000001
[W] 01000244 1 05 00000002
[W] 01000248 0 00 01000220
[W] 0100024c 1 00 00000000
[W] 00000000 1 00 00000000
[W] 01000220 1 01 01000220
[W] 01000224 1 01 010002c4
[W] 01000228 1 00 00000000
[W] 0100022c 1 00 00000000
[W] 01000230 1 00 01000220
[W] 01000230 1 1e ff00ff00
[W] 01000234 1 1d ff010000
[W] 01000238 1 1d ff00ff00
[W] 0100023c 1 00 ff00ff00
[W] 0100023c 0 00 0100028c
[W] 01000240 1 04 00000002
[W] 01000244 1 05 00000002
[W] 01000248 0 00 01000220
[W] 0100024c 1 05 0100024c
[W] 01000250 1 05 010002c4
[W] 01000254 1 02 00ff00ff
[W] 01000258 1 02 00000002
[W] 0100025c 1 1d 00000002
[W] 01000260 1 03 00000012
[W] 01000264 1 00 00ff00ff
[W] 01000264 1 00 00000002
[W] 01000264 0 00 0100028c
[W] 01000268 1 05 01000268
[W] 0100026c 1 05 010002c4
[W] 01000270 1 02 00ff00ff
[W] 01000274 1 00 00000000
[W] 01000278 1 02 00000002
[W] 0100027c 1 1d 00000002
[W] 01000280 1 03 00000013
[W] 01000284 1 00 00ff00ff
[W] 01000284 1 00 00000002
[W] 01000284 0 00 0100028c
[W] 01000288 0 00 010002a0
[W] 0100028c 1 00 00000000
[W] 00000000 1 00 00000000
[W] 010002a0 1 00 00000000
[W] 010002a4 1 03 00000001
[W] 010002a8 0 00 00000000
