[W] 00000000 0 00 00000000
[W] 00000000 0 00 00000000
[W] 00000000 0 00 00000000
[W] 00000000 0 00 00000000
[W] 01000000 1 0a 01002000
[W] 01000004 1 0a 0100271c
[W] 01000008 1 0b 0100000c
[W] 0100000c 1 00 00000000
[W] 00000000 1 00 00000000
[W] 0100000c 1 00 0100271c
[W] 0100000c 1 0a 00002710
[W] 01000010 1 1d 00002000
[W] 01000014 1 1d 00002710
[W] 01000018 1 03 00000002
[W] 0100001c 0 00 01000044
[W] 01000020 1 0a 00ffe020
[W] 01000024 1 0a 00ffd91c
[W] 01000028 1 0b 0100002c
[W] 0100002c 1 00 00002710
[W] 00000000 1 00 00000000
[W] 0100002c 1 00 00ffd91c
[W] 0100002c 1 0a ffffd8f0
[W] 01000030 1 1d ffffe000
[W] 01000034 1 1d ffffd8f0
[W] 01000038 1 03 00000003
[W] 0100003c 0 00 01000044
[W] 01000040 0 00 01000058
[W] 01000044 1 00 00000000
[W] 00000000 1 00 00000000
[W] 01000058 1 00 00000000
[W] 0100005c 1 03 00000001
[W] 01000060 0 00 00000000
