[W] 00000000 0 00 00000000
[W] 00000000 0 00 00000000
[W] 00000000 0 00 00000000
[W] 00000000 0 00 00000000
[W] 01000000 1 01 00000000
[W] 01000004 1 1e 00000000
[W] 01000008 1 1d 00000000
[W] 0100000c 1 03 00000002
[W] 01000010 1 00 00000000
[W] 01000010 1 00 00000000
[W] 01000010 0 00 01000288
[W] 01000014 1 01 00000001
[W] 01000018 1 1e 00000002
[W] 0100001c 1 1d 00000002
[W] 01000020 1 03 00000003
[W] 01000024 1 00 00000000
[W] 01000024 1 00 00000002
[W] 01000024 0 00 01000288
[W] 01000028 1 01 00000003
[W] 0100002c 1 1e 0000000a
[W] 01000030 1 1d 0000000a
[W] 01000034 1 03 00000004
[W] 01000038 1 00 00000002
[W] 01000038 1 00 0000000a
[W] 01000038 0 00 01000288
[W] 0100003c 1 01 00000000
[W] 01000040 1 1e fffff800
[W] 01000044 1 1d fffff800
[W] 01000048 1 03 00000005
[W] 0100004c 1 00 0000000a
[W] 0100004c 1 00 fffff800
[W] 0100004c 0 00 01000288
[W] 01000050 1 01 80000000
[W] 01000054 1 1e 80000000
[W] 01000058 1 1d 80000000
[W] 0100005c 1 03 00000006
[W] 01000060 1 00 fffff800
[W] 01000060 1 00 80000000
[W] 01000060 0 00 01000288
[W] 01000064 1 01 80000000
[W] 01000068 1 1e 7ffff800
[W] 0100006c 1 1d 80000000
[W] 01000070 1 1d 7ffff800
[W] 01000074 1 03 00000007
[W] 01000078 0 00 01000288
[W] 0100007c 1 01 00000000
[W] 01000080 1 1e 000007ff
[W] 01000084 1 1d 000007ff
[W] 01000088 1 03 00000008
[W] 0100008c 1 00 7ffff800
[W] 0100008c 1 00 000007ff
[W] 0100008c 0 00 01000288
[W] 01000090 1 01 80000000
[W] 01000094 1 01 7fffffff
[W] 01000098 1 1e 7fffffff
[W] 0100009c 1 1d 80000000
[W] 010000a0 1 1d 7fffffff
[W] 010000a4 1 03 00000009
[W] 010000a8 0 00 01000288
[W] 010000ac 1 01 80000000
[W] 010000b0 1 01 7fffffff
[W] 010000b4 1 1e 800007fe
[W] 010000b8 1 1d 80000000
[W] 010000bc 1 1d 800007fe
[W] 010000c0 1 03 0000000a
[W] 010000c4 0 00 01000288
[W] 010000c8 1 01 80000000
[W] 010000cc 1 1e 800007ff
[W] 010000d0 1 1d 80000000
[W] 010000d4 1 1d 800007ff
[W] 010000d8 1 03 0000000b
[W] 010000dc 0 00 01000288
[W] 010000e0 1 01 80000000
[W] 010000e4 1 01 7fffffff
[W] 010000e8 1 1e 7ffff7ff
[W] 010000ec 1 1d 7ffff000
[W] 010000f0 1 1d 7ffff7ff
[W] 010000f4 1 03 0000000c
[W] 010000f8 0 00 01000288
[W] 010000fc 1 01 00000000
[W] 01000100 1 1e ffffffff
[W] 01000104 1 1d ffffffff
[W] 01000108 1 03 0000000d
[W] 0100010c 1 00 7ffff7ff
[W] 0100010c 1 00 ffffffff
[W] 0100010c 0 00 01000288
[W] 01000110 1 01 ffffffff
[W] 01000114 1 1e 00000000
[W] 01000118 1 1d 00000000
[W] 0100011c 1 03 0000000e
[W] 01000120 1 00 ffffffff
[W] 01000120 1 00 00000000
[W] 01000120 0 00 01000288
[W] 01000124 1 01 ffffffff
[W] 01000128 1 1e fffffffe
[W] 0100012c 1 1d fffffffe
[W] 01000130 1 03 0000000f
[W] 01000134 1 00 00000000
[W] 01000134 1 00 fffffffe
[W] 01000134 0 00 01000288
[W] 01000138 1 01 80000000
[W] 0100013c 1 01 7fffffff
[W] 01000140 1 1e 80000000
[W] 01000144 1 1d 80000000
[W] 01000148 1 03 00000010
[W] 0100014c 1 00 fffffffe
[W] 0100014c 1 00 80000000
[W] 0100014c 0 00 01000288
[W] 01000150 1 01 0000000d
[W] 01000154 1 01 00000018
[W] 01000158 1 1d 00000018
[W] 0100015c 1 03 00000011
[W] 01000160 1 00 0000000d
[W] 01000160 1 00 00000018
[W] 01000160 0 00 01000288
[W] 01000164 1 04 00000000
[W] 01000168 1 01 0000000d
[W] 0100016c 1 1e 00000018
[W] 01000170 1 06 00000018
[W] 01000174 1 04 00000001
[W] 01000178 1 05 00000002
[W] 0100017c 0 00 01000168
[W] 01000180 1 00 00000000
[W] 00000000 1 00 00000000
[W] 01000168 1 01 0000000d
[W] 0100016c 1 1e 00000018
[W] 01000170 1 06 00000018
[W] 01000174 1 04 00000002
[W] 01000178 1 05 00000002
[W] 0100017c 0 00 01000168
[W] 01000180 1 1d 00000018
[W] 01000184 1 03 00000012
[W] 01000188 0 00 01000288
[W] 0100018c 1 04 00000000
[W] 01000190 1 01 0000000d
[W] 01000194 1 1e 00000017
[W] 01000198 1 00 00000000
[W] 0100019c 1 06 00000017
[W] 010001a0 1 04 00000001
[W] 010001a4 1 05 00000002
[W] 010001a8 0 00 01000190
[W] 010001ac 1 00 00000000
[W] 00000000 1 00 00000000
[W] 01000190 1 01 0000000d
[W] 01000194 1 1e 00000017
[W] 01000198 1 00 00000000
[W] 0100019c 1 06 00000017
[W] 010001a0 1 04 00000002
[W] 010001a4 1 05 00000002
[W] 010001a8 0 00 01000190
[W] 010001ac 1 1d 00000017
[W] 010001b0 1 03 00000013
[W] 010001b4 0 00 01000288
[W] 010001b8 1 04 00000000
[W] 010001bc 1 01 0000000d
[W] 010001c0 1 1e 00000016
[W] 010001c4 1 00 00000000
[W] 010001c8 1 00 00000000
[W] 010001cc 1 00 00000017
[W] 010001cc 1 06 00000016
[W] 010001d0 1 04 00000001
[W] 010001d4 1 05 00000002
[W] 010001d8 0 00 010001bc
[W] 010001dc 1 00 00000000
[W] 00000000 1 00 00000000
[W] 010001bc 1 01 0000000d
[W] 010001c0 1 1e 00000016
[W] 010001c4 1 00 00000000
[W] 010001c8 1 00 00000000
[W] 010001cc 1 00 00000016
[W] 010001cc 1 06 00000016
[W] 010001d0 1 04 00000002
[W] 010001d4 1 05 00000002
[W] 010001d8 0 00 010001bc
[W] 010001dc 1 1d 00000016
[W] 010001e0 1 03 00000014
[W] 010001e4 0 00 01000288
[W] 010001e8 1 04 00000000
[W] 010001ec 1 01 0000000d
[W] 010001f0 1 1e 00000018
[W] 010001f4 1 00 00000002
[W] 010001f4 1 04 00000001
[W] 010001f8 1 05 00000002
[W] 010001fc 0 00 010001ec
[W] 01000200 1 00 00000000
[W] 00000000 1 00 00000000
[W] 010001ec 1 01 0000000d
[W] 010001f0 1 1e 00000018
[W] 010001f4 1 04 00000002
[W] 010001f8 1 05 00000002
[W] 010001fc 0 00 010001ec
[W] 01000200 1 1d 00000018
[W] 01000204 1 03 00000015
[W] 01000208 0 00 01000288
[W] 0100020c 1 04 00000000
[W] 01000210 1 01 0000000d
[W] 01000214 1 00 00000000
[W] 01000218 1 1e 00000017
[W] 0100021c 1 04 00000001
[W] 01000220 1 05 00000002
[W] 01000224 0 00 01000210
[W] 01000228 1 00 00000000
[W] 00000000 1 00 00000000
[W] 01000210 1 01 0000000d
[W] 01000214 1 00 00000000
[W] 01000218 1 1e 00000017
[W] 0100021c 1 04 00000002
[W] 01000220 1 05 00000002
[W] 01000224 0 00 01000210
[W] 01000228 1 1d 00000017
[W] 0100022c 1 03 00000016
[W] 01000230 0 00 01000288
[W] 01000234 1 04 00000000
[W] 01000238 1 01 0000000d
[W] 0100023c 1 00 00000000
[W] 01000240 1 00 00000000
[W] 01000244 1 00 0000000d
[W] 01000244 1 1e 00000016
[W] 01000248 1 04 00000001
[W] 0100024c 1 05 00000002
[W] 01000250 0 00 01000238
[W] 01000254 1 00 00000000
[W] 00000000 1 00 00000000
[W] 01000238 1 01 0000000d
[W] 0100023c 1 00 00000000
[W] 01000240 1 00 00000000
[W] 01000244 1 00 0000000d
[W] 01000244 1 1e 00000016
[W] 01000248 1 04 00000002
[W] 0100024c 1 05 00000002
[W] 01000250 0 00 01000238
[W] 01000254 1 1d 00000016
[W] 01000258 1 03 00000017
[W] 0100025c 0 00 01000288
[W] 01000260 1 01 00000020
[W] 01000264 1 1d 00000020
[W] 01000268 1 03 00000018
[W] 0100026c 1 00 0000000d
[W] 0100026c 1 00 00000020
[W] 0100026c 0 00 01000288
[W] 01000270 1 01 00000021
[W] 01000274 1 00 00000053
[W] 01000278 1 1d 00000000
[W] 0100027c 1 03 00000019
[W] 01000280 0 00 01000288
[W] 01000284 0 00 0100029c
[W] 01000288 1 00 00000000
[W] 00000000 1 00 00000000
[W] 0100029c 1 00 00000000
[W] 010002a0 1 03 00000001
[W] 010002a4 0 00 00000000
