[W] 00000000 0 00 00000000
[W] 00000000 0 00 00000000
[W] 00000000 0 00 00000000
[W] 00000000 0 00 00000000
[W] 01000000 1 01 00000000
[W] 01000004 1 1d 00000000
[W] 01000008 1 03 00000002
[W] 0100000c 1 00 00000000
[W] 0100000c 1 00 00000000
[W] 0100000c 0 00 01000060
[W] 01000010 1 01 fffff000
[W] 01000014 1 01 fffff800
[W] 01000018 1 1d fffff800
[W] 0100001c 1 03 00000003
[W] 01000020 1 00 fffff000
[W] 01000020 1 00 fffff800
[W] 01000020 0 00 01000060
[W] 01000024 1 01 7ffff000
[W] 01000028 1 01 000007ff
[W] 0100002c 1 1d 000007ff
[W] 01000030 1 03 00000004
[W] 01000034 1 00 7ffff000
[W] 01000034 1 00 000007ff
[W] 01000034 0 00 01000060
[W] 01000038 1 01 80000000
[W] 0100003c 1 01 fffff800
[W] 01000040 1 1d fffff800
[W] 01000044 1 03 00000005
[W] 01000048 1 00 80000000
[W] 01000048 1 00 fffff800
[W] 01000048 0 00 01000060
[W] 0100004c 1 00 80000000
[W] 01000050 1 1d 00000000
[W] 01000054 1 03 00000006
[W] 01000058 0 00 01000060
[W] 0100005c 0 00 01000074
[W] 01000060 1 00 00000000
[W] 00000000 1 00 00000000
[W] 01000074 1 00 00000000
[W] 01000078 1 03 00000001
[W] 0100007c 0 00 00000000
