[W] 00000000 0 00 00000000
[W] 00000000 0 00 00000000
[W] 00000000 0 00 00000000
[W] 00000000 0 00 00000000
[W] 01000000 1 03 00000002
[W] 01000004 1 01 00000000
[W] 01000008 1 02 00000000
[W] 0100000c 0 00 01000018
[W] 01000010 1 00 00000000
[W] 00000000 1 00 00000000
[W] 01000018 0 00 01000014
[W] 0100001c 1 00 00000000
[W] 00000000 1 00 00000000
[W] 01000014 0 00 01000020
[W] 01000018 1 00 00000000
[W] 00000000 1 00 00000000
[W] 01000020 1 03 00000003
[W] 01000024 1 01 00000001
[W] 01000028 1 02 00000001
[W] 0100002c 0 00 01000038
[W] 01000030 1 00 00000000
[W] 00000000 1 00 00000000
[W] 01000038 0 00 01000034
[W] 0100003c 1 00 00000000
[W] 00000000 1 00 00000000
[W] 01000034 0 00 01000040
[W] 01000038 1 00 00000001
[W] 00000000 1 00 00000000
[W] 01000040 1 03 00000004
[W] 01000044 1 01 ffffffff
[W] 01000048 1 02 ffffffff
[W] 0100004c 0 00 01000058
[W] 01000050 1 00 00000000
[W] 00000000 1 00 00000000
[W] 01000058 0 00 01000054
[W] 0100005c 1 00 00000000
[W] 00000000 1 00 00000000
[W] 01000054 0 00 01000060
[W] 01000058 1 00 ffffffff
[W] 00000000 1 00 00000000
[W] 01000060 1 03 00000005
[W] 01000064 1 01 00000001
[W] 01000068 1 02 00000000
[W] 0100006c 0 00 01000078
[W] 01000070 1 00 00000000
[W] 00000000 1 00 00000000
[W] 01000078 0 00 01000074
[W] 0100007c 1 00 00000000
[W] 00000000 1 00 00000000
[W] 01000074 0 00 01000080
[W] 01000078 1 00 00000001
[W] 00000000 1 00 00000000
[W] 01000080 1 03 00000006
[W] 01000084 1 01 ffffffff
[W] 01000088 1 02 fffffffe
[W] 0100008c 0 00 01000098
[W] 01000090 1 00 00000000
[W] 00000000 1 00 00000000
[W] 01000098 0 00 01000094
[W] 0100009c 1 00 00000000
[W] 00000000 1 00 00000000
[W] 01000094 0 00 010000a0
[W] 01000098 1 00 ffffffff
[W] 00000000 1 00 00000000
[W] 010000a0 1 03 00000007
[W] 010000a4 1 01 ffffffff
[W] 010000a8 1 02 00000000
[W] 010000ac 0 00 010000b8
[W] 010000b0 1 00 00000000
[W] 00000000 1 00 00000000
[W] 010000b8 0 00 010000b4
[W] 010000bc 1 00 00000000
[W] 00000000 1 00 00000000
[W] 010000b4 0 00 010000c0
[W] 010000b8 1 00 ffffffff
[W] 00000000 1 00 00000000
[W] 010000c0 1 03 00000008
[W] 010000c4 1 01 00000000
[W] 010000c8 1 02 00000001
[W] 010000cc 0 00 010000d4
[W] 010000d0 0 00 010000d8
[W] 010000d4 1 00 00000000
[W] 00000000 1 00 00000000
[W] 010000d8 0 00 010000d4
[W] 010000dc 1 03 00000009
[W] 010000e0 1 01 fffffffe
[W] 010000e4 1 02 ffffffff
[W] 010000e8 0 00 010000f0
[W] 010000ec 0 00 010000f4
[W] 010000f0 1 00 00000000
[W] 00000000 1 00 00000000
[W] 010000f4 0 00 010000f0
[W] 010000f8 1 03 0000000a
[W] 010000fc 1 01 00000000
[W] 01000100 1 02 ffffffff
[W] 01000104 0 00 0100010c
[W] 01000108 0 00 01000110
[W] 0100010c 1 00 00000000
[W] 00000000 1 00 00000000
[W] 01000110 0 00 0100010c
[W] 01000114 1 03 0000000b
[W] 01000118 1 01 80000000
[W] 0100011c 1 01 7fffffff
[W] 01000120 1 02 80000000
[W] 01000124 0 00 0100012c
[W] 01000128 0 00 01000130
[W] 0100012c 1 00 00000000
[W] 00000000 1 00 00000000
[W] 01000130 0 00 0100012c
[W] 01000134 1 03 0000000c
[W] 01000138 1 04 00000000
[W] 0100013c 1 01 f0000000
[W] 01000140 1 01 efffffff
[W] 01000144 1 02 f0000000
[W] 01000148 0 00 01000354
[W] 0100014c 1 04 00000001
[W] 01000150 1 05 00000002
[W] 01000154 0 00 0100013c
[W] 01000158 1 00 00000000
[W] 00000000 1 00 00000000
[W] 0100013c 1 01 f0000000
[W] 01000140 1 01 efffffff
[W] 01000144 1 02 f0000000
[W] 01000148 0 00 01000354
[W] 0100014c 1 04 00000002
[W] 01000150 1 05 00000002
[W] 01000154 0 00 0100013c
[W] 01000158 1 03 0000000d
[W] 0100015c 1 04 00000000
[W] 01000160 1 01 f0000000
[W] 01000164 1 01 efffffff
[W] 01000168 1 02 f0000000
[W] 0100016c 1 00 00000000
[W] 01000170 1 00 f0000000
[W] 01000170 1 00 efffffff
[W] 01000170 0 00 01000354
[W] 01000174 1 04 00000001
[W] 01000178 1 05 00000002
[W] 0100017c 0 00 01000160
[W] 01000180 1 00 00000000
[W] 00000000 1 00 00000000
[W] 01000160 1 01 f0000000
[W] 01000164 1 01 efffffff
[W] 01000168 1 02 f0000000
[W] 0100016c 1 00 00000000
[W] 01000170 1 00 f0000000
[W] 01000170 1 00 efffffff
[W] 01000170 0 00 01000354
[W] 01000174 1 04 00000002
[W] 01000178 1 05 00000002
[W] 0100017c 0 00 01000160
[W] 01000180 1 03 0000000e
[W] 01000184 1 04 00000000
[W] 01000188 1 01 f0000000
[W] 0100018c 1 01 efffffff
[W] 01000190 1 02 f0000000
[W] 01000194 1 00 00000000
[W] 01000198 1 00 00000000
[W] 0100019c 1 00 efffffff
[W] 0100019c 0 00 01000354
[W] 010001a0 1 04 00000001
[W] 010001a4 1 05 00000002
[W] 010001a8 0 00 01000188
[W] 010001ac 1 00 00000000
[W] 00000000 1 00 00000000
[W] 01000188 1 01 f0000000
[W] 0100018c 1 01 efffffff
[W] 01000190 1 02 f0000000
[W] 01000194 1 00 00000000
[W] 01000198 1 00 00000000
[W] 0100019c 1 00 efffffff
[W] 0100019c 0 00 01000354
[W] 010001a0 1 04 00000002
[W] 010001a4 1 05 00000002
[W] 010001a8 0 00 01000188
[W] 010001ac 1 03 0000000f
[W] 010001b0 1 04 00000000
[W] 010001b4 1 01 f0000000
[W] 010001b8 1 01 efffffff
[W] 010001bc 1 00 00000000
[W] 010001c0 1 02 f0000000
[W] 010001c4 1 00 f0000000
[W] 010001c4 0 00 01000354
[W] 010001c8 1 04 00000001
[W] 010001cc 1 05 00000002
[W] 010001d0 0 00 010001b4
[W] 010001d4 1 00 00000000
[W] 00000000 1 00 00000000
[W] 010001b4 1 01 f0000000
[W] 010001b8 1 01 efffffff
[W] 010001bc 1 00 00000000
[W] 010001c0 1 02 f0000000
[W] 010001c4 1 00 f0000000
[W] 010001c4 0 00 01000354
[W] 010001c8 1 04 00000002
[W] 010001cc 1 05 00000002
[W] 010001d0 0 00 010001b4
[W] 010001d4 1 03 00000010
[W] 010001d8 1 04 00000000
[W] 010001dc 1 01 f0000000
[W] 010001e0 1 01 efffffff
[W] 010001e4 1 00 00000000
[W] 010001e8 1 02 f0000000
[W] 010001ec 1 00 00000000
[W] 010001f0 0 00 01000354
[W] 010001f4 1 04 00000001
[W] 010001f8 1 05 00000002
[W] 010001fc 0 00 010001dc
[W] 01000200 1 00 00000000
[W] 00000000 1 00 00000000
[W] 010001dc 1 01 f0000000
[W] 010001e0 1 01 efffffff
[W] 010001e4 1 00 00000000
[W] 010001e8 1 02 f0000000
[W] 010001ec 1 00 00000000
[W] 010001f0 0 00 01000354
[W] 010001f4 1 04 00000002
[W] 010001f8 1 05 00000002
[W] 010001fc 0 00 010001dc
[W] 01000200 1 03 00000011
[W] 01000204 1 04 00000000
[W] 01000208 1 01 f0000000
[W] 0100020c 1 01 efffffff
[W] 01000210 1 00 00000000
[W] 01000214 1 00 00000000
[W] 01000218 1 02 f0000000
[W] 0100021c 0 00 01000354
[W] 01000220 1 04 00000001
[W] 01000224 1 05 00000002
[W] 01000228 0 00 01000208
[W] 0100022c 1 00 00000000
[W] 00000000 1 00 00000000
[W] 01000208 1 01 f0000000
[W] 0100020c 1 01 efffffff
[W] 01000210 1 00 00000000
[W] 01000214 1 00 00000000
[W] 01000218 1 02 f0000000
[W] 0100021c 0 00 01000354
[W] 01000220 1 04 00000002
[W] 01000224 1 05 00000002
[W] 01000228 0 00 01000208
[W] 0100022c 1 03 00000012
[W] 01000230 1 04 00000000
[W] 01000234 1 01 f0000000
[W] 01000238 1 01 efffffff
[W] 0100023c 1 02 f0000000
[W] 01000240 0 00 01000354
[W] 01000244 1 04 00000001
[W] 01000248 1 05 00000002
[W] 0100024c 0 00 01000234
[W] 01000250 1 00 00000000
[W] 00000000 1 00 00000000
[W] 01000234 1 01 f0000000
[W] 01000238 1 01 efffffff
[W] 0100023c 1 02 f0000000
[W] 01000240 0 00 01000354
[W] 01000244 1 04 00000002
[W] 01000248 1 05 00000002
[W] 0100024c 0 00 01000234
[W] 01000250 1 03 00000013
[W] 01000254 1 04 00000000
[W] 01000258 1 01 f0000000
[W] 0100025c 1 01 efffffff
[W] 01000260 1 02 f0000000
[W] 01000264 1 00 00000000
[W] 01000268 1 00 f0000000
[W] 01000268 1 00 efffffff
[W] 01000268 0 00 01000354
[W] 0100026c 1 04 00000001
[W] 01000270 1 05 00000002
[W] 01000274 0 00 01000258
[W] 01000278 1 00 00000000
[W] 00000000 1 00 00000000
[W] 01000258 1 01 f0000000
[W] 0100025c 1 01 efffffff
[W] 01000260 1 02 f0000000
[W] 01000264 1 00 00000000
[W] 01000268 1 00 f0000000
[W] 01000268 1 00 efffffff
[W] 01000268 0 00 01000354
[W] 0100026c 1 04 00000002
[W] 01000270 1 05 00000002
[W] 01000274 0 00 01000258
[W] 01000278 1 03 00000014
[W] 0100027c 1 04 00000000
[W] 01000280 1 01 f0000000
[W] 01000284 1 01 efffffff
[W] 01000288 1 02 f0000000
[W] 0100028c 1 00 00000000
[W] 01000290 1 00 00000000
[W] 01000294 1 00 efffffff
[W] 01000294 0 00 01000354
[W] 01000298 1 04 00000001
[W] 0100029c 1 05 00000002
[W] 010002a0 0 00 01000280
[W] 010002a4 1 00 00000000
[W] 00000000 1 00 00000000
[W] 01000280 1 01 f0000000
[W] 01000284 1 01 efffffff
[W] 01000288 1 02 f0000000
[W] 0100028c 1 00 00000000
[W] 01000290 1 00 00000000
[W] 01000294 1 00 efffffff
[W] 01000294 0 00 01000354
[W] 01000298 1 04 00000002
[W] 0100029c 1 05 00000002
[W] 010002a0 0 00 01000280
[W] 010002a4 1 03 00000015
[W] 010002a8 1 04 00000000
[W] 010002ac 1 01 f0000000
[W] 010002b0 1 01 efffffff
[W] 010002b4 1 00 00000000
[W] 010002b8 1 02 f0000000
[W] 010002bc 1 00 f0000000
[W] 010002bc 0 00 01000354
[W] 010002c0 1 04 00000001
[W] 010002c4 1 05 00000002
[W] 010002c8 0 00 010002ac
[W] 010002cc 1 00 00000000
[W] 00000000 1 00 00000000
[W] 010002ac 1 01 f0000000
[W] 010002b0 1 01 efffffff
[W] 010002b4 1 00 00000000
[W] 010002b8 1 02 f0000000
[W] 010002bc 1 00 f0000000
[W] 010002bc 0 00 01000354
[W] 010002c0 1 04 00000002
[W] 010002c4 1 05 00000002
[W] 010002c8 0 00 010002ac
[W] 010002cc 1 03 00000016
[W] 010002d0 1 04 00000000
[W] 010002d4 1 01 f0000000
[W] 010002d8 1 01 efffffff
[W] 010002dc 1 00 00000000
[W] 010002e0 1 02 f0000000
[W] 010002e4 1 00 00000000
[W] 010002e8 0 00 01000354
[W] 010002ec 1 04 00000001
[W] 010002f0 1 05 00000002
[W] 010002f4 0 00 010002d4
[W] 010002f8 1 00 00000000
[W] 00000000 1 00 00000000
[W] 010002d4 1 01 f0000000
[W] 010002d8 1 01 efffffff
[W] 010002dc 1 00 00000000
[W] 010002e0 1 02 f0000000
[W] 010002e4 1 00 00000000
[W] 010002e8 0 00 01000354
[W] 010002ec 1 04 00000002
[W] 010002f0 1 05 00000002
[W] 010002f4 0 00 010002d4
[W] 010002f8 1 03 00000017
[W] 010002fc 1 04 00000000
[W] 01000300 1 01 f0000000
[W] 01000304 1 01 efffffff
[W] 01000308 1 00 00000000
[W] 0100030c 1 00 00000000
[W] 01000310 1 02 f0000000
[W] 01000314 0 00 01000354
[W] 01000318 1 04 00000001
[W] 0100031c 1 05 00000002
[W] 01000320 0 00 01000300
[W] 01000324 1 00 00000000
[W] 00000000 1 00 00000000
[W] 01000300 1 01 f0000000
[W] 01000304 1 01 efffffff
[W] 01000308 1 00 00000000
[W] 0100030c 1 00 00000000
[W] 01000310 1 02 f0000000
[W] 01000314 0 00 01000354
[W] 01000318 1 04 00000002
[W] 0100031c 1 05 00000002
[W] 01000320 0 00 01000300
[W] 01000324 1 01 00000001
[W] 01000328 0 00 0100033c
[W] 0100032c 1 00 efffffff
[W] 00000000 1 00 00000000
[W] 0100033c 1 01 00000002
[W] 01000340 1 01 00000003
[W] 01000344 1 1d 00000003
[W] 01000348 1 03 00000018
[W] 0100034c 1 00 00000002
[W] 0100034c 1 00 00000003
[W] 0100034c 0 00 01000354
[W] 01000350 0 00 01000368
[W] 01000354 1 00 00000000
[W] 00000000 1 00 00000000
[W] 01000368 1 00 00000000
[W] 0100036c 1 03 00000001
[W] 01000370 0 00 00000000
