[W] 00000000 0 00 00000000
[W] 00000000 0 00 00000000
[W] 00000000 0 00 00000000
[W] 00000000 0 00 00000000
[W] 01000000 1 01 01000000
[W] 01000004 1 01 010002c4
[W] 01000008 1 1e 000000ff
[W] 0100000c 1 1d 000000ff
[W] 01000010 1 03 00000002
[W] 01000014 1 00 00000000
[W] 01000014 1 00 000000ff
[W] 01000014 0 00 0100026c
[W] 01000018 1 01 01000018
[W] 0100001c 1 01 010002c4
[W] 01000020 1 1e ffffff00
[W] 01000024 1 1d ffffff00
[W] 01000028 1 03 00000003
[W] 0100002c 1 00 000000ff
[W] 0100002c 1 00 ffffff00
[W] 0100002c 0 00 0100026c
[W] 01000030 1 01 01000030
[W] 01000034 1 01 010002c4
[W] 01000038 1 1e 00000ff0
[W] 0100003c 1 1d 00001000
[W] 01000040 1 1d 00000ff0
[W] 01000044 1 03 00000004
[W] 01000048 0 00 0100026c
[W] 0100004c 1 01 0100004c
[W] 01000050 1 01 010002c4
[W] 01000054 1 1e fffff00f
[W] 01000058 1 1d fffff000
[W] 0100005c 1 1d fffff00f
[W] 01000060 1 03 00000005
[W] 01000064 0 00 0100026c
[W] 01000068 1 01 01000068
[W] 0100006c 1 01 010002ca
[W] 01000070 1 1e 000000ff
[W] 01000074 1 1d 000000ff
[W] 01000078 1 03 00000006
[W] 0100007c 1 00 fffff00f
[W] 0100007c 1 00 000000ff
[W] 0100007c 0 00 0100026c
[W] 01000080 1 01 01000080
[W] 01000084 1 01 010002ca
[W] 01000088 1 1e ffffff00
[W] 0100008c 1 1d ffffff00
[W] 01000090 1 03 00000007
[W] 01000094 1 00 000000ff
[W] 01000094 1 00 ffffff00
[W] 01000094 0 00 0100026c
[W] 01000098 1 01 01000098
[W] 0100009c 1 01 010002ca
[W] 010000a0 1 1e 00000ff0
[W] 010000a4 1 1d 00001000
[W] 010000a8 1 1d 00000ff0
[W] 010000ac 1 03 00000008
[W] 010000b0 0 00 0100026c
[W] 010000b4 1 01 010000b4
[W] 010000b8 1 01 010002ca
[W] 010000bc 1 1e fffff00f
[W] 010000c0 1 1d fffff000
[W] 010000c4 1 1d fffff00f
[W] 010000c8 1 03 00000009
[W] 010000cc 0 00 0100026c
[W] 010000d0 1 01 010000d0
[W] 010000d4 1 01 010002c4
[W] 010000d8 1 01 010002a4
[W] 010000dc 1 05 000000ff
[W] 010000e0 1 1d 000000ff
[W] 010000e4 1 03 0000000a
[W] 010000e8 1 00 00000000
[W] 010000e8 1 00 000000ff
[W] 010000e8 0 00 0100026c
[W] 010000ec 1 01 010000ec
[W] 010000f0 1 01 010002c4
[W] 010000f4 1 01 010002bf
[W] 010000f8 1 05 ffffff00
[W] 010000fc 1 1d ffffff00
[W] 01000100 1 03 0000000b
[W] 01000104 1 00 000000ff
[W] 01000104 1 00 ffffff00
[W] 01000104 0 00 0100026c
[W] 01000108 1 03 0000000c
[W] 0100010c 1 04 00000000
[W] 01000110 1 01 01000110
[W] 01000114 1 01 010002c6
[W] 01000118 1 1e 00000ff0
[W] 0100011c 1 00 fffff00f
[W] 0100011c 1 06 00000ff0
[W] 01000120 1 1d 00001000
[W] 01000124 1 1d 00000ff0
[W] 01000128 1 00 00000000
[W] 01000128 0 00 0100026c
[W] 0100012c 1 04 00000001
[W] 01000130 1 05 00000002
[W] 01000134 0 00 01000110
[W] 01000138 1 00 00000000
[W] 00000000 1 00 00000000
[W] 01000110 1 01 01000110
[W] 01000114 1 01 010002c6
[W] 01000118 1 1e 00000ff0
[W] 0100011c 1 00 00000ff0
[W] 0100011c 1 06 00000ff0
[W] 01000120 1 1d 00001000
[W] 01000124 1 1d 00000ff0
[W] 01000128 1 00 00000ff0
[W] 01000128 0 00 0100026c
[W] 0100012c 1 04 00000002
[W] 01000130 1 05 00000002
[W] 01000134 0 00 01000110
[W] 01000138 1 03 0000000d
[W] 0100013c 1 04 00000000
[W] 01000140 1 01 01000140
[W] 01000144 1 01 010002c8
[W] 01000148 1 1e fffff00f
[W] 0100014c 1 00 00000000
[W] 01000150 1 06 fffff00f
[W] 01000154 1 1d fffff000
[W] 01000158 1 1d fffff00f
[W] 0100015c 1 00 00000ff0
[W] 0100015c 0 00 0100026c
[W] 01000160 1 04 00000001
[W] 01000164 1 05 00000002
[W] 01000168 0 00 01000140
[W] 0100016c 1 00 00000000
[W] 00000000 1 00 00000000
[W] 01000140 1 01 01000140
[W] 01000144 1 01 010002c8
[W] 01000148 1 1e fffff00f
[W] 0100014c 1 00 00000000
[W] 01000150 1 06 fffff00f
[W] 01000154 1 1d fffff000
[W] 01000158 1 1d fffff00f
[W] 0100015c 1 00 fffff00f
[W] 0100015c 0 00 0100026c
[W] 01000160 1 04 00000002
[W] 01000164 1 05 00000002
[W] 01000168 0 00 01000140
[W] 0100016c 1 03 0000000e
[W] 01000170 1 04 00000000
[W] 01000174 1 01 01000174
[W] 01000178 1 01 010002c4
[W] 0100017c 1 1e ffffff00
[W] 01000180 1 00 00000000
[W] 01000184 1 00 00000000
[W] 01000188 1 00 fffff00f
[W] 01000188 1 06 ffffff00
[W] 0100018c 1 1d ffffff00
[W] 01000190 0 00 0100026c
[W] 01000194 1 04 00000001
[W] 01000198 1 05 00000002
[W] 0100019c 0 00 01000174
[W] 010001a0 1 00 00000000
[W] 00000000 1 00 00000000
[W] 01000174 1 01 01000174
[W] 01000178 1 01 010002c4
[W] 0100017c 1 1e ffffff00
[W] 01000180 1 00 00000000
[W] 01000184 1 00 00000000
[W] 01000188 1 00 ffffff00
[W] 01000188 1 06 ffffff00
[W] 0100018c 1 1d ffffff00
[W] 01000190 0 00 0100026c
[W] 01000194 1 04 00000002
[W] 01000198 1 05 00000002
[W] 0100019c 0 00 01000174
[W] 010001a0 1 03 0000000f
[W] 010001a4 1 04 00000000
[W] 010001a8 1 01 010001a8
[W] 010001ac 1 01 010002c6
[W] 010001b0 1 1e 00000ff0
[W] 010001b4 1 1d 00001000
[W] 010001b8 1 1d 00000ff0
[W] 010001bc 1 00 ffffff00
[W] 010001bc 0 00 0100026c
[W] 010001c0 1 04 00000001
[W] 010001c4 1 05 00000002
[W] 010001c8 0 00 010001a8
[W] 010001cc 1 00 00000000
[W] 00000000 1 00 00000000
[W] 010001a8 1 01 010001a8
[W] 010001ac 1 01 010002c6
[W] 010001b0 1 1e 00000ff0
[W] 010001b4 1 1d 00001000
[W] 010001b8 1 1d 00000ff0
[W] 010001bc 1 00 00000ff0
[W] 010001bc 0 00 0100026c
[W] 010001c0 1 04 00000002
[W] 010001c4 1 05 00000002
[W] 010001c8 0 00 010001a8
[W] 010001cc 1 03 00000010
[W] 010001d0 1 04 00000000
[W] 010001d4 1 01 010001d4
[W] 010001d8 1 01 010002c8
[W] 010001dc 1 00 00000000
[W] 010001e0 1 1e fffff00f
[W] 010001e4 1 1d fffff000
[W] 010001e8 1 1d fffff00f
[W] 010001ec 1 00 00000ff0
[W] 010001ec 0 00 0100026c
[W] 010001f0 1 04 00000001
[W] 010001f4 1 05 00000002
[W] 010001f8 0 00 010001d4
[W] 010001fc 1 00 00000000
[W] 00000000 1 00 00000000
[W] 010001d4 1 01 010001d4
[W] 010001d8 1 01 010002c8
[W] 010001dc 1 00 00000000
[W] 010001e0 1 1e fffff00f
[W] 010001e4 1 1d fffff000
[W] 010001e8 1 1d fffff00f
[W] 010001ec 1 00 fffff00f
[W] 010001ec 0 00 0100026c
[W] 010001f0 1 04 00000002
[W] 010001f4 1 05 00000002
[W] 010001f8 0 00 010001d4
[W] 010001fc 1 03 00000011
[W] 01000200 1 04 00000000
[W] 01000204 1 01 01000204
[W] 01000208 1 01 010002c4
[W] 0100020c 1 00 00000000
[W] 01000210 1 00 00000000
[W] 01000214 1 00 01000204
[W] 01000214 1 1e ffffff00
[W] 01000218 1 1d ffffff00
[W] 0100021c 0 00 0100026c
[W] 01000220 1 04 00000001
[W] 01000224 1 05 00000002
[W] 01000228 0 00 01000204
[W] 0100022c 1 00 00000000
[W] 00000000 1 00 00000000
[W] 01000204 1 01 01000204
[W] 01000208 1 01 010002c4
[W] 0100020c 1 00 00000000
[W] 01000210 1 00 00000000
[W] 01000214 1 00 01000204
[W] 01000214 1 1e ffffff00
[W] 01000218 1 1d ffffff00
[W] 0100021c 0 00 0100026c
[W] 01000220 1 04 00000002
[W] 01000224 1 05 00000002
[W] 01000228 0 00 01000204
[W] 0100022c 1 05 0100022c
[W] 01000230 1 05 010002c4
[W] 01000234 1 02 000000ff
[W] 01000238 1 02 00000002
[W] 0100023c 1 1d 00000002
[W] 01000240 1 03 00000012
[W] 01000244 1 00 000000ff
[W] 01000244 1 00 00000002
[W] 01000244 0 00 0100026c
[W] 01000248 1 05 01000248
[W] 0100024c 1 05 010002c4
[W] 01000250 1 02 000000ff
[W] 01000254 1 00 00000000
[W] 01000258 1 02 00000002
[W] 0100025c 1 1d 00000002
[W] 01000260 1 03 00000013
[W] 01000264 1 00 000000ff
[W] 01000264 1 00 00000002
[W] 01000264 0 00 0100026c
[W] 01000268 0 00 01000280
[W] 0100026c 1 00 00000000
[W] 00000000 1 00 00000000
[W] 01000280 1 00 00000000
[W] 01000284 1 03 00000001
[W] 01000288 0 00 00000000
