[W] 00000000 0 00 00000000
[W] 00000000 0 00 00000000
[W] 00000000 0 00 00000000
[W] 00000000 0 00 00000000
[W] 01000000 1 01 01000000
[W] 01000004 1 01 010004c4
[W] 01000008 1 02 000000aa
[W] 0100000c 0 00 010004c4
[W] 01000010 1 00 01000000
[W] 01000010 1 1e 000000aa
[W] 01000014 1 1d 000000aa
[W] 01000018 1 03 00000002
[W] 0100001c 1 00 00000000
[W] 0100001c 1 00 000000aa
[W] 0100001c 0 00 01000478
[W] 01000020 1 01 01000020
[W] 01000024 1 01 010004c4
[W] 01000028 1 02 ffffb000
[W] 0100002c 1 02 ffffaa00
[W] 01000030 1 00 01000020
[W] 01000030 0 00 010004c6
[W] 01000034 1 1e ffffaa00
[W] 01000038 1 1d ffffb000
[W] 0100003c 1 1d ffffaa00
[W] 01000040 1 03 00000003
[W] 01000044 0 00 01000478
[W] 01000048 1 01 01000048
[W] 0100004c 1 01 010004c4
[W] 01000050 1 02 beef1000
[W] 01000054 1 02 beef0aa0
[W] 01000058 1 00 01000048
[W] 01000058 0 00 010004c8
[W] 0100005c 1 1e beef0aa0
[W] 01000060 1 1d beef1000
[W] 01000064 1 1d beef0aa0
[W] 01000068 1 03 00000004
[W] 0100006c 0 00 01000478
[W] 01000070 1 01 01000070
[W] 01000074 1 01 010004c4
[W] 01000078 1 02 ffffa000
[W] 0100007c 1 02 ffffa00a
[W] 01000080 1 00 01000070
[W] 01000080 0 00 010004ca
[W] 01000084 1 1e ffffa00a
[W] 01000088 1 1d ffffa000
[W] 0100008c 1 1d ffffa00a
[W] 01000090 1 03 00000005
[W] 01000094 0 00 01000478
[W] 01000098 1 01 01000098
[W] 0100009c 1 01 010004d2
[W] 010000a0 1 02 000000aa
[W] 010000a4 0 00 010004cc
[W] 010000a8 1 00 01000098
[W] 010000a8 1 1e 000000aa
[W] 010000ac 1 1d 000000aa
[W] 010000b0 1 03 00000006
[W] 010000b4 1 00 ffffa00a
[W] 010000b4 1 00 000000aa
[W] 010000b4 0 00 01000478
[W] 010000b8 1 01 010000b8
[W] 010000bc 1 01 010004d2
[W] 010000c0 1 02 ffffb000
[W] 010000c4 1 02 ffffaa00
[W] 010000c8 1 00 010000b8
[W] 010000c8 0 00 010004ce
[W] 010000cc 1 1e ffffaa00
[W] 010000d0 1 1d ffffb000
[W] 010000d4 1 1d ffffaa00
[W] 010000d8 1 03 00000007
[W] 010000dc 0 00 01000478
[W] 010000e0 1 01 010000e0
[W] 010000e4 1 01 010004d2
[W] 010000e8 1 02 00001000
[W] 010000ec 1 02 00000aa0
[W] 010000f0 1 00 010000e0
[W] 010000f0 0 00 010004d0
[W] 010000f4 1 1e 00000aa0
[W] 010000f8 1 1d 00001000
[W] 010000fc 1 1d 00000aa0
[W] 01000100 1 03 00000008
[W] 01000104 0 00 01000478
[W] 01000108 1 01 01000108
[W] 0100010c 1 01 010004d2
[W] 01000110 1 02 ffffa000
[W] 01000114 1 02 ffffa00a
[W] 01000118 1 00 01000108
[W] 01000118 0 00 010004d2
[W] 0100011c 1 1e ffffa00a
[W] 01000120 1 1d ffffa000
[W] 01000124 1 1d ffffa00a
[W] 01000128 1 03 00000009
[W] 0100012c 0 00 01000478
[W] 01000130 1 01 01000130
[W] 01000134 1 01 010004d4
[W] 01000138 1 02 12345000
[W] 0100013c 1 02 12345678
[W] 01000140 1 00 01000130
[W] 01000140 1 04 010004b4
[W] 01000144 1 00 00000000
[W] 01000144 0 00 010004d4
[W] 01000148 1 05 00005678
[W] 0100014c 1 1d 00005000
[W] 01000150 1 1d 00005678
[W] 01000154 1 03 0000000a
[W] 01000158 0 00 01000478
[W] 0100015c 1 01 0100015c
[W] 01000160 1 01 010004d4
[W] 01000164 1 02 00003000
[W] 01000168 1 02 00003098
[W] 0100016c 1 00 0100015c
[W] 0100016c 1 01 010004cf
[W] 01000170 1 00 010004d4
[W] 01000170 0 00 010004d6
[W] 01000174 1 04 01000174
[W] 01000178 1 04 010004d6
[W] 0100017c 1 05 00003098
[W] 01000180 1 1d 00003000
[W] 01000184 1 1d 00003098
[W] 01000188 1 03 0000000b
[W] 0100018c 0 00 01000478
[W] 01000190 1 03 0000000c
[W] 01000194 1 04 00000000
[W] 01000198 1 01 ffffd000
[W] 0100019c 1 01 ffffccdd
[W] 010001a0 1 02 010001a0
[W] 010001a4 1 02 010004c4
[W] 010001a8 1 00 00003098
[W] 010001a8 0 00 010004c4
[W] 010001ac 1 00 010001a0
[W] 010001ac 1 1e ffffccdd
[W] 010001b0 1 1d ffffd000
[W] 010001b4 1 1d ffffccdd
[W] 010001b8 1 00 ffffa00a
[W] 010001b8 0 00 01000478
[W] 010001bc 1 04 00000001
[W] 010001c0 1 05 00000002
[W] 010001c4 0 00 01000198
[W] 010001c8 1 00 00000000
[W] 00000000 1 00 00000000
[W] 01000198 1 01 ffffd000
[W] 0100019c 1 01 ffffccdd
[W] 010001a0 1 02 010001a0
[W] 010001a4 1 02 010004c4
[W] 010001a8 1 00 010004c4
[W] 010001a8 0 00 010004c4
[W] 010001ac 1 00 010001a0
[W] 010001ac 1 1e ffffccdd
[W] 010001b0 1 1d ffffd000
[W] 010001b4 1 1d ffffccdd
[W] 010001b8 1 00 ffffccdd
[W] 010001b8 0 00 01000478
[W] 010001bc 1 04 00000002
[W] 010001c0 1 05 00000002
[W] 010001c4 0 00 01000198
[W] 010001c8 1 03 0000000d
[W] 010001cc 1 04 00000000
[W] 010001d0 1 01 ffffc000
[W] 010001d4 1 01 ffffbccd
[W] 010001d8 1 02 010001d8
[W] 010001dc 1 02 010004c4
[W] 010001e0 1 00 00000000
[W] 010001e4 0 00 010004c6
[W] 010001e8 1 00 010001d8
[W] 010001e8 1 1e ffffbccd
[W] 010001ec 1 1d ffffc000
[W] 010001f0 1 1d ffffbccd
[W] 010001f4 1 00 ffffccdd
[W] 010001f4 0 00 01000478
[W] 010001f8 1 04 00000001
[W] 010001fc 1 05 00000002
[W] 01000200 0 00 010001d0
[W] 01000204 1 00 00000000
[W] 00000000 1 00 00000000
[W] 010001d0 1 01 ffffc000
[W] 010001d4 1 01 ffffbccd
[W] 010001d8 1 02 010001d8
[W] 010001dc 1 02 010004c4
[W] 010001e0 1 00 00000000
[W] 010001e4 0 00 010004c6
[W] 010001e8 1 00 010001d8
[W] 010001e8 1 1e ffffbccd
[W] 010001ec 1 1d ffffc000
[W] 010001f0 1 1d ffffbccd
[W] 010001f4 1 00 ffffbccd
[W] 010001f4 0 00 01000478
[W] 010001f8 1 04 00000002
[W] 010001fc 1 05 00000002
[W] 01000200 0 00 010001d0
[W] 01000204 1 03 0000000e
[W] 01000208 1 04 00000000
[W] 0100020c 1 01 ffffc000
[W] 01000210 1 01 ffffbbcc
[W] 01000214 1 02 01000214
[W] 01000218 1 02 010004c4
[W] 0100021c 1 00 00000000
[W] 01000220 1 00 00000000
[W] 01000224 1 00 01000214
[W] 01000224 0 00 010004c8
[W] 01000228 1 1e ffffbbcc
[W] 0100022c 1 1d ffffc000
[W] 01000230 1 1d ffffbbcc
[W] 01000234 1 00 ffffbccd
[W] 01000234 0 00 01000478
[W] 01000238 1 04 00000001
[W] 0100023c 1 05 00000002
[W] 01000240 0 00 0100020c
[W] 01000244 1 00 00000000
[W] 00000000 1 00 00000000
[W] 0100020c 1 01 ffffc000
[W] 01000210 1 01 ffffbbcc
[W] 01000214 1 02 01000214
[W] 01000218 1 02 010004c4
[W] 0100021c 1 00 00000000
[W] 01000220 1 00 00000000
[W] 01000224 1 00 01000214
[W] 01000224 0 00 010004c8
[W] 01000228 1 1e ffffbbcc
[W] 0100022c 1 1d ffffc000
[W] 01000230 1 1d ffffbbcc
[W] 01000234 1 00 ffffbbcc
[W] 01000234 0 00 01000478
[W] 01000238 1 04 00000002
[W] 0100023c 1 05 00000002
[W] 01000240 0 00 0100020c
[W] 01000244 1 03 0000000f
[W] 01000248 1 04 00000000
[W] 0100024c 1 01 ffffb000
[W] 01000250 1 01 ffffabbc
[W] 01000254 1 00 00000000
[W] 01000258 1 02 01000258
[W] 0100025c 1 02 010004c4
[W] 01000260 0 00 010004ca
[W] 01000264 1 1e ffffabbc
[W] 01000268 1 1d ffffb000
[W] 0100026c 1 1d ffffabbc
[W] 01000270 1 00 ffffbbcc
[W] 01000270 0 00 01000478
[W] 01000274 1 04 00000001
[W] 01000278 1 05 00000002
[W] 0100027c 0 00 0100024c
[W] 01000280 1 00 00000000
[W] 00000000 1 00 00000000
[W] 0100024c 1 01 ffffb000
[W] 01000250 1 01 ffffabbc
[W] 01000254 1 00 00000000
[W] 01000258 1 02 01000258
[W] 0100025c 1 02 010004c4
[W] 01000260 0 00 010004ca
[W] 01000264 1 1e ffffabbc
[W] 01000268 1 1d ffffb000
[W] 0100026c 1 1d ffffabbc
[W] 01000270 1 00 ffffabbc
[W] 01000270 0 00 01000478
[W] 01000274 1 04 00000002
[W] 01000278 1 05 00000002
[W] 0100027c 0 00 0100024c
[W] 01000280 1 03 00000010
[W] 01000284 1 04 00000000
[W] 01000288 1 01 ffffb000
[W] 0100028c 1 01 ffffaabb
[W] 01000290 1 00 00000000
[W] 01000294 1 02 01000294
[W] 01000298 1 02 010004c4
[W] 0100029c 1 00 00000000
[W] 010002a0 0 00 010004cc
[W] 010002a4 1 00 01000294
[W] 010002a4 1 1e ffffaabb
[W] 010002a8 1 1d ffffb000
[W] 010002ac 1 1d ffffaabb
[W] 010002b0 1 00 ffffabbc
[W] 010002b0 0 00 01000478
[W] 010002b4 1 04 00000001
[W] 010002b8 1 05 00000002
[W] 010002bc 0 00 01000288
[W] 010002c0 1 00 00000000
[W] 00000000 1 00 00000000
[W] 01000288 1 01 ffffb000
[W] 0100028c 1 01 ffffaabb
[W] 01000290 1 00 00000000
[W] 01000294 1 02 01000294
[W] 01000298 1 02 010004c4
[W] 0100029c 1 00 00000000
[W] 010002a0 0 00 010004cc
[W] 010002a4 1 00 01000294
[W] 010002a4 1 1e ffffaabb
[W] 010002a8 1 1d ffffb000
[W] 010002ac 1 1d ffffaabb
[W] 010002b0 1 00 ffffaabb
[W] 010002b0 0 00 01000478
[W] 010002b4 1 04 00000002
[W] 010002b8 1 05 00000002
[W] 010002bc 0 00 01000288
[W] 010002c0 1 03 00000011
[W] 010002c4 1 04 00000000
[W] 010002c8 1 01 ffffe000
[W] 010002cc 1 01 ffffdaab
[W] 010002d0 1 00 00000000
[W] 010002d4 1 00 00000000
[W] 010002d8 1 02 010002d8
[W] 010002dc 1 02 010004c4
[W] 010002e0 0 00 010004ce
[W] 010002e4 1 1e ffffdaab
[W] 010002e8 1 1d ffffe000
[W] 010002ec 1 1d ffffdaab
[W] 010002f0 1 00 ffffaabb
[W] 010002f0 0 00 01000478
[W] 010002f4 1 04 00000001
[W] 010002f8 1 05 00000002
[W] 010002fc 0 00 010002c8
[W] 01000300 1 00 00000000
[W] 00000000 1 00 00000000
[W] 010002c8 1 01 ffffe000
[W] 010002cc 1 01 ffffdaab
[W] 010002d0 1 00 00000000
[W] 010002d4 1 00 00000000
[W] 010002d8 1 02 010002d8
[W] 010002dc 1 02 010004c4
[W] 010002e0 0 00 010004ce
[W] 010002e4 1 1e ffffdaab
[W] 010002e8 1 1d ffffe000
[W] 010002ec 1 1d ffffdaab
[W] 010002f0 1 00 ffffdaab
[W] 010002f0 0 00 01000478
[W] 010002f4 1 04 00000002
[W] 010002f8 1 05 00000002
[W] 010002fc 0 00 010002c8
[W] 01000300 1 03 00000012
[W] 01000304 1 04 00000000
[W] 01000308 1 02 01000308
[W] 0100030c 1 02 010004c4
[W] 01000310 1 01 00002000
[W] 01000314 1 01 00002233
[W] 01000318 1 00 01000308
[W] 01000318 0 00 010004c4
[W] 0100031c 1 1e 00002233
[W] 01000320 1 1d 00002000
[W] 01000324 1 1d 00002233
[W] 01000328 1 00 ffffdaab
[W] 01000328 0 00 01000478
[W] 0100032c 1 04 00000001
[W] 01000330 1 05 00000002
[W] 01000334 0 00 01000308
[W] 01000338 1 00 00000000
[W] 00000000 1 00 00000000
[W] 01000308 1 02 01000308
[W] 0100030c 1 02 010004c4
[W] 01000310 1 01 00002000
[W] 01000314 1 01 00002233
[W] 01000318 1 00 01000308
[W] 01000318 0 00 010004c4
[W] 0100031c 1 1e 00002233
[W] 01000320 1 1d 00002000
[W] 01000324 1 1d 00002233
[W] 01000328 1 00 00002233
[W] 01000328 0 00 01000478
[W] 0100032c 1 04 00000002
[W] 01000330 1 05 00000002
[W] 01000334 0 00 01000308
[W] 01000338 1 03 00000013
[W] 0100033c 1 04 00000000
[W] 01000340 1 02 01000340
[W] 01000344 1 02 010004c4
[W] 01000348 1 01 00001000
[W] 0100034c 1 01 00001223
[W] 01000350 1 00 00000000
[W] 01000354 0 00 010004c6
[W] 01000358 1 1e 00001223
[W] 0100035c 1 1d 00001000
[W] 01000360 1 1d 00001223
[W] 01000364 1 00 00002233
[W] 01000364 0 00 01000478
[W] 01000368 1 04 00000001
[W] 0100036c 1 05 00000002
[W] 01000370 0 00 01000340
[W] 01000374 1 00 00000000
[W] 00000000 1 00 00000000
[W] 01000340 1 02 01000340
[W] 01000344 1 02 010004c4
[W] 01000348 1 01 00001000
[W] 0100034c 1 01 00001223
[W] 01000350 1 00 00000000
[W] 01000354 0 00 010004c6
[W] 01000358 1 1e 00001223
[W] 0100035c 1 1d 00001000
[W] 01000360 1 1d 00001223
[W] 01000364 1 00 00001223
[W] 01000364 0 00 01000478
[W] 01000368 1 04 00000002
[W] 0100036c 1 05 00000002
[W] 01000370 0 00 01000340
[W] 01000374 1 03 00000014
[W] 01000378 1 04 00000000
[W] 0100037c 1 02 0100037c
[W] 01000380 1 02 010004c4
[W] 01000384 1 01 00001000
[W] 01000388 1 01 00001122
[W] 0100038c 1 00 00000000
[W] 01000390 1 00 00000000
[W] 01000394 1 00 010004c4
[W] 01000394 0 00 010004c8
[W] 01000398 1 1e 00001122
[W] 0100039c 1 1d 00001000
[W] 010003a0 1 1d 00001122
[W] 010003a4 1 00 00001223
[W] 010003a4 0 00 01000478
[W] 010003a8 1 04 00000001
[W] 010003ac 1 05 00000002
[W] 010003b0 0 00 0100037c
[W] 010003b4 1 00 00000000
[W] 00000000 1 00 00000000
[W] 0100037c 1 02 0100037c
[W] 01000380 1 02 010004c4
[W] 01000384 1 01 00001000
[W] 01000388 1 01 00001122
[W] 0100038c 1 00 00000000
[W] 01000390 1 00 00000000
[W] 01000394 1 00 010004c4
[W] 01000394 0 00 010004c8
[W] 01000398 1 1e 00001122
[W] 0100039c 1 1d 00001000
[W] 010003a0 1 1d 00001122
[W] 010003a4 1 00 00001122
[W] 010003a4 0 00 01000478
[W] 010003a8 1 04 00000002
[W] 010003ac 1 05 00000002
[W] 010003b0 0 00 0100037c
[W] 010003b4 1 03 00000015
[W] 010003b8 1 04 00000000
[W] 010003bc 1 02 010003bc
[W] 010003c0 1 02 010004c4
[W] 010003c4 1 00 00000000
[W] 010003c8 1 01 00000112
[W] 010003cc 1 00 010003bc
[W] 010003cc 0 00 010004ca
[W] 010003d0 1 1e 00000112
[W] 010003d4 1 1d 00000112
[W] 010003d8 0 00 01000478
[W] 010003dc 1 04 00000001
[W] 010003e0 1 05 00000002
[W] 010003e4 0 00 010003bc
[W] 010003e8 1 00 00000000
[W] 00000000 1 00 00000000
[W] 010003bc 1 02 010003bc
[W] 010003c0 1 02 010004c4
[W] 010003c4 1 00 00000000
[W] 010003c8 1 01 00000112
[W] 010003cc 1 00 010003bc
[W] 010003cc 0 00 010004ca
[W] 010003d0 1 1e 00000112
[W] 010003d4 1 1d 00000112
[W] 010003d8 0 00 01000478
[W] 010003dc 1 04 00000002
[W] 010003e0 1 05 00000002
[W] 010003e4 0 00 010003bc
[W] 010003e8 1 03 00000016
[W] 010003ec 1 04 00000000
[W] 010003f0 1 02 010003f0
[W] 010003f4 1 02 010004c4
[W] 010003f8 1 00 00000000
[W] 010003fc 1 01 00000011
[W] 01000400 1 00 00000000
[W] 01000404 0 00 010004cc
[W] 01000408 1 1e 00000011
[W] 0100040c 1 1d 00000011
[W] 01000410 0 00 01000478
[W] 01000414 1 04 00000001
[W] 01000418 1 05 00000002
[W] 0100041c 0 00 010003f0
[W] 01000420 1 00 00000000
[W] 00000000 1 00 00000000
[W] 010003f0 1 02 010003f0
[W] 010003f4 1 02 010004c4
[W] 010003f8 1 00 00000000
[W] 010003fc 1 01 00000011
[W] 01000400 1 00 00000000
[W] 01000404 0 00 010004cc
[W] 01000408 1 1e 00000011
[W] 0100040c 1 1d 00000011
[W] 01000410 0 00 01000478
[W] 01000414 1 04 00000002
[W] 01000418 1 05 00000002
[W] 0100041c 0 00 010003f0
[W] 01000420 1 03 00000017
[W] 01000424 1 04 00000000
[W] 01000428 1 02 01000428
[W] 0100042c 1 02 010004c4
[W] 01000430 1 00 00000000
[W] 01000434 1 00 00000000
[W] 01000438 1 01 00003000
[W] 0100043c 1 01 00003001
[W] 01000440 0 00 010004ce
[W] 01000444 1 1e 00003001
[W] 01000448 1 1d 00003000
[W] 0100044c 1 1d 00003001
[W] 01000450 1 00 00000011
[W] 01000450 0 00 01000478
[W] 01000454 1 04 00000001
[W] 01000458 1 05 00000002
[W] 0100045c 0 00 01000428
[W] 01000460 1 00 00000000
[W] 00000000 1 00 00000000
[W] 01000428 1 02 01000428
[W] 0100042c 1 02 010004c4
[W] 01000430 1 00 00000000
[W] 01000434 1 00 00000000
[W] 01000438 1 01 00003000
[W] 0100043c 1 01 00003001
[W] 01000440 0 00 010004ce
[W] 01000444 1 1e 00003001
[W] 01000448 1 1d 00003000
[W] 0100044c 1 1d 00003001
[W] 01000450 1 00 00003001
[W] 01000450 0 00 01000478
[W] 01000454 1 04 00000002
[W] 01000458 1 05 00000002
[W] 0100045c 0 00 01000428
[W] 01000460 1 0a 0000c000
[W] 01000464 1 0a 0000beef
[W] 01000468 1 0b 01000468
[W] 0100046c 1 0b 010004c4
[W] 01000470 1 00 00000000
[W] 01000470 0 00 010004ca
[W] 01000474 0 00 0100048c
[W] 01000478 1 00 00000000
[W] 00000000 1 00 00000000
[W] 0100048c 1 00 00000000
[W] 01000490 1 03 00000001
[W] 01000494 0 00 00000000
