[W] 00000000 0 00 00000000
[W] 00000000 0 00 00000000
[W] 00000000 0 00 00000000
[W] 00000000 0 00 00000000
[W] 01000000 1 03 00000002
[W] 01000004 1 05 00000000
[W] 01000008 1 06 01000008
[W] 0100000c 1 06 01000018
[W] 01000010 1 05 01000014
[W] 01000014 1 00 00000000
[W] 00000000 1 00 00000000
[W] 01000018 1 06 01000018
[W] 0100001c 1 06 01000014
[W] 01000020 0 00 010000d4
[W] 01000024 1 03 00000004
[W] 01000028 1 04 00000000
[W] 0100002c 1 06 0100002c
[W] 01000030 1 06 0100003c
[W] 01000034 1 13 01000038
[W] 01000038 1 00 00000000
[W] 00000000 1 00 00000000
[W] 0100003c 1 04 00000001
[W] 01000040 1 05 00000002
[W] 01000044 0 00 0100002c
[W] 01000048 1 00 00000000
[W] 00000000 1 00 00000000
[W] 0100002c 1 06 0100002c
[W] 01000030 1 06 0100003c
[W] 01000034 1 13 01000038
[W] 01000038 1 00 00000000
[W] 00000000 1 00 00000000
[W] 0100003c 1 04 00000002
[W] 01000040 1 05 00000002
[W] 01000044 0 00 0100002c
[W] 01000048 1 03 00000005
[W] 0100004c 1 04 00000000
[W] 01000050 1 06 01000050
[W] 01000054 1 06 01000064
[W] 01000058 1 00 00000000
[W] 0100005c 1 13 01000060
[W] 01000060 1 00 00000000
[W] 00000000 1 00 00000000
[W] 01000064 1 04 00000001
[W] 01000068 1 05 00000002
[W] 0100006c 0 00 01000050
[W] 01000070 1 00 00000000
[W] 00000000 1 00 00000000
[W] 01000050 1 06 01000050
[W] 01000054 1 06 01000064
[W] 01000058 1 00 00000000
[W] 0100005c 1 13 01000060
[W] 01000060 1 00 00000000
[W] 00000000 1 00 00000000
[W] 01000064 1 04 00000002
[W] 01000068 1 05 00000002
[W] 0100006c 0 00 01000050
[W] 01000070 1 03 00000006
[W] 01000074 1 04 00000000
[W] 01000078 1 06 01000078
[W] 0100007c 1 06 01000090
[W] 01000080 1 00 00000000
[W] 01000084 1 00 00000000
[W] 01000088 1 00 01000078
[W] 01000088 1 13 0100008c
[W] 0100008c 1 00 00000000
[W] 00000000 1 00 00000000
[W] 01000090 1 04 00000001
[W] 01000094 1 05 00000002
[W] 01000098 0 00 01000078
[W] 0100009c 1 00 00000000
[W] 00000000 1 00 00000000
[W] 01000078 1 06 01000078
[W] 0100007c 1 06 01000090
[W] 01000080 1 00 00000000
[W] 01000084 1 00 00000000
[W] 01000088 1 00 01000078
[W] 01000088 1 13 0100008c
[W] 0100008c 1 00 00000000
[W] 00000000 1 00 00000000
[W] 01000090 1 04 00000002
[W] 01000094 1 05 00000002
[W] 01000098 0 00 01000078
[W] 0100009c 1 05 00000001
[W] 010000a0 1 06 010000a0
[W] 010000a4 1 06 010000bc
[W] 010000a8 1 00 010000ac
[W] 010000ac 1 00 00000001
[W] 00000000 1 00 00000000
[W] 010000b8 1 05 00000002
[W] 010000bc 1 05 00000003
[W] 010000c0 1 05 00000004
[W] 010000c4 1 1d 00000004
[W] 010000c8 1 03 00000007
[W] 010000cc 1 00 00000003
[W] 010000cc 1 00 00000004
[W] 010000cc 0 00 010000d4
[W] 010000d0 0 00 010000e8
[W] 010000d4 1 00 00000000
[W] 00000000 1 00 00000000
[W] 010000e8 1 00 00000000
[W] 010000ec 1 03 00000001
[W] 010000f0 0 00 00000000
