[W] 00000000 0 00 00000000
[W] 00000000 0 00 00000000
[W] 00000000 0 00 00000000
[W] 00000000 0 00 00000000
[W] 01000000 1 01 00000000
[W] 01000004 1 02 00000000
[W] 01000008 1 1e 00000000
[W] 0100000c 1 1d 00000000
[W] 01000010 1 03 00000002
[W] 01000014 1 00 00000000
[W] 01000014 1 00 00000000
[W] 01000014 0 00 010004c0
[W] 01000018 1 01 00000001
[W] 0100001c 1 02 00000001
[W] 01000020 1 1e 00000000
[W] 01000024 1 1d 00000000
[W] 01000028 1 03 00000003
[W] 0100002c 1 00 00000000
[W] 0100002c 1 00 00000000
[W] 0100002c 0 00 010004c0
[W] 01000030 1 01 00000003
[W] 01000034 1 02 00000007
[W] 01000038 1 1e fffffffc
[W] 0100003c 1 1d fffffffc
[W] 01000040 1 03 00000004
[W] 01000044 1 00 00000000
[W] 01000044 1 00 fffffffc
[W] 01000044 0 00 010004c0
[W] 01000048 1 01 00000000
[W] 0100004c 1 02 ffff8000
[W] 01000050 1 1e 00008000
[W] 01000054 1 1d 00008000
[W] 01000058 1 03 00000005
[W] 0100005c 1 00 fffffffc
[W] 0100005c 1 00 00008000
[W] 0100005c 0 00 010004c0
[W] 01000060 1 01 80000000
[W] 01000064 1 02 00000000
[W] 01000068 1 1e 80000000
[W] 0100006c 1 1d 80000000
[W] 01000070 1 03 00000006
[W] 01000074 1 00 00008000
[W] 01000074 1 00 80000000
[W] 01000074 0 00 010004c0
[W] 01000078 1 01 80000000
[W] 0100007c 1 02 ffff8000
[W] 01000080 1 1e 80008000
[W] 01000084 1 1d 80008000
[W] 01000088 1 03 00000007
[W] 0100008c 1 00 80000000
[W] 0100008c 1 00 80008000
[W] 0100008c 0 00 010004c0
[W] 01000090 1 01 00000000
[W] 01000094 1 02 00008000
[W] 01000098 1 02 00007fff
[W] 0100009c 1 00 80000000
[W] 0100009c 1 1e ffff8001
[W] 010000a0 1 1d ffff8000
[W] 010000a4 1 1d ffff8001
[W] 010000a8 1 03 00000008
[W] 010000ac 0 00 010004c0
[W] 010000b0 1 01 80000000
[W] 010000b4 1 01 7fffffff
[W] 010000b8 1 02 00000000
[W] 010000bc 1 1e 7fffffff
[W] 010000c0 1 1d 80000000
[W] 010000c4 1 1d 7fffffff
[W] 010000c8 1 03 00000009
[W] 010000cc 0 00 010004c0
[W] 010000d0 1 01 80000000
[W] 010000d4 1 01 7fffffff
[W] 010000d8 1 02 00008000
[W] 010000dc 1 02 00007fff
[W] 010000e0 1 00 80000000
[W] 010000e0 1 1e 7fff8000
[W] 010000e4 1 1d 7fff8000
[W] 010000e8 1 03 0000000a
[W] 010000ec 1 00 7fffffff
[W] 010000ec 1 00 7fff8000
[W] 010000ec 0 00 010004c0
[W] 010000f0 1 01 80000000
[W] 010000f4 1 02 00008000
[W] 010000f8 1 02 00007fff
[W] 010000fc 1 00 7fffffff
[W] 010000fc 1 1e 7fff8001
[W] 01000100 1 1d 7fff8000
[W] 01000104 1 1d 7fff8001
[W] 01000108 1 03 0000000b
[W] 0100010c 0 00 010004c0
[W] 01000110 1 01 80000000
[W] 01000114 1 01 7fffffff
[W] 01000118 1 02 ffff8000
[W] 0100011c 1 1e 80007fff
[W] 01000120 1 1d 80008000
[W] 01000124 1 1d 80007fff
[W] 01000128 1 03 0000000c
[W] 0100012c 0 00 010004c0
[W] 01000130 1 01 00000000
[W] 01000134 1 02 ffffffff
[W] 01000138 1 1e 00000001
[W] 0100013c 1 1d 00000001
[W] 01000140 1 03 0000000d
[W] 01000144 1 00 80007fff
[W] 01000144 1 00 00000001
[W] 01000144 0 00 010004c0
[W] 01000148 1 01 ffffffff
[W] 0100014c 1 02 00000001
[W] 01000150 1 1e fffffffe
[W] 01000154 1 1d fffffffe
[W] 01000158 1 03 0000000e
[W] 0100015c 1 00 00000001
[W] 0100015c 1 00 fffffffe
[W] 0100015c 0 00 010004c0
[W] 01000160 1 01 ffffffff
[W] 01000164 1 02 ffffffff
[W] 01000168 1 1e 00000000
[W] 0100016c 1 1d 00000000
[W] 01000170 1 03 0000000f
[W] 01000174 1 00 fffffffe
[W] 01000174 1 00 00000000
[W] 01000174 0 00 010004c0
[W] 01000178 1 01 0000000d
[W] 0100017c 1 02 0000000b
[W] 01000180 1 01 00000002
[W] 01000184 1 1d 00000002
[W] 01000188 1 03 00000010
[W] 0100018c 1 00 0000000d
[W] 0100018c 1 00 00000002
[W] 0100018c 0 00 010004c0
[W] 01000190 1 01 0000000e
[W] 01000194 1 02 0000000b
[W] 01000198 1 02 00000003
[W] 0100019c 1 1d 00000003
[W] 010001a0 1 03 00000011
[W] 010001a4 1 00 0000000b
[W] 010001a4 1 00 00000003
[W] 010001a4 0 00 010004c0
[W] 010001a8 1 01 0000000d
[W] 010001ac 1 01 00000000
[W] 010001b0 1 1d 00000000
[W] 010001b4 1 03 00000012
[W] 010001b8 1 00 0000000d
[W] 010001b8 1 00 00000000
[W] 010001b8 0 00 010004c0
[W] 010001bc 1 04 00000000
[W] 010001c0 1 01 0000000d
[W] 010001c4 1 02 0000000b
[W] 010001c8 1 1e 00000002
[W] 010001cc 1 06 00000002
[W] 010001d0 1 04 00000001
[W] 010001d4 1 05 00000002
[W] 010001d8 0 00 010001c0
[W] 010001dc 1 00 00000000
[W] 00000000 1 00 00000000
[W] 010001c0 1 01 0000000d
[W] 010001c4 1 02 0000000b
[W] 010001c8 1 1e 00000002
[W] 010001cc 1 06 00000002
[W] 010001d0 1 04 00000002
[W] 010001d4 1 05 00000002
[W] 010001d8 0 00 010001c0
[W] 010001dc 1 1d 00000002
[W] 010001e0 1 03 00000013
[W] 010001e4 0 00 010004c0
[W] 010001e8 1 04 00000000
[W] 010001ec 1 01 0000000e
[W] 010001f0 1 02 0000000b
[W] 010001f4 1 1e 00000003
[W] 010001f8 1 00 00000000
[W] 010001fc 1 06 00000003
[W] 01000200 1 04 00000001
[W] 01000204 1 05 00000002
[W] 01000208 0 00 010001ec
[W] 0100020c 1 00 00000000
[W] 00000000 1 00 00000000
[W] 010001ec 1 01 0000000e
[W] 010001f0 1 02 0000000b
[W] 010001f4 1 1e 00000003
[W] 010001f8 1 00 00000000
[W] 010001fc 1 06 00000003
[W] 01000200 1 04 00000002
[W] 01000204 1 05 00000002
[W] 01000208 0 00 010001ec
[W] 0100020c 1 1d 00000003
[W] 01000210 1 03 00000014
[W] 01000214 0 00 010004c0
[W] 01000218 1 04 00000000
[W] 0100021c 1 01 0000000f
[W] 01000220 1 02 0000000b
[W] 01000224 1 1e 00000004
[W] 01000228 1 00 00000000
[W] 0100022c 1 00 00000000
[W] 01000230 1 00 00000003
[W] 01000230 1 06 00000004
[W] 01000234 1 04 00000001
[W] 01000238 1 05 00000002
[W] 0100023c 0 00 0100021c
[W] 01000240 1 00 00000000
[W] 00000000 1 00 00000000
[W] 0100021c 1 01 0000000f
[W] 01000220 1 02 0000000b
[W] 01000224 1 1e 00000004
[W] 01000228 1 00 00000000
[W] 0100022c 1 00 00000000
[W] 01000230 1 00 00000004
[W] 01000230 1 06 00000004
[W] 01000234 1 04 00000002
[W] 01000238 1 05 00000002
[W] 0100023c 0 00 0100021c
[W] 01000240 1 1d 00000004
[W] 01000244 1 03 00000015
[W] 01000248 0 00 010004c0
[W] 0100024c 1 04 00000000
[W] 01000250 1 01 0000000d
[W] 01000254 1 02 0000000b
[W] 01000258 1 1e 00000002
[W] 0100025c 1 04 00000001
[W] 01000260 1 05 00000002
[W] 01000264 0 00 01000250
[W] 01000268 1 00 00000000
[W] 00000000 1 00 00000000
[W] 01000250 1 01 0000000d
[W] 01000254 1 02 0000000b
[W] 01000258 1 1e 00000002
[W] 0100025c 1 04 00000002
[W] 01000260 1 05 00000002
[W] 01000264 0 00 01000250
[W] 01000268 1 1d 00000002
[W] 0100026c 1 03 00000016
[W] 01000270 0 00 010004c0
[W] 01000274 1 04 00000000
[W] 01000278 1 01 0000000e
[W] 0100027c 1 02 0000000b
[W] 01000280 1 00 00000000
[W] 01000284 1 00 0000000d
[W] 01000284 1 00 0000000e
[W] 01000284 1 1e 00000003
[W] 01000288 1 04 00000001
[W] 0100028c 1 05 00000002
[W] 01000290 0 00 01000278
[W] 01000294 1 00 00000000
[W] 00000000 1 00 00000000
[W] 01000278 1 01 0000000e
[W] 0100027c 1 02 0000000b
[W] 01000280 1 00 00000000
[W] 01000284 1 00 0000000e
[W] 01000284 1 00 0000000e
[W] 01000284 1 1e 00000003
[W] 01000288 1 04 00000002
[W] 0100028c 1 05 00000002
[W] 01000290 0 00 01000278
[W] 01000294 1 1d 00000003
[W] 01000298 1 03 00000017
[W] 0100029c 0 00 010004c0
[W] 010002a0 1 04 00000000
[W] 010002a4 1 01 0000000f
[W] 010002a8 1 02 0000000b
[W] 010002ac 1 00 00000000
[W] 010002b0 1 00 00000000
[W] 010002b4 1 00 0000000f
[W] 010002b4 1 1e 00000004
[W] 010002b8 1 04 00000001
[W] 010002bc 1 05 00000002
[W] 010002c0 0 00 010002a4
[W] 010002c4 1 00 00000000
[W] 00000000 1 00 00000000
[W] 010002a4 1 01 0000000f
[W] 010002a8 1 02 0000000b
[W] 010002ac 1 00 00000000
[W] 010002b0 1 00 00000000
[W] 010002b4 1 00 0000000f
[W] 010002b4 1 1e 00000004
[W] 010002b8 1 04 00000002
[W] 010002bc 1 05 00000002
[W] 010002c0 0 00 010002a4
[W] 010002c4 1 1d 00000004
[W] 010002c8 1 03 00000018
[W] 010002cc 0 00 010004c0
[W] 010002d0 1 04 00000000
[W] 010002d4 1 01 0000000d
[W] 010002d8 1 00 00000000
[W] 010002dc 1 02 0000000b
[W] 010002e0 1 00 0000000f
[W] 010002e0 1 1e 00000002
[W] 010002e4 1 04 00000001
[W] 010002e8 1 05 00000002
[W] 010002ec 0 00 010002d4
[W] 010002f0 1 00 00000000
[W] 00000000 1 00 00000000
[W] 010002d4 1 01 0000000d
[W] 010002d8 1 00 00000000
[W] 010002dc 1 02 0000000b
[W] 010002e0 1 00 0000000d
[W] 010002e0 1 1e 00000002
[W] 010002e4 1 04 00000002
[W] 010002e8 1 05 00000002
[W] 010002ec 0 00 010002d4
[W] 010002f0 1 1d 00000002
[W] 010002f4 1 03 00000019
[W] 010002f8 0 00 010004c0
[W] 010002fc 1 04 00000000
[W] 01000300 1 01 0000000e
[W] 01000304 1 00 00000000
[W] 01000308 1 02 0000000b
[W] 0100030c 1 00 00000000
[W] 01000310 1 1e 00000003
[W] 01000314 1 04 00000001
[W] 01000318 1 05 00000002
[W] 0100031c 0 00 01000300
[W] 01000320 1 00 00000000
[W] 00000000 1 00 00000000
[W] 01000300 1 01 0000000e
[W] 01000304 1 00 00000000
[W] 01000308 1 02 0000000b
[W] 0100030c 1 00 00000000
[W] 01000310 1 1e 00000003
[W] 01000314 1 04 00000002
[W] 01000318 1 05 00000002
[W] 0100031c 0 00 01000300
[W] 01000320 1 1d 00000003
[W] 01000324 1 03 0000001a
[W] 01000328 0 00 010004c0
[W] 0100032c 1 04 00000000
[W] 01000330 1 01 0000000f
[W] 01000334 1 00 00000000
[W] 01000338 1 00 00000000
[W] 0100033c 1 02 0000000b
[W] 01000340 1 1e 00000004
[W] 01000344 1 04 00000001
[W] 01000348 1 05 00000002
[W] 0100034c 0 00 01000330
[W] 01000350 1 00 00000000
[W] 00000000 1 00 00000000
[W] 01000330 1 01 0000000f
[W] 01000334 1 00 00000000
[W] 01000338 1 00 00000000
[W] 0100033c 1 02 0000000b
[W] 01000340 1 1e 00000004
[W] 01000344 1 04 00000002
[W] 01000348 1 05 00000002
[W] 0100034c 0 00 01000330
[W] 01000350 1 1d 00000004
[W] 01000354 1 03 0000001b
[W] 01000358 0 00 010004c0
[W] 0100035c 1 04 00000000
[W] 01000360 1 02 0000000b
[W] 01000364 1 01 0000000d
[W] 01000368 1 1e 00000002
[W] 0100036c 1 04 00000001
[W] 01000370 1 05 00000002
[W] 01000374 0 00 01000360
[W] 01000378 1 00 00000000
[W] 00000000 1 00 00000000
[W] 01000360 1 02 0000000b
[W] 01000364 1 01 0000000d
[W] 01000368 1 1e 00000002
[W] 0100036c 1 04 00000002
[W] 01000370 1 05 00000002
[W] 01000374 0 00 01000360
[W] 01000378 1 1d 00000002
[W] 0100037c 1 03 0000001c
[W] 01000380 0 00 010004c0
[W] 01000384 1 04 00000000
[W] 01000388 1 02 0000000b
[W] 0100038c 1 01 0000000e
[W] 01000390 1 00 00000000
[W] 01000394 1 00 0000000d
[W] 01000394 1 00 0000000d
[W] 01000394 1 1e 00000003
[W] 01000398 1 04 00000001
[W] 0100039c 1 05 00000002
[W] 010003a0 0 00 01000388
[W] 010003a4 1 00 00000000
[W] 00000000 1 00 00000000
[W] 01000388 1 02 0000000b
[W] 0100038c 1 01 0000000e
[W] 01000390 1 00 00000000
[W] 01000394 1 00 0000000e
[W] 01000394 1 00 0000000e
[W] 01000394 1 1e 00000003
[W] 01000398 1 04 00000002
[W] 0100039c 1 05 00000002
[W] 010003a0 0 00 01000388
[W] 010003a4 1 1d 00000003
[W] 010003a8 1 03 0000001d
[W] 010003ac 0 00 010004c0
[W] 010003b0 1 04 00000000
[W] 010003b4 1 02 0000000b
[W] 010003b8 1 01 0000000f
[W] 010003bc 1 00 00000000
[W] 010003c0 1 00 00000000
[W] 010003c4 1 00 0000000e
[W] 010003c4 1 1e 00000004
[W] 010003c8 1 04 00000001
[W] 010003cc 1 05 00000002
[W] 010003d0 0 00 010003b4
[W] 010003d4 1 00 00000000
[W] 00000000 1 00 00000000
[W] 010003b4 1 02 0000000b
[W] 010003b8 1 01 0000000f
[W] 010003bc 1 00 00000000
[W] 010003c0 1 00 00000000
[W] 010003c4 1 00 0000000f
[W] 010003c4 1 1e 00000004
[W] 010003c8 1 04 00000002
[W] 010003cc 1 05 00000002
[W] 010003d0 0 00 010003b4
[W] 010003d4 1 1d 00000004
[W] 010003d8 1 03 0000001e
[W] 010003dc 0 00 010004c0
[W] 010003e0 1 04 00000000
[W] 010003e4 1 02 0000000b
[W] 010003e8 1 00 00000000
[W] 010003ec 1 01 0000000d
[W] 010003f0 1 00 0000000f
[W] 010003f0 1 1e 00000002
[W] 010003f4 1 04 00000001
[W] 010003f8 1 05 00000002
[W] 010003fc 0 00 010003e4
[W] 01000400 1 00 00000000
[W] 00000000 1 00 00000000
[W] 010003e4 1 02 0000000b
[W] 010003e8 1 00 00000000
[W] 010003ec 1 01 0000000d
[W] 010003f0 1 00 0000000d
[W] 010003f0 1 1e 00000002
[W] 010003f4 1 04 00000002
[W] 010003f8 1 05 00000002
[W] 010003fc 0 00 010003e4
[W] 01000400 1 1d 00000002
[W] 01000404 1 03 0000001f
[W] 01000408 0 00 010004c0
[W] 0100040c 1 04 00000000
[W] 01000410 1 02 0000000b
[W] 01000414 1 00 00000000
[W] 01000418 1 01 0000000e
[W] 0100041c 1 00 00000000
[W] 01000420 1 1e 00000003
[W] 01000424 1 04 00000001
[W] 01000428 1 05 00000002
[W] 0100042c 0 00 01000410
[W] 01000430 1 00 00000000
[W] 00000000 1 00 00000000
[W] 01000410 1 02 0000000b
[W] 01000414 1 00 00000000
[W] 01000418 1 01 0000000e
[W] 0100041c 1 00 00000000
[W] 01000420 1 1e 00000003
[W] 01000424 1 04 00000002
[W] 01000428 1 05 00000002
[W] 0100042c 0 00 01000410
[W] 01000430 1 1d 00000003
[W] 01000434 1 03 00000020
[W] 01000438 0 00 010004c0
[W] 0100043c 1 04 00000000
[W] 01000440 1 02 0000000b
[W] 01000444 1 00 00000000
[W] 01000448 1 00 00000000
[W] 0100044c 1 01 0000000f
[W] 01000450 1 1e 00000004
[W] 01000454 1 04 00000001
[W] 01000458 1 05 00000002
[W] 0100045c 0 00 01000440
[W] 01000460 1 00 00000000
[W] 00000000 1 00 00000000
[W] 01000440 1 02 0000000b
[W] 01000444 1 00 00000000
[W] 01000448 1 00 00000000
[W] 0100044c 1 01 0000000f
[W] 01000450 1 1e 00000004
[W] 01000454 1 04 00000002
[W] 01000458 1 05 00000002
[W] 0100045c 0 00 01000440
[W] 01000460 1 1d 00000004
[W] 01000464 1 03 00000021
[W] 01000468 0 00 010004c0
[W] 0100046c 1 01 fffffff1
[W] 01000470 1 02 0000000f
[W] 01000474 1 1d 0000000f
[W] 01000478 1 03 00000022
[W] 0100047c 1 00 0000000b
[W] 0100047c 1 00 0000000f
[W] 0100047c 0 00 010004c0
[W] 01000480 1 01 00000020
[W] 01000484 1 02 00000020
[W] 01000488 1 1d 00000020
[W] 0100048c 1 03 00000023
[W] 01000490 1 00 0000000f
[W] 01000490 1 00 00000020
[W] 01000490 0 00 010004c0
[W] 01000494 1 01 00000000
[W] 01000498 1 1d 00000000
[W] 0100049c 1 03 00000024
[W] 010004a0 1 00 00000020
[W] 010004a0 1 00 00000000
[W] 010004a0 0 00 010004c0
[W] 010004a4 1 01 00000010
[W] 010004a8 1 02 0000001e
[W] 010004ac 1 00 fffffff2
[W] 010004b0 1 1d 00000000
[W] 010004b4 1 03 00000025
[W] 010004b8 0 00 010004c0
[W] 010004bc 0 00 010004d4
[W] 010004c0 1 00 00000000
[W] 00000000 1 00 00000000
[W] 010004d4 1 00 00000000
[W] 010004d8 1 03 00000001
[W] 010004dc 0 00 00000000
