[W] 00000000 0 00 00000000
[W] 00000000 0 00 00000000
[W] 00000000 0 00 00000000
[W] 00000000 0 00 00000000
[W] 01000000 1 01 01000000
[W] 01000004 1 01 010004c4
[W] 01000008 1 02 00aa0000
[W] 0100000c 1 02 00aa00aa
[W] 01000010 1 00 01000000
[W] 01000010 0 00 010004c4
[W] 01000014 1 1e 00aa00aa
[W] 01000018 1 1d 00aa0000
[W] 0100001c 1 1d 00aa00aa
[W] 01000020 1 03 00000002
[W] 01000024 0 00 01000484
[W] 01000028 1 01 01000028
[W] 0100002c 1 01 010004c4
[W] 01000030 1 02 aa00b000
[W] 01000034 1 02 aa00aa00
[W] 01000038 1 00 01000028
[W] 01000038 0 00 010004c8
[W] 0100003c 1 1e aa00aa00
[W] 01000040 1 1d aa00b000
[W] 01000044 1 1d aa00aa00
[W] 01000048 1 03 00000003
[W] 0100004c 0 00 01000484
[W] 01000050 1 01 01000050
[W] 01000054 1 01 010004c4
[W] 01000058 1 02 0aa01000
[W] 0100005c 1 02 0aa00aa0
[W] 01000060 1 00 01000050
[W] 01000060 0 00 010004cc
[W] 01000064 1 1e 0aa00aa0
[W] 01000068 1 1d 0aa01000
[W] 0100006c 1 1d 0aa00aa0
[W] 01000070 1 03 00000004
[W] 01000074 0 00 01000484
[W] 01000078 1 01 01000078
[W] 0100007c 1 01 010004c4
[W] 01000080 1 02 a00aa000
[W] 01000084 1 02 a00aa00a
[W] 01000088 1 00 01000078
[W] 01000088 0 00 010004d0
[W] 0100008c 1 1e a00aa00a
[W] 01000090 1 1d a00aa000
[W] 01000094 1 1d a00aa00a
[W] 01000098 1 03 00000005
[W] 0100009c 0 00 01000484
[W] 010000a0 1 01 010000a0
[W] 010000a4 1 01 010004e0
[W] 010000a8 1 02 00aa0000
[W] 010000ac 1 02 00aa00aa
[W] 010000b0 1 00 010000a0
[W] 010000b0 0 00 010004d4
[W] 010000b4 1 1e 00aa00aa
[W] 010000b8 1 1d 00aa0000
[W] 010000bc 1 1d 00aa00aa
[W] 010000c0 1 03 00000006
[W] 010000c4 0 00 01000484
[W] 010000c8 1 01 010000c8
[W] 010000cc 1 01 010004e0
[W] 010000d0 1 02 aa00b000
[W] 010000d4 1 02 aa00aa00
[W] 010000d8 1 00 010000c8
[W] 010000d8 0 00 010004d8
[W] 010000dc 1 1e aa00aa00
[W] 010000e0 1 1d aa00b000
[W] 010000e4 1 1d aa00aa00
[W] 010000e8 1 03 00000007
[W] 010000ec 0 00 01000484
[W] 010000f0 1 01 010000f0
[W] 010000f4 1 01 010004e0
[W] 010000f8 1 02 0aa01000
[W] 010000fc 1 02 0aa00aa0
[W] 01000100 1 00 010000f0
[W] 01000100 0 00 010004dc
[W] 01000104 1 1e 0aa00aa0
[W] 01000108 1 1d 0aa01000
[W] 0100010c 1 1d 0aa00aa0
[W] 01000110 1 03 00000008
[W] 01000114 0 00 01000484
[W] 01000118 1 01 01000118
[W] 0100011c 1 01 010004e0
[W] 01000120 1 02 a00aa000
[W] 01000124 1 02 a00aa00a
[W] 01000128 1 00 01000118
[W] 01000128 0 00 010004e0
[W] 0100012c 1 1e a00aa00a
[W] 01000130 1 1d a00aa000
[W] 01000134 1 1d a00aa00a
[W] 01000138 1 03 00000009
[W] 0100013c 0 00 01000484
[W] 01000140 1 01 01000140
[W] 01000144 1 01 010004e4
[W] 01000148 1 02 12345000
[W] 0100014c 1 02 12345678
[W] 01000150 1 00 01000140
[W] 01000150 1 04 010004c4
[W] 01000154 1 00 00000000
[W] 01000154 0 00 010004e4
[W] 01000158 1 05 12345678
[W] 0100015c 1 1d 12345000
[W] 01000160 1 1d 12345678
[W] 01000164 1 03 0000000a
[W] 01000168 0 00 01000484
[W] 0100016c 1 01 0100016c
[W] 01000170 1 01 010004e4
[W] 01000174 1 02 58213000
[W] 01000178 1 02 58213098
[W] 0100017c 1 00 0100016c
[W] 0100017c 1 01 010004e1
[W] 01000180 1 00 010004e4
[W] 01000180 0 00 010004e8
[W] 01000184 1 04 01000184
[W] 01000188 1 04 010004e8
[W] 0100018c 1 05 58213098
[W] 01000190 1 1d 58213000
[W] 01000194 1 1d 58213098
[W] 01000198 1 03 0000000b
[W] 0100019c 0 00 01000484
[W] 010001a0 1 03 0000000c
[W] 010001a4 1 04 00000000
[W] 010001a8 1 01 aabbd000
[W] 010001ac 1 01 aabbccdd
[W] 010001b0 1 02 010001b0
[W] 010001b4 1 02 010004c4
[W] 010001b8 1 00 58213098
[W] 010001b8 0 00 010004c4
[W] 010001bc 1 00 010001b0
[W] 010001bc 1 1e aabbccdd
[W] 010001c0 1 1d aabbd000
[W] 010001c4 1 1d aabbccdd
[W] 010001c8 1 00 a00aa00a
[W] 010001c8 0 00 01000484
[W] 010001cc 1 04 00000001
[W] 010001d0 1 05 00000002
[W] 010001d4 0 00 010001a8
[W] 010001d8 1 00 00000000
[W] 00000000 1 00 00000000
[W] 010001a8 1 01 aabbd000
[W] 010001ac 1 01 aabbccdd
[W] 010001b0 1 02 010001b0
[W] 010001b4 1 02 010004c4
[W] 010001b8 1 00 010004c4
[W] 010001b8 0 00 010004c4
[W] 010001bc 1 00 010001b0
[W] 010001bc 1 1e aabbccdd
[W] 010001c0 1 1d aabbd000
[W] 010001c4 1 1d aabbccdd
[W] 010001c8 1 00 aabbccdd
[W] 010001c8 0 00 01000484
[W] 010001cc 1 04 00000002
[W] 010001d0 1 05 00000002
[W] 010001d4 0 00 010001a8
[W] 010001d8 1 03 0000000d
[W] 010001dc 1 04 00000000
[W] 010001e0 1 01 daabc000
[W] 010001e4 1 01 daabbccd
[W] 010001e8 1 02 010001e8
[W] 010001ec 1 02 010004c4
[W] 010001f0 1 00 00000000
[W] 010001f4 0 00 010004c8
[W] 010001f8 1 00 010001e8
[W] 010001f8 1 1e daabbccd
[W] 010001fc 1 1d daabc000
[W] 01000200 1 1d daabbccd
[W] 01000204 1 00 aabbccdd
[W] 01000204 0 00 01000484
[W] 01000208 1 04 00000001
[W] 0100020c 1 05 00000002
[W] 01000210 0 00 010001e0
[W] 01000214 1 00 00000000
[W] 00000000 1 00 00000000
[W] 010001e0 1 01 daabc000
[W] 010001e4 1 01 daabbccd
[W] 010001e8 1 02 010001e8
[W] 010001ec 1 02 010004c4
[W] 010001f0 1 00 00000000
[W] 010001f4 0 00 010004c8
[W] 010001f8 1 00 010001e8
[W] 010001f8 1 1e daabbccd
[W] 010001fc 1 1d daabc000
[W] 01000200 1 1d daabbccd
[W] 01000204 1 00 daabbccd
[W] 01000204 0 00 01000484
[W] 01000208 1 04 00000002
[W] 0100020c 1 05 00000002
[W] 01000210 0 00 010001e0
[W] 01000214 1 03 0000000e
[W] 01000218 1 04 00000000
[W] 0100021c 1 01 ddaac000
[W] 01000220 1 01 ddaabbcc
[W] 01000224 1 02 01000224
[W] 01000228 1 02 010004c4
[W] 0100022c 1 00 00000000
[W] 01000230 1 00 00000000
[W] 01000234 1 00 01000224
[W] 01000234 0 00 010004cc
[W] 01000238 1 1e ddaabbcc
[W] 0100023c 1 1d ddaac000
[W] 01000240 1 1d ddaabbcc
[W] 01000244 1 00 daabbccd
[W] 01000244 0 00 01000484
[W] 01000248 1 04 00000001
[W] 0100024c 1 05 00000002
[W] 01000250 0 00 0100021c
[W] 01000254 1 00 00000000
[W] 00000000 1 00 00000000
[W] 0100021c 1 01 ddaac000
[W] 01000220 1 01 ddaabbcc
[W] 01000224 1 02 01000224
[W] 01000228 1 02 010004c4
[W] 0100022c 1 00 00000000
[W] 01000230 1 00 00000000
[W] 01000234 1 00 01000224
[W] 01000234 0 00 010004cc
[W] 01000238 1 1e ddaabbcc
[W] 0100023c 1 1d ddaac000
[W] 01000240 1 1d ddaabbcc
[W] 01000244 1 00 ddaabbcc
[W] 01000244 0 00 01000484
[W] 01000248 1 04 00000002
[W] 0100024c 1 05 00000002
[W] 01000250 0 00 0100021c
[W] 01000254 1 03 0000000f
[W] 01000258 1 04 00000000
[W] 0100025c 1 01 cddab000
[W] 01000260 1 01 cddaabbc
[W] 01000264 1 00 00000000
[W] 01000268 1 02 01000268
[W] 0100026c 1 02 010004c4
[W] 01000270 0 00 010004d0
[W] 01000274 1 1e cddaabbc
[W] 01000278 1 1d cddab000
[W] 0100027c 1 1d cddaabbc
[W] 01000280 1 00 ddaabbcc
[W] 01000280 0 00 01000484
[W] 01000284 1 04 00000001
[W] 01000288 1 05 00000002
[W] 0100028c 0 00 0100025c
[W] 01000290 1 00 00000000
[W] 00000000 1 00 00000000
[W] 0100025c 1 01 cddab000
[W] 01000260 1 01 cddaabbc
[W] 01000264 1 00 00000000
[W] 01000268 1 02 01000268
[W] 0100026c 1 02 010004c4
[W] 01000270 0 00 010004d0
[W] 01000274 1 1e cddaabbc
[W] 01000278 1 1d cddab000
[W] 0100027c 1 1d cddaabbc
[W] 01000280 1 00 cddaabbc
[W] 01000280 0 00 01000484
[W] 01000284 1 04 00000002
[W] 01000288 1 05 00000002
[W] 0100028c 0 00 0100025c
[W] 01000290 1 03 00000010
[W] 01000294 1 04 00000000
[W] 01000298 1 01 ccddb000
[W] 0100029c 1 01 ccddaabb
[W] 010002a0 1 00 00000000
[W] 010002a4 1 02 010002a4
[W] 010002a8 1 02 010004c4
[W] 010002ac 1 00 00000000
[W] 010002b0 0 00 010004d4
[W] 010002b4 1 00 010002a4
[W] 010002b4 1 1e ccddaabb
[W] 010002b8 1 1d ccddb000
[W] 010002bc 1 1d ccddaabb
[W] 010002c0 1 00 cddaabbc
[W] 010002c0 0 00 01000484
[W] 010002c4 1 04 00000001
[W] 010002c8 1 05 00000002
[W] 010002cc 0 00 01000298
[W] 010002d0 1 00 00000000
[W] 00000000 1 00 00000000
[W] 01000298 1 01 ccddb000
[W] 0100029c 1 01 ccddaabb
[W] 010002a0 1 00 00000000
[W] 010002a4 1 02 010002a4
[W] 010002a8 1 02 010004c4
[W] 010002ac 1 00 00000000
[W] 010002b0 0 00 010004d4
[W] 010002b4 1 00 010002a4
[W] 010002b4 1 1e ccddaabb
[W] 010002b8 1 1d ccddb000
[W] 010002bc 1 1d ccddaabb
[W] 010002c0 1 00 ccddaabb
[W] 010002c0 0 00 01000484
[W] 010002c4 1 04 00000002
[W] 010002c8 1 05 00000002
[W] 010002cc 0 00 01000298
[W] 010002d0 1 03 00000011
[W] 010002d4 1 04 00000000
[W] 010002d8 1 01 bccde000
[W] 010002dc 1 01 bccddaab
[W] 010002e0 1 00 00000000
[W] 010002e4 1 00 00000000
[W] 010002e8 1 02 010002e8
[W] 010002ec 1 02 010004c4
[W] 010002f0 0 00 010004d8
[W] 010002f4 1 1e bccddaab
[W] 010002f8 1 1d bccde000
[W] 010002fc 1 1d bccddaab
[W] 01000300 1 00 ccddaabb
[W] 01000300 0 00 01000484
[W] 01000304 1 04 00000001
[W] 01000308 1 05 00000002
[W] 0100030c 0 00 010002d8
[W] 01000310 1 00 00000000
[W] 00000000 1 00 00000000
[W] 010002d8 1 01 bccde000
[W] 010002dc 1 01 bccddaab
[W] 010002e0 1 00 00000000
[W] 010002e4 1 00 00000000
[W] 010002e8 1 02 010002e8
[W] 010002ec 1 02 010004c4
[W] 010002f0 0 00 010004d8
[W] 010002f4 1 1e bccddaab
[W] 010002f8 1 1d bccde000
[W] 010002fc 1 1d bccddaab
[W] 01000300 1 00 bccddaab
[W] 01000300 0 00 01000484
[W] 01000304 1 04 00000002
[W] 01000308 1 05 00000002
[W] 0100030c 0 00 010002d8
[W] 01000310 1 03 00000012
[W] 01000314 1 04 00000000
[W] 01000318 1 02 01000318
[W] 0100031c 1 02 010004c4
[W] 01000320 1 01 00112000
[W] 01000324 1 01 00112233
[W] 01000328 1 00 01000318
[W] 01000328 0 00 010004c4
[W] 0100032c 1 1e 00112233
[W] 01000330 1 1d 00112000
[W] 01000334 1 1d 00112233
[W] 01000338 1 00 bccddaab
[W] 01000338 0 00 01000484
[W] 0100033c 1 04 00000001
[W] 01000340 1 05 00000002
[W] 01000344 0 00 01000318
[W] 01000348 1 00 00000000
[W] 00000000 1 00 00000000
[W] 01000318 1 02 01000318
[W] 0100031c 1 02 010004c4
[W] 01000320 1 01 00112000
[W] 01000324 1 01 00112233
[W] 01000328 1 00 01000318
[W] 01000328 0 00 010004c4
[W] 0100032c 1 1e 00112233
[W] 01000330 1 1d 00112000
[W] 01000334 1 1d 00112233
[W] 01000338 1 00 00112233
[W] 01000338 0 00 01000484
[W] 0100033c 1 04 00000002
[W] 01000340 1 05 00000002
[W] 01000344 0 00 01000318
[W] 01000348 1 03 00000013
[W] 0100034c 1 04 00000000
[W] 01000350 1 02 01000350
[W] 01000354 1 02 010004c4
[W] 01000358 1 01 30011000
[W] 0100035c 1 01 30011223
[W] 01000360 1 00 00000000
[W] 01000364 0 00 010004c8
[W] 01000368 1 1e 30011223
[W] 0100036c 1 1d 30011000
[W] 01000370 1 1d 30011223
[W] 01000374 1 00 00112233
[W] 01000374 0 00 01000484
[W] 01000378 1 04 00000001
[W] 0100037c 1 05 00000002
[W] 01000380 0 00 01000350
[W] 01000384 1 00 00000000
[W] 00000000 1 00 00000000
[W] 01000350 1 02 01000350
[W] 01000354 1 02 010004c4
[W] 01000358 1 01 30011000
[W] 0100035c 1 01 30011223
[W] 01000360 1 00 00000000
[W] 01000364 0 00 010004c8
[W] 01000368 1 1e 30011223
[W] 0100036c 1 1d 30011000
[W] 01000370 1 1d 30011223
[W] 01000374 1 00 30011223
[W] 01000374 0 00 01000484
[W] 01000378 1 04 00000002
[W] 0100037c 1 05 00000002
[W] 01000380 0 00 01000350
[W] 01000384 1 03 00000014
[W] 01000388 1 04 00000000
[W] 0100038c 1 02 0100038c
[W] 01000390 1 02 010004c4
[W] 01000394 1 01 33001000
[W] 01000398 1 01 33001122
[W] 0100039c 1 00 00000000
[W] 010003a0 1 00 00000000
[W] 010003a4 1 00 010004c4
[W] 010003a4 0 00 010004cc
[W] 010003a8 1 1e 33001122
[W] 010003ac 1 1d 33001000
[W] 010003b0 1 1d 33001122
[W] 010003b4 1 00 30011223
[W] 010003b4 0 00 01000484
[W] 010003b8 1 04 00000001
[W] 010003bc 1 05 00000002
[W] 010003c0 0 00 0100038c
[W] 010003c4 1 00 00000000
[W] 00000000 1 00 00000000
[W] 0100038c 1 02 0100038c
[W] 01000390 1 02 010004c4
[W] 01000394 1 01 33001000
[W] 01000398 1 01 33001122
[W] 0100039c 1 00 00000000
[W] 010003a0 1 00 00000000
[W] 010003a4 1 00 010004c4
[W] 010003a4 0 00 010004cc
[W] 010003a8 1 1e 33001122
[W] 010003ac 1 1d 33001000
[W] 010003b0 1 1d 33001122
[W] 010003b4 1 00 33001122
[W] 010003b4 0 00 01000484
[W] 010003b8 1 04 00000002
[W] 010003bc 1 05 00000002
[W] 010003c0 0 00 0100038c
[W] 010003c4 1 03 00000015
[W] 010003c8 1 04 00000000
[W] 010003cc 1 02 010003cc
[W] 010003d0 1 02 010004c4
[W] 010003d4 1 00 00000000
[W] 010003d8 1 01 23300000
[W] 010003dc 1 01 23300112
[W] 010003e0 0 00 010004d0
[W] 010003e4 1 1e 23300112
[W] 010003e8 1 1d 23300000
[W] 010003ec 1 1d 23300112
[W] 010003f0 1 00 33001122
[W] 010003f0 0 00 01000484
[W] 010003f4 1 04 00000001
[W] 010003f8 1 05 00000002
[W] 010003fc 0 00 010003cc
[W] 01000400 1 00 00000000
[W] 00000000 1 00 00000000
[W] 010003cc 1 02 010003cc
[W] 010003d0 1 02 010004c4
[W] 010003d4 1 00 00000000
[W] 010003d8 1 01 23300000
[W] 010003dc 1 01 23300112
[W] 010003e0 0 00 010004d0
[W] 010003e4 1 1e 23300112
[W] 010003e8 1 1d 23300000
[W] 010003ec 1 1d 23300112
[W] 010003f0 1 00 23300112
[W] 010003f0 0 00 01000484
[W] 010003f4 1 04 00000002
[W] 010003f8 1 05 00000002
[W] 010003fc 0 00 010003cc
[W] 01000400 1 03 00000016
[W] 01000404 1 04 00000000
[W] 01000408 1 02 01000408
[W] 0100040c 1 02 010004c4
[W] 01000410 1 00 00000000
[W] 01000414 1 01 22330000
[W] 01000418 1 01 22330011
[W] 0100041c 1 00 00000000
[W] 01000420 0 00 010004d4
[W] 01000424 1 1e 22330011
[W] 01000428 1 1d 22330000
[W] 0100042c 1 1d 22330011
[W] 01000430 1 00 23300112
[W] 01000430 0 00 01000484
[W] 01000434 1 04 00000001
[W] 01000438 1 05 00000002
[W] 0100043c 0 00 01000408
[W] 01000440 1 00 00000000
[W] 00000000 1 00 00000000
[W] 01000408 1 02 01000408
[W] 0100040c 1 02 010004c4
[W] 01000410 1 00 00000000
[W] 01000414 1 01 22330000
[W] 01000418 1 01 22330011
[W] 0100041c 1 00 00000000
[W] 01000420 0 00 010004d4
[W] 01000424 1 1e 22330011
[W] 01000428 1 1d 22330000
[W] 0100042c 1 1d 22330011
[W] 01000430 1 00 22330011
[W] 01000430 0 00 01000484
[W] 01000434 1 04 00000002
[W] 01000438 1 05 00000002
[W] 0100043c 0 00 01000408
[W] 01000440 1 03 00000017
[W] 01000444 1 04 00000000
[W] 01000448 1 02 01000448
[W] 0100044c 1 02 010004c4
[W] 01000450 1 00 00000000
[W] 01000454 1 00 00000000
[W] 01000458 1 01 12233000
[W] 0100045c 1 01 12233001
[W] 01000460 0 00 010004d8
[W] 01000464 1 1e 12233001
[W] 01000468 1 1d 12233000
[W] 0100046c 1 1d 12233001
[W] 01000470 1 00 22330011
[W] 01000470 0 00 01000484
[W] 01000474 1 04 00000001
[W] 01000478 1 05 00000002
[W] 0100047c 0 00 01000448
[W] 01000480 1 00 00000000
[W] 00000000 1 00 00000000
[W] 01000448 1 02 01000448
[W] 0100044c 1 02 010004c4
[W] 01000450 1 00 00000000
[W] 01000454 1 00 00000000
[W] 01000458 1 01 12233000
[W] 0100045c 1 01 12233001
[W] 01000460 0 00 010004d8
[W] 01000464 1 1e 12233001
[W] 01000468 1 1d 12233000
[W] 0100046c 1 1d 12233001
[W] 01000470 1 00 12233001
[W] 01000470 0 00 01000484
[W] 01000474 1 04 00000002
[W] 01000478 1 05 00000002
[W] 0100047c 0 00 01000448
[W] 01000480 0 00 01000498
[W] 01000484 1 00 00000000
[W] 00000000 1 00 00000000
[W] 01000498 1 00 00000000
[W] 0100049c 1 03 00000001
[W] 010004a0 0 00 00000000
