[W] 00000000 0 00 00000000
[W] 00000000 0 00 00000000
[W] 00000000 0 00 00000000
[W] 00000000 0 00 00000000
[W] 01000000 1 03 00000002
[W] 01000004 1 01 00000000
[W] 01000008 1 04 0100000c
[W] 0100000c 1 00 00000000
[W] 00000000 1 00 00000000
[W] 01000018 1 02 01000018
[W] 0100001c 1 02 0100000c
[W] 01000020 0 00 01000054
[W] 01000024 1 01 00000001
[W] 01000028 1 00 0100002c
[W] 0100002c 1 00 00000000
[W] 00000000 1 00 00000000
[W] 0100003c 1 01 00000002
[W] 01000040 1 01 00000003
[W] 01000044 1 1d 00000003
[W] 01000048 1 03 00000003
[W] 0100004c 1 00 00000002
[W] 0100004c 1 00 00000003
[W] 0100004c 0 00 01000054
[W] 01000050 0 00 01000068
[W] 01000054 1 00 00000000
[W] 00000000 1 00 00000000
[W] 01000068 1 00 00000000
[W] 0100006c 1 03 00000001
[W] 01000070 0 00 00000000
