[W] 00000000 0 00 00000000
[W] 00000000 0 00 00000000
[W] 00000000 0 00 00000000
[W] 00000000 0 00 00000000
[W] 01000000 1 01 00ff1000
[W] 01000004 1 01 00ff0f00
[W] 01000008 1 1e ff00f00f
[W] 0100000c 1 1d ff00f000
[W] 01000010 1 1d ff00f00f
[W] 01000014 1 03 00000002
[W] 01000018 0 00 010001e4
[W] 0100001c 1 01 0ff01000
[W] 01000020 1 01 0ff00ff0
[W] 01000024 1 1e 0ff00f00
[W] 01000028 1 1d 0ff01000
[W] 0100002c 1 1d 0ff00f00
[W] 01000030 1 03 00000003
[W] 01000034 0 00 010001e4
[W] 01000038 1 01 00ff1000
[W] 0100003c 1 01 00ff08ff
[W] 01000040 1 1e 00ff0ff0
[W] 01000044 1 1d 00ff1000
[W] 01000048 1 1d 00ff0ff0
[W] 0100004c 1 03 00000004
[W] 01000050 0 00 010001e4
[W] 01000054 1 01 f00ff000
[W] 01000058 1 01 f00ff00f
[W] 0100005c 1 1e f00ff0ff
[W] 01000060 1 1d f00ff000
[W] 01000064 1 1d f00ff0ff
[W] 01000068 1 03 00000005
[W] 0100006c 0 00 010001e4
[W] 01000070 1 01 ff00f000
[W] 01000074 1 01 ff00f700
[W] 01000078 1 01 ff00f00f
[W] 0100007c 1 1d ff00f000
[W] 01000080 1 1d ff00f00f
[W] 01000084 1 03 00000006
[W] 01000088 0 00 010001e4
[W] 0100008c 1 04 00000000
[W] 01000090 1 01 0ff01000
[W] 01000094 1 01 0ff00ff0
[W] 01000098 1 1e 0ff00f00
[W] 0100009c 1 06 0ff00f00
[W] 010000a0 1 04 00000001
[W] 010000a4 1 05 00000002
[W] 010000a8 0 00 01000090
[W] 010000ac 1 00 00000000
[W] 00000000 1 00 00000000
[W] 01000090 1 01 0ff01000
[W] 01000094 1 01 0ff00ff0
[W] 01000098 1 1e 0ff00f00
[W] 0100009c 1 06 0ff00f00
[W] 010000a0 1 04 00000002
[W] 010000a4 1 05 00000002
[W] 010000a8 0 00 01000090
[W] 010000ac 1 1d 0ff01000
[W] 010000b0 1 1d 0ff00f00
[W] 010000b4 1 03 00000007
[W] 010000b8 0 00 010001e4
[W] 010000bc 1 04 00000000
[W] 010000c0 1 01 00ff1000
[W] 010000c4 1 01 00ff08ff
[W] 010000c8 1 1e 00ff0ff0
[W] 010000cc 1 00 00000000
[W] 010000d0 1 06 00ff0ff0
[W] 010000d4 1 04 00000001
[W] 010000d8 1 05 00000002
[W] 010000dc 0 00 010000c0
[W] 010000e0 1 00 00000000
[W] 00000000 1 00 00000000
[W] 010000c0 1 01 00ff1000
[W] 010000c4 1 01 00ff08ff
[W] 010000c8 1 1e 00ff0ff0
[W] 010000cc 1 00 00000000
[W] 010000d0 1 06 00ff0ff0
[W] 010000d4 1 04 00000002
[W] 010000d8 1 05 00000002
[W] 010000dc 0 00 010000c0
[W] 010000e0 1 1d 00ff1000
[W] 010000e4 1 1d 00ff0ff0
[W] 010000e8 1 03 00000008
[W] 010000ec 0 00 010001e4
[W] 010000f0 1 04 00000000
[W] 010000f4 1 01 f00ff000
[W] 010000f8 1 01 f00ff00f
[W] 010000fc 1 1e f00ff0ff
[W] 01000100 1 00 00000000
[W] 01000104 1 00 00000000
[W] 01000108 1 00 00ff0ff0
[W] 01000108 1 06 f00ff0ff
[W] 0100010c 1 04 00000001
[W] 01000110 1 05 00000002
[W] 01000114 0 00 010000f4
[W] 01000118 1 00 00000000
[W] 00000000 1 00 00000000
[W] 010000f4 1 01 f00ff000
[W] 010000f8 1 01 f00ff00f
[W] 010000fc 1 1e f00ff0ff
[W] 01000100 1 00 00000000
[W] 01000104 1 00 00000000
[W] 01000108 1 00 f00ff0ff
[W] 01000108 1 06 f00ff0ff
[W] 0100010c 1 04 00000002
[W] 01000110 1 05 00000002
[W] 01000114 0 00 010000f4
[W] 01000118 1 1d f00ff000
[W] 0100011c 1 1d f00ff0ff
[W] 01000120 1 03 00000009
[W] 01000124 0 00 010001e4
[W] 01000128 1 04 00000000
[W] 0100012c 1 01 0ff01000
[W] 01000130 1 01 0ff00ff0
[W] 01000134 1 1e 0ff00f00
[W] 01000138 1 04 00000001
[W] 0100013c 1 05 00000002
[W] 01000140 0 00 0100012c
[W] 01000144 1 00 00000000
[W] 00000000 1 00 00000000
[W] 0100012c 1 01 0ff01000
[W] 01000130 1 01 0ff00ff0
[W] 01000134 1 1e 0ff00f00
[W] 01000138 1 04 00000002
[W] 0100013c 1 05 00000002
[W] 01000140 0 00 0100012c
[W] 01000144 1 1d 0ff01000
[W] 01000148 1 1d 0ff00f00
[W] 0100014c 1 03 0000000a
[W] 01000150 0 00 010001e4
[W] 01000154 1 04 00000000
[W] 01000158 1 01 00ff1000
[W] 0100015c 1 01 00ff0fff
[W] 01000160 1 00 00000000
[W] 01000164 1 1e 00ff0ff0
[W] 01000168 1 04 00000001
[W] 0100016c 1 05 00000002
[W] 01000170 0 00 01000158
[W] 01000174 1 00 00000000
[W] 00000000 1 00 00000000
[W] 01000158 1 01 00ff1000
[W] 0100015c 1 01 00ff0fff
[W] 01000160 1 00 00000000
[W] 01000164 1 1e 00ff0ff0
[W] 01000168 1 04 00000002
[W] 0100016c 1 05 00000002
[W] 01000170 0 00 01000158
[W] 01000174 1 1d 00ff1000
[W] 01000178 1 1d 00ff0ff0
[W] 0100017c 1 03 0000000b
[W] 01000180 0 00 010001e4
[W] 01000184 1 04 00000000
[W] 01000188 1 01 f00ff000
[W] 0100018c 1 01 f00ff00f
[W] 01000190 1 00 00000000
[W] 01000194 1 00 00000000
[W] 01000198 1 00 f00ff000
[W] 01000198 1 1e f00ff0ff
[W] 0100019c 1 04 00000001
[W] 010001a0 1 05 00000002
[W] 010001a4 0 00 01000188
[W] 010001a8 1 00 00000000
[W] 00000000 1 00 00000000
[W] 01000188 1 01 f00ff000
[W] 0100018c 1 01 f00ff00f
[W] 01000190 1 00 00000000
[W] 01000194 1 00 00000000
[W] 01000198 1 00 f00ff000
[W] 01000198 1 1e f00ff0ff
[W] 0100019c 1 04 00000002
[W] 010001a0 1 05 00000002
[W] 010001a4 0 00 01000188
[W] 010001a8 1 1d f00ff000
[W] 010001ac 1 1d f00ff0ff
[W] 010001b0 1 03 0000000c
[W] 010001b4 0 00 010001e4
[W] 010001b8 1 01 000000f0
[W] 010001bc 1 1d 000000f0
[W] 010001c0 1 03 0000000d
[W] 010001c4 1 00 f00ff00f
[W] 010001c4 1 00 000000f0
[W] 010001c4 0 00 010001e4
[W] 010001c8 1 01 00ff0000
[W] 010001cc 1 01 00ff00ff
[W] 010001d0 1 00 00ff07f0
[W] 010001d4 1 1d 00000000
[W] 010001d8 1 03 0000000e
[W] 010001dc 0 00 010001e4
[W] 010001e0 0 00 010001f8
[W] 010001e4 1 00 00000000
[W] 00000000 1 00 00000000
[W] 010001f8 1 00 00000000
[W] 010001fc 1 03 00000001
[W] 01000200 0 00 00000000
