[W] 00000000 0 00 00000000
[W] 00000000 0 00 00000000
[W] 00000000 0 00 00000000
[W] 00000000 0 00 00000000
[W] 01000000 1 01 01000000
[W] 01000004 1 01 01000444
[W] 01000008 1 02 ffffffaa
[W] 0100000c 0 00 01000444
[W] 01000010 1 00 01000000
[W] 01000010 1 1e ffffffaa
[W] 01000014 1 1d ffffffaa
[W] 01000018 1 03 00000002
[W] 0100001c 1 00 00000000
[W] 0100001c 1 00 ffffffaa
[W] 0100001c 0 00 010003f4
[W] 01000020 1 01 01000020
[W] 01000024 1 01 01000444
[W] 01000028 1 02 00000000
[W] 0100002c 0 00 01000445
[W] 01000030 1 00 01000020
[W] 01000030 1 1e 00000000
[W] 01000034 1 1d 00000000
[W] 01000038 1 03 00000003
[W] 0100003c 1 00 ffffffaa
[W] 0100003c 1 00 00000000
[W] 0100003c 0 00 010003f4
[W] 01000040 1 01 01000040
[W] 01000044 1 01 01000444
[W] 01000048 1 02 fffff000
[W] 0100004c 1 02 ffffefa0
[W] 01000050 1 00 01000040
[W] 01000050 0 00 01000446
[W] 01000054 1 1e ffffefa0
[W] 01000058 1 1d fffff000
[W] 0100005c 1 1d ffffefa0
[W] 01000060 1 03 00000004
[W] 01000064 0 00 010003f4
[W] 01000068 1 01 01000068
[W] 0100006c 1 01 01000444
[W] 01000070 1 02 0000000a
[W] 01000074 0 00 01000447
[W] 01000078 1 00 01000068
[W] 01000078 1 1e 0000000a
[W] 0100007c 1 1d 0000000a
[W] 01000080 1 03 00000005
[W] 01000084 1 00 ffffefa0
[W] 01000084 1 00 0000000a
[W] 01000084 0 00 010003f4
[W] 01000088 1 01 01000088
[W] 0100008c 1 01 0100044b
[W] 01000090 1 02 ffffffaa
[W] 01000094 0 00 01000448
[W] 01000098 1 00 01000088
[W] 01000098 1 1e ffffffaa
[W] 0100009c 1 1d ffffffaa
[W] 010000a0 1 03 00000006
[W] 010000a4 1 00 0000000a
[W] 010000a4 1 00 ffffffaa
[W] 010000a4 0 00 010003f4
[W] 010000a8 1 01 010000a8
[W] 010000ac 1 01 0100044b
[W] 010000b0 1 02 00000000
[W] 010000b4 0 00 01000449
[W] 010000b8 1 00 010000a8
[W] 010000b8 1 1e 00000000
[W] 010000bc 1 1d 00000000
[W] 010000c0 1 03 00000007
[W] 010000c4 1 00 ffffffaa
[W] 010000c4 1 00 00000000
[W] 010000c4 0 00 010003f4
[W] 010000c8 1 01 010000c8
[W] 010000cc 1 01 0100044b
[W] 010000d0 1 02 ffffffa0
[W] 010000d4 0 00 0100044a
[W] 010000d8 1 00 010000c8
[W] 010000d8 1 1e ffffffa0
[W] 010000dc 1 1d ffffffa0
[W] 010000e0 1 03 00000008
[W] 010000e4 1 00 00000000
[W] 010000e4 1 00 ffffffa0
[W] 010000e4 0 00 010003f4
[W] 010000e8 1 01 010000e8
[W] 010000ec 1 01 0100044b
[W] 010000f0 1 02 0000000a
[W] 010000f4 0 00 0100044b
[W] 010000f8 1 00 010000e8
[W] 010000f8 1 1e 0000000a
[W] 010000fc 1 1d 0000000a
[W] 01000100 1 03 00000009
[W] 01000104 1 00 ffffffa0
[W] 01000104 1 00 0000000a
[W] 01000104 0 00 010003f4
[W] 01000108 1 01 01000108
[W] 0100010c 1 01 0100044c
[W] 01000110 1 02 12345000
[W] 01000114 1 02 12345678
[W] 01000118 1 00 01000108
[W] 01000118 1 04 0100042c
[W] 0100011c 1 00 00000000
[W] 0100011c 0 00 0100044c
[W] 01000120 1 05 00000078
[W] 01000124 1 1d 00000078
[W] 01000128 1 03 0000000a
[W] 0100012c 1 00 00000000
[W] 0100012c 1 00 00000078
[W] 0100012c 0 00 010003f4
[W] 01000130 1 01 01000130
[W] 01000134 1 01 0100044c
[W] 01000138 1 02 00003000
[W] 0100013c 1 02 00003098
[W] 01000140 1 00 01000130
[W] 01000140 1 01 01000446
[W] 01000144 1 00 0100044c
[W] 01000144 0 00 0100044d
[W] 01000148 1 04 01000148
[W] 0100014c 1 04 0100044d
[W] 01000150 1 05 ffffff98
[W] 01000154 1 1d ffffff98
[W] 01000158 1 03 0000000b
[W] 0100015c 1 00 00000078
[W] 0100015c 1 00 ffffff98
[W] 0100015c 0 00 010003f4
[W] 01000160 1 03 0000000c
[W] 01000164 1 04 00000000
[W] 01000168 1 01 ffffffdd
[W] 0100016c 1 02 0100016c
[W] 01000170 1 02 01000444
[W] 01000174 1 00 00003098
[W] 01000174 0 00 01000444
[W] 01000178 1 00 0100016c
[W] 01000178 1 1e ffffffdd
[W] 0100017c 1 1d ffffffdd
[W] 01000180 0 00 010003f4
[W] 01000184 1 04 00000001
[W] 01000188 1 05 00000002
[W] 0100018c 0 00 01000168
[W] 01000190 1 00 00000000
[W] 00000000 1 00 00000000
[W] 01000168 1 01 ffffffdd
[W] 0100016c 1 02 0100016c
[W] 01000170 1 02 01000444
[W] 01000174 1 00 01000444
[W] 01000174 0 00 01000444
[W] 01000178 1 00 0100016c
[W] 01000178 1 1e ffffffdd
[W] 0100017c 1 1d ffffffdd
[W] 01000180 0 00 010003f4
[W] 01000184 1 04 00000002
[W] 01000188 1 05 00000002
[W] 0100018c 0 00 01000168
[W] 01000190 1 03 0000000d
[W] 01000194 1 04 00000000
[W] 01000198 1 01 ffffffcd
[W] 0100019c 1 02 0100019c
[W] 010001a0 1 02 01000444
[W] 010001a4 1 00 00000000
[W] 010001a8 0 00 01000445
[W] 010001ac 1 00 0100019c
[W] 010001ac 1 1e ffffffcd
[W] 010001b0 1 1d ffffffcd
[W] 010001b4 0 00 010003f4
[W] 010001b8 1 04 00000001
[W] 010001bc 1 05 00000002
[W] 010001c0 0 00 01000198
[W] 010001c4 1 00 00000000
[W] 00000000 1 00 00000000
[W] 01000198 1 01 ffffffcd
[W] 0100019c 1 02 0100019c
[W] 010001a0 1 02 01000444
[W] 010001a4 1 00 00000000
[W] 010001a8 0 00 01000445
[W] 010001ac 1 00 0100019c
[W] 010001ac 1 1e ffffffcd
[W] 010001b0 1 1d ffffffcd
[W] 010001b4 0 00 010003f4
[W] 010001b8 1 04 00000002
[W] 010001bc 1 05 00000002
[W] 010001c0 0 00 01000198
[W] 010001c4 1 03 0000000e
[W] 010001c8 1 04 00000000
[W] 010001cc 1 01 ffffffcc
[W] 010001d0 1 02 010001d0
[W] 010001d4 1 02 01000444
[W] 010001d8 1 00 00000000
[W] 010001dc 1 00 00000000
[W] 010001e0 1 00 010001d0
[W] 010001e0 0 00 01000446
[W] 010001e4 1 1e ffffffcc
[W] 010001e8 1 1d ffffffcc
[W] 010001ec 0 00 010003f4
[W] 010001f0 1 04 00000001
[W] 010001f4 1 05 00000002
[W] 010001f8 0 00 010001cc
[W] 010001fc 1 00 00000000
[W] 00000000 1 00 00000000
[W] 010001cc 1 01 ffffffcc
[W] 010001d0 1 02 010001d0
[W] 010001d4 1 02 01000444
[W] 010001d8 1 00 00000000
[W] 010001dc 1 00 00000000
[W] 010001e0 1 00 010001d0
[W] 010001e0 0 00 01000446
[W] 010001e4 1 1e ffffffcc
[W] 010001e8 1 1d ffffffcc
[W] 010001ec 0 00 010003f4
[W] 010001f0 1 04 00000002
[W] 010001f4 1 05 00000002
[W] 010001f8 0 00 010001cc
[W] 010001fc 1 03 0000000f
[W] 01000200 1 04 00000000
[W] 01000204 1 01 ffffffbc
[W] 01000208 1 00 00000000
[W] 0100020c 1 02 0100020c
[W] 01000210 1 02 01000444
[W] 01000214 0 00 01000447
[W] 01000218 1 1e ffffffbc
[W] 0100021c 1 1d ffffffbc
[W] 01000220 0 00 010003f4
[W] 01000224 1 04 00000001
[W] 01000228 1 05 00000002
[W] 0100022c 0 00 01000204
[W] 01000230 1 00 00000000
[W] 00000000 1 00 00000000
[W] 01000204 1 01 ffffffbc
[W] 01000208 1 00 00000000
[W] 0100020c 1 02 0100020c
[W] 01000210 1 02 01000444
[W] 01000214 0 00 01000447
[W] 01000218 1 1e ffffffbc
[W] 0100021c 1 1d ffffffbc
[W] 01000220 0 00 010003f4
[W] 01000224 1 04 00000002
[W] 01000228 1 05 00000002
[W] 0100022c 0 00 01000204
[W] 01000230 1 03 00000010
[W] 01000234 1 04 00000000
[W] 01000238 1 01 ffffffbb
[W] 0100023c 1 00 00000000
[W] 01000240 1 02 01000240
[W] 01000244 1 02 01000444
[W] 01000248 1 00 00000000
[W] 0100024c 0 00 01000448
[W] 01000250 1 00 01000240
[W] 01000250 1 1e ffffffbb
[W] 01000254 1 1d ffffffbb
[W] 01000258 0 00 010003f4
[W] 0100025c 1 04 00000001
[W] 01000260 1 05 00000002
[W] 01000264 0 00 01000238
[W] 01000268 1 00 00000000
[W] 00000000 1 00 00000000
[W] 01000238 1 01 ffffffbb
[W] 0100023c 1 00 00000000
[W] 01000240 1 02 01000240
[W] 01000244 1 02 01000444
[W] 01000248 1 00 00000000
[W] 0100024c 0 00 01000448
[W] 01000250 1 00 01000240
[W] 01000250 1 1e ffffffbb
[W] 01000254 1 1d ffffffbb
[W] 01000258 0 00 010003f4
[W] 0100025c 1 04 00000002
[W] 01000260 1 05 00000002
[W] 01000264 0 00 01000238
[W] 01000268 1 03 00000011
[W] 0100026c 1 04 00000000
[W] 01000270 1 01 ffffffab
[W] 01000274 1 00 00000000
[W] 01000278 1 00 00000000
[W] 0100027c 1 02 0100027c
[W] 01000280 1 02 01000444
[W] 01000284 0 00 01000449
[W] 01000288 1 1e ffffffab
[W] 0100028c 1 1d ffffffab
[W] 01000290 0 00 010003f4
[W] 01000294 1 04 00000001
[W] 01000298 1 05 00000002
[W] 0100029c 0 00 01000270
[W] 010002a0 1 00 00000000
[W] 00000000 1 00 00000000
[W] 01000270 1 01 ffffffab
[W] 01000274 1 00 00000000
[W] 01000278 1 00 00000000
[W] 0100027c 1 02 0100027c
[W] 01000280 1 02 01000444
[W] 01000284 0 00 01000449
[W] 01000288 1 1e ffffffab
[W] 0100028c 1 1d ffffffab
[W] 01000290 0 00 010003f4
[W] 01000294 1 04 00000002
[W] 01000298 1 05 00000002
[W] 0100029c 0 00 01000270
[W] 010002a0 1 03 00000012
[W] 010002a4 1 04 00000000
[W] 010002a8 1 02 010002a8
[W] 010002ac 1 02 01000444
[W] 010002b0 1 01 00000033
[W] 010002b4 0 00 01000444
[W] 010002b8 1 00 010002a8
[W] 010002b8 1 1e 00000033
[W] 010002bc 1 1d 00000033
[W] 010002c0 0 00 010003f4
[W] 010002c4 1 04 00000001
[W] 010002c8 1 05 00000002
[W] 010002cc 0 00 010002a8
[W] 010002d0 1 00 00000000
[W] 00000000 1 00 00000000
[W] 010002a8 1 02 010002a8
[W] 010002ac 1 02 01000444
[W] 010002b0 1 01 00000033
[W] 010002b4 0 00 01000444
[W] 010002b8 1 00 010002a8
[W] 010002b8 1 1e 00000033
[W] 010002bc 1 1d 00000033
[W] 010002c0 0 00 010003f4
[W] 010002c4 1 04 00000002
[W] 010002c8 1 05 00000002
[W] 010002cc 0 00 010002a8
[W] 010002d0 1 03 00000013
[W] 010002d4 1 04 00000000
[W] 010002d8 1 02 010002d8
[W] 010002dc 1 02 01000444
[W] 010002e0 1 01 00000023
[W] 010002e4 1 00 00000000
[W] 010002e8 1 00 010002d8
[W] 010002e8 1 00 01000444
[W] 010002e8 0 00 01000445
[W] 010002ec 1 1e 00000023
[W] 010002f0 1 1d 00000023
[W] 010002f4 0 00 010003f4
[W] 010002f8 1 04 00000001
[W] 010002fc 1 05 00000002
[W] 01000300 0 00 010002d8
[W] 01000304 1 00 00000000
[W] 00000000 1 00 00000000
[W] 010002d8 1 02 010002d8
[W] 010002dc 1 02 01000444
[W] 010002e0 1 01 00000023
[W] 010002e4 1 00 00000000
[W] 010002e8 1 00 010002d8
[W] 010002e8 1 00 01000444
[W] 010002e8 0 00 01000445
[W] 010002ec 1 1e 00000023
[W] 010002f0 1 1d 00000023
[W] 010002f4 0 00 010003f4
[W] 010002f8 1 04 00000002
[W] 010002fc 1 05 00000002
[W] 01000300 0 00 010002d8
[W] 01000304 1 03 00000014
[W] 01000308 1 04 00000000
[W] 0100030c 1 02 0100030c
[W] 01000310 1 02 01000444
[W] 01000314 1 01 00000022
[W] 01000318 1 00 00000000
[W] 0100031c 1 00 00000000
[W] 01000320 1 00 01000444
[W] 01000320 0 00 01000446
[W] 01000324 1 1e 00000022
[W] 01000328 1 1d 00000022
[W] 0100032c 0 00 010003f4
[W] 01000330 1 04 00000001
[W] 01000334 1 05 00000002
[W] 01000338 0 00 0100030c
[W] 0100033c 1 00 00000000
[W] 00000000 1 00 00000000
[W] 0100030c 1 02 0100030c
[W] 01000310 1 02 01000444
[W] 01000314 1 01 00000022
[W] 01000318 1 00 00000000
[W] 0100031c 1 00 00000000
[W] 01000320 1 00 01000444
[W] 01000320 0 00 01000446
[W] 01000324 1 1e 00000022
[W] 01000328 1 1d 00000022
[W] 0100032c 0 00 010003f4
[W] 01000330 1 04 00000002
[W] 01000334 1 05 00000002
[W] 01000338 0 00 0100030c
[W] 0100033c 1 03 00000015
[W] 01000340 1 04 00000000
[W] 01000344 1 02 01000344
[W] 01000348 1 02 01000444
[W] 0100034c 1 00 00000000
[W] 01000350 1 01 00000012
[W] 01000354 1 00 01000344
[W] 01000354 0 00 01000447
[W] 01000358 1 1e 00000012
[W] 0100035c 1 1d 00000012
[W] 01000360 0 00 010003f4
[W] 01000364 1 04 00000001
[W] 01000368 1 05 00000002
[W] 0100036c 0 00 01000344
[W] 01000370 1 00 00000000
[W] 00000000 1 00 00000000
[W] 01000344 1 02 01000344
[W] 01000348 1 02 01000444
[W] 0100034c 1 00 00000000
[W] 01000350 1 01 00000012
[W] 01000354 1 00 01000344
[W] 01000354 0 00 01000447
[W] 01000358 1 1e 00000012
[W] 0100035c 1 1d 00000012
[W] 01000360 0 00 010003f4
[W] 01000364 1 04 00000002
[W] 01000368 1 05 00000002
[W] 0100036c 0 00 01000344
[W] 01000370 1 03 00000016
[W] 01000374 1 04 00000000
[W] 01000378 1 02 01000378
[W] 0100037c 1 02 01000444
[W] 01000380 1 00 00000000
[W] 01000384 1 01 00000011
[W] 01000388 1 00 00000000
[W] 0100038c 0 00 01000448
[W] 01000390 1 1e 00000011
[W] 01000394 1 1d 00000011
[W] 01000398 0 00 010003f4
[W] 0100039c 1 04 00000001
[W] 010003a0 1 05 00000002
[W] 010003a4 0 00 01000378
[W] 010003a8 1 00 00000000
[W] 00000000 1 00 00000000
[W] 01000378 1 02 01000378
[W] 0100037c 1 02 01000444
[W] 01000380 1 00 00000000
[W] 01000384 1 01 00000011
[W] 01000388 1 00 00000000
[W] 0100038c 0 00 01000448
[W] 01000390 1 1e 00000011
[W] 01000394 1 1d 00000011
[W] 01000398 0 00 010003f4
[W] 0100039c 1 04 00000002
[W] 010003a0 1 05 00000002
[W] 010003a4 0 00 01000378
[W] 010003a8 1 03 00000017
[W] 010003ac 1 04 00000000
[W] 010003b0 1 02 010003b0
[W] 010003b4 1 02 01000444
[W] 010003b8 1 00 00000000
[W] 010003bc 1 00 00000000
[W] 010003c0 1 01 00000001
[W] 010003c4 0 00 01000449
[W] 010003c8 1 1e 00000001
[W] 010003cc 1 1d 00000001
[W] 010003d0 0 00 010003f4
[W] 010003d4 1 04 00000001
[W] 010003d8 1 05 00000002
[W] 010003dc 0 00 010003b0
[W] 010003e0 1 00 00000000
[W] 00000000 1 00 00000000
[W] 010003b0 1 02 010003b0
[W] 010003b4 1 02 01000444
[W] 010003b8 1 00 00000000
[W] 010003bc 1 00 00000000
[W] 010003c0 1 01 00000001
[W] 010003c4 0 00 01000449
[W] 010003c8 1 1e 00000001
[W] 010003cc 1 1d 00000001
[W] 010003d0 0 00 010003f4
[W] 010003d4 1 04 00000002
[W] 010003d8 1 05 00000002
[W] 010003dc 0 00 010003b0
[W] 010003e0 1 0a 000000ef
[W] 010003e4 1 0b 010003e4
[W] 010003e8 1 0b 01000444
[W] 010003ec 1 00 00000000
[W] 010003ec 0 00 01000447
[W] 010003f0 0 00 01000408
[W] 010003f4 1 00 00000000
[W] 00000000 1 00 00000000
[W] 01000408 1 00 00000000
[W] 0100040c 1 03 00000001
[W] 01000410 0 00 00000000
