[W] 00000000 0 00 00000000
[W] 00000000 0 00 00000000
[W] 00000000 0 00 00000000
[W] 00000000 0 00 00000000
[W] 01000000 1 01 00000001
[W] 01000004 1 02 00000000
[W] 01000008 1 1e 00000001
[W] 0100000c 1 1d 00000001
[W] 01000010 1 03 00000002
[W] 01000014 1 00 00000000
[W] 01000014 1 00 00000001
[W] 01000014 0 00 01000550
[W] 01000018 1 01 00000001
[W] 0100001c 1 02 00000001
[W] 01000020 1 1e 00000002
[W] 01000024 1 1d 00000002
[W] 01000028 1 03 00000003
[W] 0100002c 1 00 00000001
[W] 0100002c 1 00 00000002
[W] 0100002c 0 00 01000550
[W] 01000030 1 01 00000001
[W] 01000034 1 02 00000007
[W] 01000038 1 1e 00000080
[W] 0100003c 1 1d 00000080
[W] 01000040 1 03 00000004
[W] 01000044 1 00 00000002
[W] 01000044 1 00 00000080
[W] 01000044 0 00 01000550
[W] 01000048 1 01 00000001
[W] 0100004c 1 02 0000000e
[W] 01000050 1 1e 00004000
[W] 01000054 1 1d 00004000
[W] 01000058 1 03 00000005
[W] 0100005c 1 00 00000080
[W] 0100005c 1 00 00004000
[W] 0100005c 0 00 01000550
[W] 01000060 1 01 00000001
[W] 01000064 1 02 0000001f
[W] 01000068 1 1e 80000000
[W] 0100006c 1 1d 80000000
[W] 01000070 1 03 00000006
[W] 01000074 1 00 00004000
[W] 01000074 1 00 80000000
[W] 01000074 0 00 01000550
[W] 01000078 1 01 ffffffff
[W] 0100007c 1 02 00000000
[W] 01000080 1 1e ffffffff
[W] 01000084 1 1d ffffffff
[W] 01000088 1 03 00000007
[W] 0100008c 1 00 80000000
[W] 0100008c 1 00 ffffffff
[W] 0100008c 0 00 01000550
[W] 01000090 1 01 ffffffff
[W] 01000094 1 02 00000001
[W] 01000098 1 1e fffffffe
[W] 0100009c 1 1d fffffffe
[W] 010000a0 1 03 00000008
[W] 010000a4 1 00 ffffffff
[W] 010000a4 1 00 fffffffe
[W] 010000a4 0 00 01000550
[W] 010000a8 1 01 ffffffff
[W] 010000ac 1 02 00000007
[W] 010000b0 1 1e ffffff80
[W] 010000b4 1 1d ffffff80
[W] 010000b8 1 03 00000009
[W] 010000bc 1 00 fffffffe
[W] 010000bc 1 00 ffffff80
[W] 010000bc 0 00 01000550
[W] 010000c0 1 01 ffffffff
[W] 010000c4 1 02 0000000e
[W] 010000c8 1 1e ffffc000
[W] 010000cc 1 1d ffffc000
[W] 010000d0 1 03 0000000a
[W] 010000d4 1 00 ffffff80
[W] 010000d4 1 00 ffffc000
[W] 010000d4 0 00 01000550
[W] 010000d8 1 01 ffffffff
[W] 010000dc 1 02 0000001f
[W] 010000e0 1 1e 80000000
[W] 010000e4 1 1d 80000000
[W] 010000e8 1 03 0000000b
[W] 010000ec 1 00 ffffc000
[W] 010000ec 1 00 80000000
[W] 010000ec 0 00 01000550
[W] 010000f0 1 01 21212000
[W] 010000f4 1 01 21212121
[W] 010000f8 1 02 00000000
[W] 010000fc 1 1e 21212121
[W] 01000100 1 1d 21212000
[W] 01000104 1 1d 21212121
[W] 01000108 1 03 0000000c
[W] 0100010c 0 00 01000550
[W] 01000110 1 01 21212000
[W] 01000114 1 01 21212121
[W] 01000118 1 02 00000001
[W] 0100011c 1 1e 42424242
[W] 01000120 1 1d 42424000
[W] 01000124 1 1d 42424242
[W] 01000128 1 03 0000000d
[W] 0100012c 0 00 01000550
[W] 01000130 1 01 21212000
[W] 01000134 1 01 21212121
[W] 01000138 1 02 00000007
[W] 0100013c 1 1e 90909080
[W] 01000140 1 1d 90909000
[W] 01000144 1 1d 90909080
[W] 01000148 1 03 0000000e
[W] 0100014c 0 00 01000550
[W] 01000150 1 01 21212000
[W] 01000154 1 01 21212121
[W] 01000158 1 02 0000000e
[W] 0100015c 1 1e 48484000
[W] 01000160 1 1d 48484000
[W] 01000164 1 03 0000000f
[W] 01000168 1 00 90909080
[W] 01000168 1 00 48484000
[W] 01000168 0 00 01000550
[W] 0100016c 1 01 21212000
[W] 01000170 1 01 21212121
[W] 01000174 1 02 0000001f
[W] 01000178 1 1e 80000000
[W] 0100017c 1 1d 80000000
[W] 01000180 1 03 00000010
[W] 01000184 1 00 48484000
[W] 01000184 1 00 80000000
[W] 01000184 0 00 01000550
[W] 01000188 1 01 21212000
[W] 0100018c 1 01 21212121
[W] 01000190 1 02 ffffffc0
[W] 01000194 1 1e 21212121
[W] 01000198 1 1d 21212000
[W] 0100019c 1 1d 21212121
[W] 010001a0 1 03 00000011
[W] 010001a4 0 00 01000550
[W] 010001a8 1 01 21212000
[W] 010001ac 1 01 21212121
[W] 010001b0 1 02 ffffffc1
[W] 010001b4 1 1e 42424242
[W] 010001b8 1 1d 42424000
[W] 010001bc 1 1d 42424242
[W] 010001c0 1 03 00000012
[W] 010001c4 0 00 01000550
[W] 010001c8 1 01 21212000
[W] 010001cc 1 01 21212121
[W] 010001d0 1 02 ffffffc7
[W] 010001d4 1 1e 90909080
[W] 010001d8 1 1d 90909000
[W] 010001dc 1 1d 90909080
[W] 010001e0 1 03 00000013
[W] 010001e4 0 00 01000550
[W] 010001e8 1 01 21212000
[W] 010001ec 1 01 21212121
[W] 010001f0 1 02 ffffffce
[W] 010001f4 1 1e 48484000
[W] 010001f8 1 1d 48484000
[W] 010001fc 1 03 00000014
[W] 01000200 1 00 90909080
[W] 01000200 1 00 48484000
[W] 01000200 0 00 01000550
[W] 01000204 1 01 00000001
[W] 01000208 1 02 00000007
[W] 0100020c 1 01 00000080
[W] 01000210 1 1d 00000080
[W] 01000214 1 03 00000016
[W] 01000218 1 00 00000001
[W] 01000218 1 00 00000080
[W] 01000218 0 00 01000550
[W] 0100021c 1 01 00000001
[W] 01000220 1 02 0000000e
[W] 01000224 1 02 00004000
[W] 01000228 1 1d 00004000
[W] 0100022c 1 03 00000017
[W] 01000230 1 00 0000000e
[W] 01000230 1 00 00004000
[W] 01000230 0 00 01000550
[W] 01000234 1 01 00000003
[W] 01000238 1 01 00000018
[W] 0100023c 1 1d 00000018
[W] 01000240 1 03 00000018
[W] 01000244 1 00 00000003
[W] 01000244 1 00 00000018
[W] 01000244 0 00 01000550
[W] 01000248 1 04 00000000
[W] 0100024c 1 01 00000001
[W] 01000250 1 02 00000007
[W] 01000254 1 1e 00000080
[W] 01000258 1 06 00000080
[W] 0100025c 1 04 00000001
[W] 01000260 1 05 00000002
[W] 01000264 0 00 0100024c
[W] 01000268 1 00 00000000
[W] 00000000 1 00 00000000
[W] 0100024c 1 01 00000001
[W] 01000250 1 02 00000007
[W] 01000254 1 1e 00000080
[W] 01000258 1 06 00000080
[W] 0100025c 1 04 00000002
[W] 01000260 1 05 00000002
[W] 01000264 0 00 0100024c
[W] 01000268 1 1d 00000080
[W] 0100026c 1 03 00000019
[W] 01000270 0 00 01000550
[W] 01000274 1 04 00000000
[W] 01000278 1 01 00000001
[W] 0100027c 1 02 0000000e
[W] 01000280 1 1e 00004000
[W] 01000284 1 00 00000000
[W] 01000288 1 06 00004000
[W] 0100028c 1 04 00000001
[W] 01000290 1 05 00000002
[W] 01000294 0 00 01000278
[W] 01000298 1 00 00000000
[W] 00000000 1 00 00000000
[W] 01000278 1 01 00000001
[W] 0100027c 1 02 0000000e
[W] 01000280 1 1e 00004000
[W] 01000284 1 00 00000000
[W] 01000288 1 06 00004000
[W] 0100028c 1 04 00000002
[W] 01000290 1 05 00000002
[W] 01000294 0 00 01000278
[W] 01000298 1 1d 00004000
[W] 0100029c 1 03 0000001a
[W] 010002a0 0 00 01000550
[W] 010002a4 1 04 00000000
[W] 010002a8 1 01 00000001
[W] 010002ac 1 02 0000001f
[W] 010002b0 1 1e 80000000
[W] 010002b4 1 00 00000000
[W] 010002b8 1 00 00000000
[W] 010002bc 1 00 00004000
[W] 010002bc 1 06 80000000
[W] 010002c0 1 04 00000001
[W] 010002c4 1 05 00000002
[W] 010002c8 0 00 010002a8
[W] 010002cc 1 00 00000000
[W] 00000000 1 00 00000000
[W] 010002a8 1 01 00000001
[W] 010002ac 1 02 0000001f
[W] 010002b0 1 1e 80000000
[W] 010002b4 1 00 00000000
[W] 010002b8 1 00 00000000
[W] 010002bc 1 00 80000000
[W] 010002bc 1 06 80000000
[W] 010002c0 1 04 00000002
[W] 010002c4 1 05 00000002
[W] 010002c8 0 00 010002a8
[W] 010002cc 1 1d 80000000
[W] 010002d0 1 03 0000001b
[W] 010002d4 0 00 01000550
[W] 010002d8 1 04 00000000
[W] 010002dc 1 01 00000001
[W] 010002e0 1 02 00000007
[W] 010002e4 1 1e 00000080
[W] 010002e8 1 04 00000001
[W] 010002ec 1 05 00000002
[W] 010002f0 0 00 010002dc
[W] 010002f4 1 00 00000000
[W] 00000000 1 00 00000000
[W] 010002dc 1 01 00000001
[W] 010002e0 1 02 00000007
[W] 010002e4 1 1e 00000080
[W] 010002e8 1 04 00000002
[W] 010002ec 1 05 00000002
[W] 010002f0 0 00 010002dc
[W] 010002f4 1 1d 00000080
[W] 010002f8 1 03 0000001c
[W] 010002fc 0 00 01000550
[W] 01000300 1 04 00000000
[W] 01000304 1 01 00000001
[W] 01000308 1 02 0000000e
[W] 0100030c 1 00 00000000
[W] 01000310 1 00 00000001
[W] 01000310 1 00 00000001
[W] 01000310 1 1e 00004000
[W] 01000314 1 04 00000001
[W] 01000318 1 05 00000002
[W] 0100031c 0 00 01000304
[W] 01000320 1 00 00000000
[W] 00000000 1 00 00000000
[W] 01000304 1 01 00000001
[W] 01000308 1 02 0000000e
[W] 0100030c 1 00 00000000
[W] 01000310 1 00 00000001
[W] 01000310 1 00 00000001
[W] 01000310 1 1e 00004000
[W] 01000314 1 04 00000002
[W] 01000318 1 05 00000002
[W] 0100031c 0 00 01000304
[W] 01000320 1 1d 00004000
[W] 01000324 1 03 0000001d
[W] 01000328 0 00 01000550
[W] 0100032c 1 04 00000000
[W] 01000330 1 01 00000001
[W] 01000334 1 02 0000001f
[W] 01000338 1 00 00000000
[W] 0100033c 1 00 00000000
[W] 01000340 1 00 00000001
[W] 01000340 1 1e 80000000
[W] 01000344 1 04 00000001
[W] 01000348 1 05 00000002
[W] 0100034c 0 00 01000330
[W] 01000350 1 00 00000000
[W] 00000000 1 00 00000000
[W] 01000330 1 01 00000001
[W] 01000334 1 02 0000001f
[W] 01000338 1 00 00000000
[W] 0100033c 1 00 00000000
[W] 01000340 1 00 00000001
[W] 01000340 1 1e 80000000
[W] 01000344 1 04 00000002
[W] 01000348 1 05 00000002
[W] 0100034c 0 00 01000330
[W] 01000350 1 1d 80000000
[W] 01000354 1 03 0000001e
[W] 01000358 0 00 01000550
[W] 0100035c 1 04 00000000
[W] 01000360 1 01 00000001
[W] 01000364 1 00 00000000
[W] 01000368 1 02 00000007
[W] 0100036c 1 00 00000001
[W] 0100036c 1 1e 00000080
[W] 01000370 1 04 00000001
[W] 01000374 1 05 00000002
[W] 01000378 0 00 01000360
[W] 0100037c 1 00 00000000
[W] 00000000 1 00 00000000
[W] 01000360 1 01 00000001
[W] 01000364 1 00 00000000
[W] 01000368 1 02 00000007
[W] 0100036c 1 00 00000001
[W] 0100036c 1 1e 00000080
[W] 01000370 1 04 00000002
[W] 01000374 1 05 00000002
[W] 01000378 0 00 01000360
[W] 0100037c 1 1d 00000080
[W] 01000380 1 03 0000001f
[W] 01000384 0 00 01000550
[W] 01000388 1 04 00000000
[W] 0100038c 1 01 00000001
[W] 01000390 1 00 00000000
[W] 01000394 1 02 0000000e
[W] 01000398 1 00 00000000
[W] 0100039c 1 1e 00004000
[W] 010003a0 1 04 00000001
[W] 010003a4 1 05 00000002
[W] 010003a8 0 00 0100038c
[W] 010003ac 1 00 00000000
[W] 00000000 1 00 00000000
[W] 0100038c 1 01 00000001
[W] 01000390 1 00 00000000
[W] 01000394 1 02 0000000e
[W] 01000398 1 00 00000000
[W] 0100039c 1 1e 00004000
[W] 010003a0 1 04 00000002
[W] 010003a4 1 05 00000002
[W] 010003a8 0 00 0100038c
[W] 010003ac 1 1d 00004000
[W] 010003b0 1 03 00000020
[W] 010003b4 0 00 01000550
[W] 010003b8 1 04 00000000
[W] 010003bc 1 01 00000001
[W] 010003c0 1 00 00000000
[W] 010003c4 1 00 00000000
[W] 010003c8 1 02 0000001f
[W] 010003cc 1 1e 80000000
[W] 010003d0 1 04 00000001
[W] 010003d4 1 05 00000002
[W] 010003d8 0 00 010003bc
[W] 010003dc 1 00 00000000
[W] 00000000 1 00 00000000
[W] 010003bc 1 01 00000001
[W] 010003c0 1 00 00000000
[W] 010003c4 1 00 00000000
[W] 010003c8 1 02 0000001f
[W] 010003cc 1 1e 80000000
[W] 010003d0 1 04 00000002
[W] 010003d4 1 05 00000002
[W] 010003d8 0 00 010003bc
[W] 010003dc 1 1d 80000000
[W] 010003e0 1 03 00000021
[W] 010003e4 0 00 01000550
[W] 010003e8 1 04 00000000
[W] 010003ec 1 02 00000007
[W] 010003f0 1 01 00000001
[W] 010003f4 1 1e 00000080
[W] 010003f8 1 04 00000001
[W] 010003fc 1 05 00000002
[W] 01000400 0 00 010003ec
[W] 01000404 1 00 00000000
[W] 00000000 1 00 00000000
[W] 010003ec 1 02 00000007
[W] 010003f0 1 01 00000001
[W] 010003f4 1 1e 00000080
[W] 010003f8 1 04 00000002
[W] 010003fc 1 05 00000002
[W] 01000400 0 00 010003ec
[W] 01000404 1 1d 00000080
[W] 01000408 1 03 00000022
[W] 0100040c 0 00 01000550
[W] 01000410 1 04 00000000
[W] 01000414 1 02 0000000e
[W] 01000418 1 01 00000001
[W] 0100041c 1 00 00000000
[W] 01000420 1 00 00000001
[W] 01000420 1 00 00000001
[W] 01000420 1 1e 00004000
[W] 01000424 1 04 00000001
[W] 01000428 1 05 00000002
[W] 0100042c 0 00 01000414
[W] 01000430 1 00 00000000
[W] 00000000 1 00 00000000
[W] 01000414 1 02 0000000e
[W] 01000418 1 01 00000001
[W] 0100041c 1 00 00000000
[W] 01000420 1 00 00000001
[W] 01000420 1 00 00000001
[W] 01000420 1 1e 00004000
[W] 01000424 1 04 00000002
[W] 01000428 1 05 00000002
[W] 0100042c 0 00 01000414
[W] 01000430 1 1d 00004000
[W] 01000434 1 03 00000023
[W] 01000438 0 00 01000550
[W] 0100043c 1 04 00000000
[W] 01000440 1 02 0000001f
[W] 01000444 1 01 00000001
[W] 01000448 1 00 00000000
[W] 0100044c 1 00 00000000
[W] 01000450 1 00 00000001
[W] 01000450 1 1e 80000000
[W] 01000454 1 04 00000001
[W] 01000458 1 05 00000002
[W] 0100045c 0 00 01000440
[W] 01000460 1 00 00000000
[W] 00000000 1 00 00000000
[W] 01000440 1 02 0000001f
[W] 01000444 1 01 00000001
[W] 01000448 1 00 00000000
[W] 0100044c 1 00 00000000
[W] 01000450 1 00 00000001
[W] 01000450 1 1e 80000000
[W] 01000454 1 04 00000002
[W] 01000458 1 05 00000002
[W] 0100045c 0 00 01000440
[W] 01000460 1 1d 80000000
[W] 01000464 1 03 00000024
[W] 01000468 0 00 01000550
[W] 0100046c 1 04 00000000
[W] 01000470 1 02 00000007
[W] 01000474 1 00 00000000
[W] 01000478 1 01 00000001
[W] 0100047c 1 00 00000001
[W] 0100047c 1 1e 00000080
[W] 01000480 1 04 00000001
[W] 01000484 1 05 00000002
[W] 01000488 0 00 01000470
[W] 0100048c 1 00 00000000
[W] 00000000 1 00 00000000
[W] 01000470 1 02 00000007
[W] 01000474 1 00 00000000
[W] 01000478 1 01 00000001
[W] 0100047c 1 00 00000001
[W] 0100047c 1 1e 00000080
[W] 01000480 1 04 00000002
[W] 01000484 1 05 00000002
[W] 01000488 0 00 01000470
[W] 0100048c 1 1d 00000080
[W] 01000490 1 03 00000025
[W] 01000494 0 00 01000550
[W] 01000498 1 04 00000000
[W] 0100049c 1 02 0000000e
[W] 010004a0 1 00 00000000
[W] 010004a4 1 01 00000001
[W] 010004a8 1 00 00000000
[W] 010004ac 1 1e 00004000
[W] 010004b0 1 04 00000001
[W] 010004b4 1 05 00000002
[W] 010004b8 0 00 0100049c
[W] 010004bc 1 00 00000000
[W] 00000000 1 00 00000000
[W] 0100049c 1 02 0000000e
[W] 010004a0 1 00 00000000
[W] 010004a4 1 01 00000001
[W] 010004a8 1 00 00000000
[W] 010004ac 1 1e 00004000
[W] 010004b0 1 04 00000002
[W] 010004b4 1 05 00000002
[W] 010004b8 0 00 0100049c
[W] 010004bc 1 1d 00004000
[W] 010004c0 1 03 00000026
[W] 010004c4 0 00 01000550
[W] 010004c8 1 04 00000000
[W] 010004cc 1 02 0000001f
[W] 010004d0 1 00 00000000
[W] 010004d4 1 00 00000000
[W] 010004d8 1 01 00000001
[W] 010004dc 1 1e 80000000
[W] 010004e0 1 04 00000001
[W] 010004e4 1 05 00000002
[W] 010004e8 0 00 010004cc
[W] 010004ec 1 00 00000000
[W] 00000000 1 00 00000000
[W] 010004cc 1 02 0000001f
[W] 010004d0 1 00 00000000
[W] 010004d4 1 00 00000000
[W] 010004d8 1 01 00000001
[W] 010004dc 1 1e 80000000
[W] 010004e0 1 04 00000002
[W] 010004e4 1 05 00000002
[W] 010004e8 0 00 010004cc
[W] 010004ec 1 1d 80000000
[W] 010004f0 1 03 00000027
[W] 010004f4 0 00 01000550
[W] 010004f8 1 01 0000000f
[W] 010004fc 1 02 00000000
[W] 01000500 1 1d 00000000
[W] 01000504 1 03 00000028
[W] 01000508 1 00 0000001f
[W] 01000508 1 00 00000000
[W] 01000508 0 00 01000550
[W] 0100050c 1 01 00000020
[W] 01000510 1 02 00000020
[W] 01000514 1 1d 00000020
[W] 01000518 1 03 00000029
[W] 0100051c 1 00 00000000
[W] 0100051c 1 00 00000020
[W] 0100051c 0 00 01000550
[W] 01000520 1 01 00000000
[W] 01000524 1 1d 00000000
[W] 01000528 1 03 0000002a
[W] 0100052c 1 00 00000020
[W] 0100052c 1 00 00000000
[W] 0100052c 0 00 01000550
[W] 01000530 1 01 00000400
[W] 01000534 1 02 00001000
[W] 01000538 1 02 00000800
[W] 0100053c 1 00 00000000
[W] 0100053c 1 00 00000400
[W] 01000540 1 1d 00000000
[W] 01000544 1 03 0000002b
[W] 01000548 0 00 01000550
[W] 0100054c 0 00 01000564
[W] 01000550 1 00 00000000
[W] 00000000 1 00 00000000
[W] 01000564 1 00 00000000
[W] 01000568 1 03 00000001
[W] 0100056c 0 00 00000000
