[W] 00000000 0 00 00000000
[W] 00000000 0 00 00000000
[W] 00000000 0 00 00000000
[W] 00000000 0 00 00000000
[W] 01000000 1 01 80000000
[W] 01000004 1 1e 80000000
[W] 01000008 1 1d 80000000
[W] 0100000c 1 03 00000002
[W] 01000010 1 00 00000000
[W] 01000010 1 00 80000000
[W] 01000010 0 00 010002a0
[W] 01000014 1 01 80000000
[W] 01000018 1 1e 40000000
[W] 0100001c 1 1d 40000000
[W] 01000020 1 03 00000003
[W] 01000024 1 00 80000000
[W] 01000024 1 00 40000000
[W] 01000024 0 00 010002a0
[W] 01000028 1 01 80000000
[W] 0100002c 1 1e 01000000
[W] 01000030 1 1d 01000000
[W] 01000034 1 03 00000004
[W] 01000038 1 00 40000000
[W] 01000038 1 00 01000000
[W] 01000038 0 00 010002a0
[W] 0100003c 1 01 80000000
[W] 01000040 1 1e 00020000
[W] 01000044 1 1d 00020000
[W] 01000048 1 03 00000005
[W] 0100004c 1 00 01000000
[W] 0100004c 1 00 00020000
[W] 0100004c 0 00 010002a0
[W] 01000050 1 01 80000000
[W] 01000054 1 01 80000001
[W] 01000058 1 1e 00000001
[W] 0100005c 1 1d 00000001
[W] 01000060 1 03 00000006
[W] 01000064 1 00 00020000
[W] 01000064 1 00 00000001
[W] 01000064 0 00 010002a0
[W] 01000068 1 01 ffffffff
[W] 0100006c 1 1e ffffffff
[W] 01000070 1 1d ffffffff
[W] 01000074 1 03 00000007
[W] 01000078 1 00 00000001
[W] 01000078 1 00 ffffffff
[W] 01000078 0 00 010002a0
[W] 0100007c 1 01 ffffffff
[W] 01000080 1 1e 7fffffff
[W] 01000084 1 1d 80000000
[W] 01000088 1 1d 7fffffff
[W] 0100008c 1 03 00000008
[W] 01000090 0 00 010002a0
[W] 01000094 1 01 ffffffff
[W] 01000098 1 1e 01ffffff
[W] 0100009c 1 1d 02000000
[W] 010000a0 1 1d 01ffffff
[W] 010000a4 1 03 00000009
[W] 010000a8 0 00 010002a0
[W] 010000ac 1 01 ffffffff
[W] 010000b0 1 1e 0003ffff
[W] 010000b4 1 1d 00040000
[W] 010000b8 1 1d 0003ffff
[W] 010000bc 1 03 0000000a
[W] 010000c0 0 00 010002a0
[W] 010000c4 1 01 ffffffff
[W] 010000c8 1 1e 00000001
[W] 010000cc 1 1d 00000001
[W] 010000d0 1 03 0000000b
[W] 010000d4 1 00 0003ffff
[W] 010000d4 1 00 00000001
[W] 010000d4 0 00 010002a0
[W] 010000d8 1 01 21212000
[W] 010000dc 1 01 21212121
[W] 010000e0 1 1e 21212121
[W] 010000e4 1 1d 21212000
[W] 010000e8 1 1d 21212121
[W] 010000ec 1 03 0000000c
[W] 010000f0 0 00 010002a0
[W] 010000f4 1 01 21212000
[W] 010000f8 1 01 21212121
[W] 010000fc 1 1e 10909090
[W] 01000100 1 1d 10909000
[W] 01000104 1 1d 10909090
[W] 01000108 1 03 0000000d
[W] 0100010c 0 00 010002a0
[W] 01000110 1 01 21212000
[W] 01000114 1 01 21212121
[W] 01000118 1 1e 00424242
[W] 0100011c 1 1d 00424000
[W] 01000120 1 1d 00424242
[W] 01000124 1 03 0000000e
[W] 01000128 0 00 010002a0
[W] 0100012c 1 01 21212000
[W] 01000130 1 01 21212121
[W] 01000134 1 1e 00008484
[W] 01000138 1 1d 00008000
[W] 0100013c 1 1d 00008484
[W] 01000140 1 03 0000000f
[W] 01000144 0 00 010002a0
[W] 01000148 1 01 21212000
[W] 0100014c 1 01 21212121
[W] 01000150 1 1e 00000000
[W] 01000154 1 1d 00000000
[W] 01000158 1 03 00000010
[W] 0100015c 1 00 00008484
[W] 0100015c 1 00 00000000
[W] 0100015c 0 00 010002a0
[W] 01000160 1 01 80000000
[W] 01000164 1 01 01000000
[W] 01000168 1 1d 01000000
[W] 0100016c 1 03 00000011
[W] 01000170 1 00 80000000
[W] 01000170 1 00 01000000
[W] 01000170 0 00 010002a0
[W] 01000174 1 04 00000000
[W] 01000178 1 01 80000000
[W] 0100017c 1 1e 01000000
[W] 01000180 1 06 01000000
[W] 01000184 1 04 00000001
[W] 01000188 1 05 00000002
[W] 0100018c 0 00 01000178
[W] 01000190 1 00 00000000
[W] 00000000 1 00 00000000
[W] 01000178 1 01 80000000
[W] 0100017c 1 1e 01000000
[W] 01000180 1 06 01000000
[W] 01000184 1 04 00000002
[W] 01000188 1 05 00000002
[W] 0100018c 0 00 01000178
[W] 01000190 1 1d 01000000
[W] 01000194 1 03 00000012
[W] 01000198 0 00 010002a0
[W] 0100019c 1 04 00000000
[W] 010001a0 1 01 80000000
[W] 010001a4 1 1e 00020000
[W] 010001a8 1 00 00000000
[W] 010001ac 1 06 00020000
[W] 010001b0 1 04 00000001
[W] 010001b4 1 05 00000002
[W] 010001b8 0 00 010001a0
[W] 010001bc 1 00 00000000
[W] 00000000 1 00 00000000
[W] 010001a0 1 01 80000000
[W] 010001a4 1 1e 00020000
[W] 010001a8 1 00 00000000
[W] 010001ac 1 06 00020000
[W] 010001b0 1 04 00000002
[W] 010001b4 1 05 00000002
[W] 010001b8 0 00 010001a0
[W] 010001bc 1 1d 00020000
[W] 010001c0 1 03 00000013
[W] 010001c4 0 00 010002a0
[W] 010001c8 1 04 00000000
[W] 010001cc 1 01 80000000
[W] 010001d0 1 01 80000001
[W] 010001d4 1 1e 00000001
[W] 010001d8 1 00 00000000
[W] 010001dc 1 00 00000000
[W] 010001e0 1 00 00020000
[W] 010001e0 1 06 00000001
[W] 010001e4 1 04 00000001
[W] 010001e8 1 05 00000002
[W] 010001ec 0 00 010001cc
[W] 010001f0 1 00 00000000
[W] 00000000 1 00 00000000
[W] 010001cc 1 01 80000000
[W] 010001d0 1 01 80000001
[W] 010001d4 1 1e 00000001
[W] 010001d8 1 00 00000000
[W] 010001dc 1 00 00000000
[W] 010001e0 1 00 00000001
[W] 010001e0 1 06 00000001
[W] 010001e4 1 04 00000002
[W] 010001e8 1 05 00000002
[W] 010001ec 0 00 010001cc
[W] 010001f0 1 1d 00000001
[W] 010001f4 1 03 00000014
[W] 010001f8 0 00 010002a0
[W] 010001fc 1 04 00000000
[W] 01000200 1 01 80000000
[W] 01000204 1 1e 01000000
[W] 01000208 1 00 00000002
[W] 01000208 1 04 00000001
[W] 0100020c 1 05 00000002
[W] 01000210 0 00 01000200
[W] 01000214 1 00 00000000
[W] 00000000 1 00 00000000
[W] 01000200 1 01 80000000
[W] 01000204 1 1e 01000000
[W] 01000208 1 04 00000002
[W] 0100020c 1 05 00000002
[W] 01000210 0 00 01000200
[W] 01000214 1 1d 01000000
[W] 01000218 1 03 00000015
[W] 0100021c 0 00 010002a0
[W] 01000220 1 04 00000000
[W] 01000224 1 01 80000000
[W] 01000228 1 00 00000000
[W] 0100022c 1 1e 00020000
[W] 01000230 1 04 00000001
[W] 01000234 1 05 00000002
[W] 01000238 0 00 01000224
[W] 0100023c 1 00 00000000
[W] 00000000 1 00 00000000
[W] 01000224 1 01 80000000
[W] 01000228 1 00 00000000
[W] 0100022c 1 1e 00020000
[W] 01000230 1 04 00000002
[W] 01000234 1 05 00000002
[W] 01000238 0 00 01000224
[W] 0100023c 1 1d 00020000
[W] 01000240 1 03 00000016
[W] 01000244 0 00 010002a0
[W] 01000248 1 04 00000000
[W] 0100024c 1 01 80000000
[W] 01000250 1 01 80000001
[W] 01000254 1 00 00000000
[W] 01000258 1 00 00000000
[W] 0100025c 1 00 80000000
[W] 0100025c 1 1e 00000001
[W] 01000260 1 04 00000001
[W] 01000264 1 05 00000002
[W] 01000268 0 00 0100024c
[W] 0100026c 1 00 00000000
[W] 00000000 1 00 00000000
[W] 0100024c 1 01 80000000
[W] 01000250 1 01 80000001
[W] 01000254 1 00 00000000
[W] 01000258 1 00 00000000
[W] 0100025c 1 00 80000000
[W] 0100025c 1 1e 00000001
[W] 01000260 1 04 00000002
[W] 01000264 1 05 00000002
[W] 01000268 0 00 0100024c
[W] 0100026c 1 1d 00000001
[W] 01000270 1 03 00000017
[W] 01000274 0 00 010002a0
[W] 01000278 1 01 00000000
[W] 0100027c 1 1d 00000000
[W] 01000280 1 03 00000018
[W] 01000284 1 00 80000001
[W] 01000284 1 00 00000000
[W] 01000284 0 00 010002a0
[W] 01000288 1 01 00000021
[W] 0100028c 1 00 00000000
[W] 01000290 1 1d 00000000
[W] 01000294 1 03 00000019
[W] 01000298 0 00 010002a0
[W] 0100029c 0 00 010002b4
[W] 010002a0 1 00 00000000
[W] 00000000 1 00 00000000
[W] 010002b4 1 00 00000000
[W] 010002b8 1 03 00000001
[W] 010002bc 0 00 00000000
