[W] 00000000 0 00 00000000
[W] 00000000 0 00 00000000
[W] 00000000 0 00 00000000
[W] 00000000 0 00 00000000
[W] 01000000 1 02 01000fe0
[W] 01000004 0 00 01000ffc
[W] 01000008 1 0f 00000003
[W] 0100000c 1 00 01001000
[W] 0100000c 0 00 01000fec
[W] 01000010 1 0f 00000002
[W] 01000014 0 00 01000fe8
[W] 01000018 0 00 01000fe4
[W] 0100001c 1 0e 00000003
[W] 01000020 1 0f 00000004
[W] 01000024 0 00 0100003c
[W] 01000028 1 0e 00000003
[W] 0100002c 1 0f 00000002
[W] 01000030 1 00 00000003
[W] 01000030 1 00 00000003
[W] 01000030 1 00 00000003
[W] 01000030 1 0f 00000005
[W] 01000034 0 00 01000fec
[W] 01000038 1 00 0100003c
[W] 0100003c 1 00 01000fe0
[W] 00000000 1 00 00000000
[W] 0100004c 1 0e 00000005
[W] 01000050 1 0f 00000002
[W] 01000054 1 00 00000003
[W] 01000054 1 00 00000003
[W] 01000054 1 00 00000005
[W] 01000054 1 0f 00000007
[W] 01000058 0 00 01000fe4
[W] 0100005c 1 0a 00000007
[W] 01000060 1 01 01000064
[W] 01000064 1 00 00000000
[W] 00000000 1 00 00000000
[W] 01000078 1 02 01000fc0
[W] 0100007c 0 00 01000fdc
[W] 01000080 0 00 01000fcc
[W] 01000084 1 00 01000fe0
[W] 01000084 1 0e 00000007
[W] 01000088 1 0f 00000007
[W] 0100008c 0 00 0100009c
[W] 01000090 1 01 01000094
[W] 01000094 1 00 00000007
[W] 00000000 1 00 00000000
[W] 010000b4 1 0f 00000001
[W] 010000b8 1 0a 00000001
[W] 010000bc 1 00 010000c0
[W] 010000c0 1 00 00000000
[W] 00000000 1 00 00000000
[W] 01000094 1 0f 00000001
[W] 01000098 1 00 0100009c
[W] 0100009c 1 00 00000000
[W] 00000000 1 00 00000000
[W] 010000a4 1 0a 00000001
[W] 010000a8 1 01 01000064
[W] 010000ac 1 02 01000fe0
[W] 010000b0 1 00 010000b4
[W] 010000b4 1 00 00000000
[W] 00000000 1 00 00000000
[W] 01000064 1 0f 00000001
[W] 01000068 1 0a 00000001
[W] 0100006c 1 01 00000000
[W] 01000070 1 02 01001000
[W] 01000074 1 00 01000078
