[W] 00000000 0 00 00000000
[W] 00000000 0 00 00000000
[W] 00000000 0 00 00000000
[W] 00000000 0 00 00000000
[W] 01000000 1 02 01000fc0
[W] 01000004 0 00 01000ffc
[W] 01000008 0 00 01000fec
[W] 0100000c 1 00 01001000
[W] 0100000c 0 00 01000fe8
[W] 01000010 0 00 01000fec
[W] 01000014 1 00 01000018
[W] 01000018 1 00 01000fc0
[W] 00000000 1 00 00000000
[W] 0100003c 1 0e 00000000
[W] 01000040 1 0f 00000009
[W] 01000044 0 00 01000018
[W] 01000048 1 00 01000fc0
[W] 00000000 1 00 00000000
[W] 01000018 1 0f 00000000
[W] 0100001c 1 00 00000009
[W] 0100001c 1 0f 00000000
[W] 01000020 1 0e 01000ff0
[W] 01000024 1 0f 01000ff0
[W] 01000028 1 0e 00000000
[W] 0100002c 0 00 01000fc0
[W] 01000030 1 0f 00000000
[W] 01000034 1 00 01000ff0
[W] 01000034 1 0f 00000001
[W] 01000038 0 00 01000fec
[W] 0100003c 1 0e 00000001
[W] 01000040 1 0f 00000009
[W] 01000044 0 00 01000018
[W] 01000048 1 00 01000fc0
[W] 00000000 1 00 00000000
[W] 01000018 1 0f 00000001
[W] 0100001c 1 00 00000009
[W] 0100001c 1 0f 00000004
[W] 01000020 1 0e 01000ff0
[W] 01000024 1 0f 01000ff4
[W] 01000028 1 0e 00000001
[W] 0100002c 0 00 01000fc4
[W] 01000030 1 0f 00000001
[W] 01000034 1 00 01000ff4
[W] 01000034 1 0f 00000002
[W] 01000038 0 00 01000fec
[W] 0100003c 1 0e 00000002
[W] 01000040 1 0f 00000009
[W] 01000044 0 00 01000018
[W] 01000048 1 00 01000fc0
[W] 00000000 1 00 00000000
[W] 01000018 1 0f 00000002
[W] 0100001c 1 00 00000009
[W] 0100001c 1 0f 00000008
[W] 01000020 1 0e 01000ff0
[W] 01000024 1 0f 01000ff8
[W] 01000028 1 0e 00000002
[W] 0100002c 0 00 01000fc8
[W] 01000030 1 0f 00000002
[W] 01000034 1 00 01000ff8
[W] 01000034 1 0f 00000003
[W] 01000038 0 00 01000fec
[W] 0100003c 1 0e 00000003
[W] 01000040 1 0f 00000009
[W] 01000044 0 00 01000018
[W] 01000048 1 00 01000fc0
[W] 00000000 1 00 00000000
[W] 01000018 1 0f 00000003
[W] 0100001c 1 00 00000009
[W] 0100001c 1 0f 0000000c
[W] 01000020 1 0e 01000ff0
[W] 01000024 1 0f 01000ffc
[W] 01000028 1 0e 00000003
[W] 0100002c 0 00 01000fcc
[W] 01000030 1 0f 00000003
[W] 01000034 1 00 01000ffc
[W] 01000034 1 0f 00000004
[W] 01000038 0 00 01000fec
[W] 0100003c 1 0e 00000004
[W] 01000040 1 0f 00000009
[W] 01000044 0 00 01000018
[W] 01000048 1 00 01000fc0
[W] 00000000 1 00 00000000
[W] 01000018 1 0f 00000004
[W] 0100001c 1 00 00000009
[W] 0100001c 1 0f 00000010
[W] 01000020 1 0e 01000ff0
[W] 01000024 1 0f 01001000
[W] 01000028 1 0e 00000004
[W] 0100002c 0 00 01000fd0
[W] 01000030 1 0f 00000004
[W] 01000034 1 00 01001000
[W] 01000034 1 0f 00000005
[W] 01000038 0 00 01000fec
[W] 0100003c 1 0e 00000005
[W] 01000040 1 0f 00000009
[W] 01000044 0 00 01000018
[W] 01000048 1 00 01000fc0
[W] 00000000 1 00 00000000
[W] 01000018 1 0f 00000005
[W] 0100001c 1 00 00000009
[W] 0100001c 1 0f 00000014
[W] 01000020 1 0e 01000ff0
[W] 01000024 1 0f 01001004
[W] 01000028 1 0e 00000005
[W] 0100002c 0 00 01000fd4
[W] 01000030 1 0f 00000005
[W] 01000034 1 00 01001004
[W] 01000034 1 0f 00000006
[W] 01000038 0 00 01000fec
[W] 0100003c 1 0e 00000006
[W] 01000040 1 0f 00000009
[W] 01000044 0 00 01000018
[W] 01000048 1 00 01000fc0
[W] 00000000 1 00 00000000
[W] 01000018 1 0f 00000006
[W] 0100001c 1 00 00000009
[W] 0100001c 1 0f 00000018
[W] 01000020 1 0e 01000ff0
[W] 01000024 1 0f 01001008
[W] 01000028 1 0e 00000006
[W] 0100002c 0 00 01000fd8
[W] 01000030 1 0f 00000006
[W] 01000034 1 00 01001008
[W] 01000034 1 0f 00000007
[W] 01000038 0 00 01000fec
[W] 0100003c 1 0e 00000007
[W] 01000040 1 0f 00000009
[W] 01000044 0 00 01000018
[W] 01000048 1 00 01000fc0
[W] 00000000 1 00 00000000
[W] 01000018 1 0f 00000007
[W] 0100001c 1 00 00000009
[W] 0100001c 1 0f 0000001c
[W] 01000020 1 0e 01000ff0
[W] 01000024 1 0f 0100100c
[W] 01000028 1 0e 00000007
[W] 0100002c 0 00 01000fdc
[W] 01000030 1 0f 00000007
[W] 01000034 1 00 0100100c
[W] 01000034 1 0f 00000008
[W] 01000038 0 00 01000fec
[W] 0100003c 1 0e 00000008
[W] 01000040 1 0f 00000009
[W] 01000044 0 00 01000018
[W] 01000048 1 00 01000fc0
[W] 00000000 1 00 00000000
[W] 01000018 1 0f 00000008
[W] 0100001c 1 00 00000009
[W] 0100001c 1 0f 00000020
[W] 01000020 1 0e 01000ff0
[W] 01000024 1 0f 01001010
[W] 01000028 1 0e 00000008
[W] 0100002c 0 00 01000fe0
[W] 01000030 1 0f 00000008
[W] 01000034 1 00 01001010
[W] 01000034 1 0f 00000009
[W] 01000038 0 00 01000fec
[W] 0100003c 1 0e 00000009
[W] 01000040 1 0f 00000009
[W] 01000044 0 00 01000018
[W] 01000048 1 00 01000fc0
[W] 00000000 1 00 00000000
[W] 01000018 1 0f 00000009
[W] 0100001c 1 00 00000009
[W] 0100001c 1 0f 00000024
[W] 01000020 1 0e 01000ff0
[W] 01000024 1 0f 01001014
[W] 01000028 1 0e 00000009
[W] 0100002c 0 00 01000fe4
[W] 01000030 1 0f 00000009
[W] 01000034 1 00 01001014
[W] 01000034 1 0f 0000000a
[W] 01000038 0 00 01000fec
[W] 0100003c 1 0e 0000000a
[W] 01000040 1 0f 00000009
[W] 01000044 0 00 01000018
[W] 01000048 0 00 01000fec
[W] 0100004c 1 00 01000050
[W] 01000050 1 00 01000fc0
[W] 00000000 1 00 00000000
[W] 0100007c 1 0e 00000000
[W] 01000080 1 0f 00000009
[W] 01000084 0 00 01000050
[W] 01000088 1 00 01000fc0
[W] 00000000 1 00 00000000
[W] 01000050 1 0f 00000000
[W] 01000054 1 00 00000009
[W] 01000054 1 0f 00000000
[W] 01000058 1 0e 01000ff0
[W] 0100005c 1 0f 01000ff0
[W] 01000060 1 0f 00000000
[W] 01000064 1 0e 00000000
[W] 01000068 1 00 01000ff0
[W] 01000068 1 00 01000ff0
[W] 01000068 1 00 01000ff0
[W] 01000068 1 0f 00000000
[W] 0100006c 0 00 01000fe8
[W] 01000070 1 0f 00000000
[W] 01000074 1 00 00000000
[W] 01000074 1 0f 00000001
[W] 01000078 0 00 01000fec
[W] 0100007c 1 0e 00000001
[W] 01000080 1 0f 00000009
[W] 01000084 0 00 01000050
[W] 01000088 1 00 01000fc0
[W] 00000000 1 00 00000000
[W] 01000050 1 0f 00000001
[W] 01000054 1 00 00000009
[W] 01000054 1 0f 00000004
[W] 01000058 1 0e 01000ff0
[W] 0100005c 1 0f 01000ff4
[W] 01000060 1 0f 00000001
[W] 01000064 1 0e 00000000
[W] 01000068 1 00 01000ff0
[W] 01000068 1 00 01000ff0
[W] 01000068 1 00 01000ff0
[W] 01000068 1 0f 00000001
[W] 0100006c 0 00 01000fe8
[W] 01000070 1 0f 00000001
[W] 01000074 1 00 00000001
[W] 01000074 1 0f 00000002
[W] 01000078 0 00 01000fec
[W] 0100007c 1 0e 00000002
[W] 01000080 1 0f 00000009
[W] 01000084 0 00 01000050
[W] 01000088 1 00 01000fc0
[W] 00000000 1 00 00000000
[W] 01000050 1 0f 00000002
[W] 01000054 1 00 00000009
[W] 01000054 1 0f 00000008
[W] 01000058 1 0e 01000ff0
[W] 0100005c 1 0f 01000ff8
[W] 01000060 1 0f 00000002
[W] 01000064 1 0e 00000001
[W] 01000068 1 00 01000ff0
[W] 01000068 1 00 01000ff0
[W] 01000068 1 00 01000ff0
[W] 01000068 1 0f 00000003
[W] 0100006c 0 00 01000fe8
[W] 01000070 1 0f 00000002
[W] 01000074 1 00 00000002
[W] 01000074 1 0f 00000003
[W] 01000078 0 00 01000fec
[W] 0100007c 1 0e 00000003
[W] 01000080 1 0f 00000009
[W] 01000084 0 00 01000050
[W] 01000088 1 00 01000fc0
[W] 00000000 1 00 00000000
[W] 01000050 1 0f 00000003
[W] 01000054 1 00 00000009
[W] 01000054 1 0f 0000000c
[W] 01000058 1 0e 01000ff0
[W] 0100005c 1 0f 01000ffc
[W] 01000060 1 0f 00000003
[W] 01000064 1 0e 00000003
[W] 01000068 1 00 01000ff0
[W] 01000068 1 00 01000ff0
[W] 01000068 1 00 01000ff0
[W] 01000068 1 0f 00000006
[W] 0100006c 0 00 01000fe8
[W] 01000070 1 0f 00000003
[W] 01000074 1 00 00000003
[W] 01000074 1 0f 00000004
[W] 01000078 0 00 01000fec
[W] 0100007c 1 0e 00000004
[W] 01000080 1 0f 00000009
[W] 01000084 0 00 01000050
[W] 01000088 1 00 01000fc0
[W] 00000000 1 00 00000000
[W] 01000050 1 0f 00000004
[W] 01000054 1 00 00000009
[W] 01000054 1 0f 00000010
[W] 01000058 1 0e 01000ff0
[W] 0100005c 1 0f 01001000
[W] 01000060 1 0f 00000004
[W] 01000064 1 0e 00000006
[W] 01000068 1 00 01000ff0
[W] 01000068 1 00 01000ff0
[W] 01000068 1 00 01000ff0
[W] 01000068 1 0f 0000000a
[W] 0100006c 0 00 01000fe8
[W] 01000070 1 0f 00000004
[W] 01000074 1 00 00000004
[W] 01000074 1 0f 00000005
[W] 01000078 0 00 01000fec
[W] 0100007c 1 0e 00000005
[W] 01000080 1 0f 00000009
[W] 01000084 0 00 01000050
[W] 01000088 1 00 01000fc0
[W] 00000000 1 00 00000000
[W] 01000050 1 0f 00000005
[W] 01000054 1 00 00000009
[W] 01000054 1 0f 00000014
[W] 01000058 1 0e 01000ff0
[W] 0100005c 1 0f 01001004
[W] 01000060 1 0f 00000005
[W] 01000064 1 0e 0000000a
[W] 01000068 1 00 01000ff0
[W] 01000068 1 00 01000ff0
[W] 01000068 1 00 01000ff0
[W] 01000068 1 0f 0000000f
[W] 0100006c 0 00 01000fe8
[W] 01000070 1 0f 00000005
[W] 01000074 1 00 00000005
[W] 01000074 1 0f 00000006
[W] 01000078 0 00 01000fec
[W] 0100007c 1 0e 00000006
[W] 01000080 1 0f 00000009
[W] 01000084 0 00 01000050
[W] 01000088 1 00 01000fc0
[W] 00000000 1 00 00000000
[W] 01000050 1 0f 00000006
[W] 01000054 1 00 00000009
[W] 01000054 1 0f 00000018
[W] 01000058 1 0e 01000ff0
[W] 0100005c 1 0f 01001008
[W] 01000060 1 0f 00000006
[W] 01000064 1 0e 0000000f
[W] 01000068 1 00 01000ff0
[W] 01000068 1 00 01000ff0
[W] 01000068 1 00 01000ff0
[W] 01000068 1 0f 00000015
[W] 0100006c 0 00 01000fe8
[W] 01000070 1 0f 00000006
[W] 01000074 1 00 00000006
[W] 01000074 1 0f 00000007
[W] 01000078 0 00 01000fec
[W] 0100007c 1 0e 00000007
[W] 01000080 1 0f 00000009
[W] 01000084 0 00 01000050
[W] 01000088 1 00 01000fc0
[W] 00000000 1 00 00000000
[W] 01000050 1 0f 00000007
[W] 01000054 1 00 00000009
[W] 01000054 1 0f 0000001c
[W] 01000058 1 0e 01000ff0
[W] 0100005c 1 0f 0100100c
[W] 01000060 1 0f 00000007
[W] 01000064 1 0e 00000015
[W] 01000068 1 00 01000ff0
[W] 01000068 1 00 01000ff0
[W] 01000068 1 00 01000ff0
[W] 01000068 1 0f 0000001c
[W] 0100006c 0 00 01000fe8
[W] 01000070 1 0f 00000007
[W] 01000074 1 00 00000007
[W] 01000074 1 0f 00000008
[W] 01000078 0 00 01000fec
[W] 0100007c 1 0e 00000008
[W] 01000080 1 0f 00000009
[W] 01000084 0 00 01000050
[W] 01000088 1 00 01000fc0
[W] 00000000 1 00 00000000
[W] 01000050 1 0f 00000008
[W] 01000054 1 00 00000009
[W] 01000054 1 0f 00000020
[W] 01000058 1 0e 01000ff0
[W] 0100005c 1 0f 01001010
[W] 01000060 1 0f 00000008
[W] 01000064 1 0e 0000001c
[W] 01000068 1 00 01000ff0
[W] 01000068 1 00 01000ff0
[W] 01000068 1 00 01000ff0
[W] 01000068 1 0f 00000024
[W] 0100006c 0 00 01000fe8
[W] 01000070 1 0f 00000008
[W] 01000074 1 00 00000008
[W] 01000074 1 0f 00000009
[W] 01000078 0 00 01000fec
[W] 0100007c 1 0e 00000009
[W] 01000080 1 0f 00000009
[W] 01000084 0 00 01000050
[W] 01000088 1 00 01000fc0
[W] 00000000 1 00 00000000
[W] 01000050 1 0f 00000009
[W] 01000054 1 00 00000009
[W] 01000054 1 0f 00000024
[W] 01000058 1 0e 01000ff0
[W] 0100005c 1 0f 01001014
[W] 01000060 1 0f 00000009
[W] 01000064 1 0e 00000024
[W] 01000068 1 00 01000ff0
[W] 01000068 1 00 01000ff0
[W] 01000068 1 00 01000ff0
[W] 01000068 1 0f 0000002d
[W] 0100006c 0 00 01000fe8
[W] 01000070 1 0f 00000009
[W] 01000074 1 00 00000009
[W] 01000074 1 0f 0000000a
[W] 01000078 0 00 01000fec
[W] 0100007c 1 0e 0000000a
[W] 01000080 1 0f 00000009
[W] 01000084 0 00 01000050
[W] 01000088 1 0a 0000002d
[W] 0100008c 1 01 01000090
[W] 01000090 1 00 00000000
[W] 00000000 1 00 00000000
[W] 010000a4 1 02 01000fa0
[W] 010000a8 0 00 01000fbc
[W] 010000ac 0 00 01000fac
[W] 010000b0 1 00 01000fc0
[W] 010000b0 1 0e 0000002d
[W] 010000b4 1 0f 0000002d
[W] 010000b8 0 00 010000c8
[W] 010000bc 1 01 010000c0
[W] 010000c0 1 00 0000002d
[W] 00000000 1 00 00000000
[W] 010000e0 1 0f 00000001
[W] 010000e4 1 0a 00000001
[W] 010000e8 1 00 010000ec
[W] 010000ec 1 00 00000000
[W] 00000000 1 00 00000000
[W] 010000c0 1 0f 00000001
[W] 010000c4 1 00 010000c8
[W] 010000c8 1 00 00000000
[W] 00000000 1 00 00000000
[W] 010000d0 1 0a 00000001
[W] 010000d4 1 01 01000090
[W] 010000d8 1 02 01000fc0
[W] 010000dc 1 00 010000e0
[W] 010000e0 1 00 00000000
[W] 00000000 1 00 00000000
[W] 01000090 1 0f 00000001
[W] 01000094 1 0a 00000001
[W] 01000098 1 01 00000000
[W] 0100009c 1 02 01001000
[W] 010000a0 1 00 010000a4
