[W] 00000000 0 00 00000000
[W] 00000000 0 00 00000000
[W] 00000000 0 00 00000000
[W] 00000000 0 00 00000000
[W] 01000000 1 02 01000fe0
[W] 01000004 0 00 01000ffc
[W] 01000008 1 0f 00000005
[W] 0100000c 1 00 01001000
[W] 0100000c 0 00 01000fe4
[W] 01000010 1 0f 00000009
[W] 01000014 0 00 01000fe0
[W] 01000018 1 0f 01000fe4
[W] 0100001c 0 00 01000fec
[W] 01000020 1 0f 01000fe0
[W] 01000024 0 00 01000fe8
[W] 01000028 1 0b 01000fe0
[W] 0100002c 1 0a 01000fe4
[W] 01000030 1 01 01000034
[W] 01000034 1 00 01000fe0
[W] 00000000 1 00 00000000
[W] 01000074 1 02 01000fc0
[W] 01000078 0 00 01000fcc
[W] 0100007c 0 00 01000fc8
[W] 01000080 1 00 01000fe0
[W] 01000080 1 0f 01000fe4
[W] 01000084 1 00 01000fe0
[W] 01000084 1 0f 00000005
[W] 01000088 0 00 01000fdc
[W] 0100008c 1 0f 01000fe0
[W] 01000090 1 00 01000fe4
[W] 01000090 1 0e 00000009
[W] 01000094 1 0f 01000fe4
[W] 01000098 1 00 01000fe0
[W] 01000098 1 00 01000fe0
[W] 01000098 1 00 01000fe0
[W] 01000098 0 00 01000fe4
[W] 0100009c 1 0f 01000fe0
[W] 010000a0 1 0e 00000005
[W] 010000a4 0 00 01000fe0
[W] 010000a8 1 00 00000000
[W] 010000ac 1 02 01000fe0
[W] 010000b0 1 00 010000b4
[W] 010000b4 1 00 01000fc0
[W] 00000000 1 00 00000000
[W] 01000034 1 0f 01000fe4
[W] 01000038 1 00 01000fe0
[W] 01000038 1 0f 00000009
[W] 0100003c 0 00 01000fe4
[W] 01000040 1 0f 01000fe0
[W] 01000044 1 00 01000fe4
[W] 01000044 1 0f 00000005
[W] 01000048 0 00 01000fe0
[W] 0100004c 1 0e 00000009
[W] 01000050 1 0f 00000005
[W] 01000054 1 00 00000005
[W] 01000054 1 00 00000005
[W] 01000054 1 00 00000009
[W] 01000054 1 0f 0000000e
[W] 01000058 1 0a 0000000e
[W] 0100005c 1 01 01000060
[W] 01000060 1 00 01000fe4
[W] 00000000 1 00 00000000
[W] 010000b4 1 02 01000fc0
[W] 010000b8 0 00 01000fdc
[W] 010000bc 0 00 01000fcc
[W] 010000c0 1 00 01000fe0
[W] 010000c0 1 0e 0000000e
[W] 010000c4 1 0f 0000000e
[W] 010000c8 0 00 010000d8
[W] 010000cc 1 01 010000d0
[W] 010000d0 1 00 0000000e
[W] 00000000 1 00 00000000
[W] 010000f0 1 0f 00000001
[W] 010000f4 1 0a 00000001
[W] 010000f8 1 00 010000fc
[W] 010000fc 1 00 00000000
[W] 00000000 1 00 00000000
[W] 010000d0 1 0f 00000001
[W] 010000d4 1 00 010000d8
[W] 010000d8 1 00 00000000
[W] 00000000 1 00 00000000
[W] 010000e0 1 0a 00000001
[W] 010000e4 1 01 01000060
[W] 010000e8 1 02 01000fe0
[W] 010000ec 1 00 010000f0
[W] 010000f0 1 00 00000000
[W] 00000000 1 00 00000000
[W] 01000060 1 0f 00000001
[W] 01000064 1 0a 00000001
[W] 01000068 1 01 00000000
[W] 0100006c 1 02 01001000
[W] 01000070 1 00 01000074
